Ackley EI 0
Ackley EI 1
Ackley EI 2
Ackley EI 3
Ackley EI 4
Ackley EI 5
Ackley EI 6
Ackley EI 7
Ackley EI 8
Ackley EI 9
Ackley EI 10
Ackley EI 11
Ackley EI 12
Ackley EI 13
Ackley EI 14
Ackley EI 15
Ackley EI 16
Ackley EI 17
Ackley EI 18
Ackley EI 19
Ackley EI 20
Ackley EI 21
Ackley EI 22
Ackley EI 23
Ackley EI 24
Ackley EI 25
Ackley EI 26
Ackley EI 27
Ackley EI 28
Ackley EI 29
Ackley LogEI 0
Ackley LogEI 1
Ackley LogEI 2
Ackley LogEI 3
Ackley LogEI 4
Ackley LogEI 5
Ackley LogEI 6
Ackley LogEI 7
Ackley LogEI 8
Ackley LogEI 9
Ackley LogEI 10
Ackley LogEI 11
Ackley LogEI 12
Ackley LogEI 13
Ackley LogEI 14
Ackley LogEI 15
Ackley LogEI 16
Ackley LogEI 17
Ackley LogEI 18
Ackley LogEI 19
Ackley LogEI 20
Ackley LogEI 21
Ackley LogEI 22
Ackley LogEI 23
Ackley LogEI 24
Ackley LogEI 25
Ackley LogEI 26
Ackley LogEI 27
Ackley LogEI 28
Ackley LogEI 29
Ackley qLogEI 0
Ackley qLogEI 1
Ackley qLogEI 2
Ackley qLogEI 3
Ackley qLogEI 4
Ackley qLogEI 5
Ackley qLogEI 6
Ackley qLogEI 7
Ackley qLogEI 8
Ackley qLogEI 9
Ackley qLogEI 10
Ackley qLogEI 11
Ackley qLogEI 12
Ackley qLogEI 13
Ackley qLogEI 14
Ackley qLogEI 15
Ackley qLogEI 16
Ackley qLogEI 17
Ackley qLogEI 18
Ackley qLogEI 19
Ackley qLogEI 20
Ackley qLogEI 21
Ackley qLogEI 22
Ackley qLogEI 23
Ackley qLogEI 24
Ackley qLogEI 25
Ackley qLogEI 26
Ackley qLogEI 27
Ackley qLogEI 28
Ackley qLogEI 29
Ackley EI-Custom 0
Ackley EI-Custom 1
Ackley EI-Custom 2
Ackley EI-Custom 3
Ackley EI-Custom 4
Ackley EI-Custom 5
Ackley EI-Custom 6
Ackley EI-Custom 7
Ackley EI-Custom 8
Ackley EI-Custom 9
Ackley EI-Custom 10
Ackley EI-Custom 11
Ackley EI-Custom 12
Ackley EI-Custom 13
Ackley EI-Custom 14
Ackley EI-Custom 15
Ackley EI-Custom 16
Ackley EI-Custom 17
Ackley EI-Custom 18
Ackley EI-Custom 19
Ackley EI-Custom 20
Ackley EI-Custom 21
Ackley EI-Custom 22
Ackley EI-Custom 23
Ackley EI-Custom 24
Ackley EI-Custom 25
Ackley EI-Custom 26
Ackley EI-Custom 27
Ackley EI-Custom 28
Ackley EI-Custom 29
Ackley EI-Custom 0
Ackley EI-Custom 1
Ackley EI-Custom 2
Ackley EI-Custom 3
Ackley EI-Custom 4
Ackley EI-Custom 5
Ackley EI-Custom 6
Ackley EI-Custom 7
Ackley EI-Custom 8
Ackley EI-Custom 9
Ackley EI-Custom 10
Ackley EI-Custom 11
Ackley EI-Custom 12
Ackley EI-Custom 13
Ackley EI-Custom 14
Ackley EI-Custom 15
Ackley EI-Custom 16
Ackley EI-Custom 17
Ackley EI-Custom 18
Ackley EI-Custom 19
Ackley EI-Custom 20
Ackley EI-Custom 21
Ackley EI-Custom 22
Ackley EI-Custom 23
Ackley EI-Custom 24
Ackley EI-Custom 25
Ackley EI-Custom 26
Ackley EI-Custom 27
Ackley EI-Custom 28
Ackley EI-Custom 29
Ackley EI-Custom 0
Ackley EI-Custom 1
Ackley EI-Custom 2
Ackley EI-Custom 3
Ackley EI-Custom 4
Ackley EI-Custom 5
Ackley EI-Custom 6
Ackley EI-Custom 7
Ackley EI-Custom 8
Ackley EI-Custom 9
Ackley EI-Custom 10
Ackley EI-Custom 11
Ackley EI-Custom 12
Ackley EI-Custom 13
Ackley EI-Custom 14
Ackley EI-Custom 15
Ackley EI-Custom 16
Ackley EI-Custom 17
Ackley EI-Custom 18
Ackley EI-Custom 19
Ackley EI-Custom 20
Ackley EI-Custom 21
Ackley EI-Custom 22
Ackley EI-Custom 23
Ackley EI-Custom 24
Ackley EI-Custom 25
Ackley EI-Custom 26
Ackley EI-Custom 27
Ackley EI-Custom 28
Ackley EI-Custom 29
Ackley EI-Custom 0
Ackley EI-Custom 1
Ackley EI-Custom 2
Ackley EI-Custom 3
Ackley EI-Custom 4
Ackley EI-Custom 5
Ackley EI-Custom 6
Ackley EI-Custom 7
Ackley EI-Custom 8
Ackley EI-Custom 9
Ackley EI-Custom 10
Ackley EI-Custom 11
Ackley EI-Custom 12
Ackley EI-Custom 13
Ackley EI-Custom 14
Ackley EI-Custom 15
Ackley EI-Custom 16
Ackley EI-Custom 17
Ackley EI-Custom 18
Ackley EI-Custom 19
Ackley EI-Custom 20
Ackley EI-Custom 21
Ackley EI-Custom 22
Ackley EI-Custom 23
Ackley EI-Custom 24
Ackley EI-Custom 25
Ackley EI-Custom 26
Ackley EI-Custom 27
Ackley EI-Custom 28
Ackley EI-Custom 29
Ackley EI-Custom 0
Ackley EI-Custom 1
Ackley EI-Custom 2
Ackley EI-Custom 3
Ackley EI-Custom 4
Ackley EI-Custom 5
Ackley EI-Custom 6
Ackley EI-Custom 7
Ackley EI-Custom 8
Ackley EI-Custom 9
Ackley EI-Custom 10
Ackley EI-Custom 11
Ackley EI-Custom 12
Ackley EI-Custom 13
Ackley EI-Custom 14
Ackley EI-Custom 15
Ackley EI-Custom 16
Ackley EI-Custom 17
Ackley EI-Custom 18
Ackley EI-Custom 19
Ackley EI-Custom 20
Ackley EI-Custom 21
Ackley EI-Custom 22
Ackley EI-Custom 23
Ackley EI-Custom 24
Ackley EI-Custom 25
Ackley EI-Custom 26
Ackley EI-Custom 27
Ackley EI-Custom 28
Ackley EI-Custom 29
Ackley EI-Custom 0
Ackley EI-Custom 1
Ackley EI-Custom 2
Ackley EI-Custom 3
Ackley EI-Custom 4
Ackley EI-Custom 5
Ackley EI-Custom 6
Ackley EI-Custom 7
Ackley EI-Custom 8
Ackley EI-Custom 9
Ackley EI-Custom 10
Ackley EI-Custom 11
Ackley EI-Custom 12
Ackley EI-Custom 13
Ackley EI-Custom 14
Ackley EI-Custom 15
Ackley EI-Custom 16
Ackley EI-Custom 17
Ackley EI-Custom 18
Ackley EI-Custom 19
Ackley EI-Custom 20
Ackley EI-Custom 21
Ackley EI-Custom 22
Ackley EI-Custom 23
Ackley EI-Custom 24
Ackley EI-Custom 25
Ackley EI-Custom 26
Ackley EI-Custom 27
Ackley EI-Custom 28
Ackley EI-Custom 29
Ackley EI-Custom 0
Ackley EI-Custom 1
Ackley EI-Custom 2
Ackley EI-Custom 3
Ackley EI-Custom 4
Ackley EI-Custom 5
Ackley EI-Custom 6
Ackley EI-Custom 7
Ackley EI-Custom 8
Ackley EI-Custom 9
Ackley EI-Custom 10
Ackley EI-Custom 11
Ackley EI-Custom 12
Ackley EI-Custom 13
Ackley EI-Custom 14
Ackley EI-Custom 15
Ackley EI-Custom 16
Ackley EI-Custom 17
Ackley EI-Custom 18
Ackley EI-Custom 19
Ackley EI-Custom 20
Ackley EI-Custom 21
Ackley EI-Custom 22
Ackley EI-Custom 23
Ackley EI-Custom 24
Ackley EI-Custom 25
Ackley EI-Custom 26
Ackley EI-Custom 27
Ackley EI-Custom 28
Ackley EI-Custom 29
Ackley EI-Custom 0
Ackley EI-Custom 1
Ackley EI-Custom 2
Ackley EI-Custom 3
Ackley EI-Custom 4
Ackley EI-Custom 5
Ackley EI-Custom 6
Ackley EI-Custom 7
Ackley EI-Custom 8
Ackley EI-Custom 9
Ackley EI-Custom 10
Ackley EI-Custom 11
Ackley EI-Custom 12
Ackley EI-Custom 13
Ackley EI-Custom 14
Ackley EI-Custom 15
Ackley EI-Custom 16
Ackley EI-Custom 17
Ackley EI-Custom 18
Ackley EI-Custom 19
Ackley EI-Custom 20
Ackley EI-Custom 21
Ackley EI-Custom 22
Ackley EI-Custom 23
Ackley EI-Custom 24
Ackley EI-Custom 25
Ackley EI-Custom 26
Ackley EI-Custom 27
Ackley EI-Custom 28
Ackley EI-Custom 29
Ackley EI-Custom 0
Ackley EI-Custom 1
Ackley EI-Custom 2
Ackley EI-Custom 3
Ackley EI-Custom 4
Ackley EI-Custom 5
Ackley EI-Custom 6
Ackley EI-Custom 7
Ackley EI-Custom 8
Ackley EI-Custom 9
Ackley EI-Custom 10
Ackley EI-Custom 11
Ackley EI-Custom 12
Ackley EI-Custom 13
Ackley EI-Custom 14
Ackley EI-Custom 15
Ackley EI-Custom 16
Ackley EI-Custom 17
Ackley EI-Custom 18
Ackley EI-Custom 19
Ackley EI-Custom 20
Ackley EI-Custom 21
Ackley EI-Custom 22
Ackley EI-Custom 23
Ackley EI-Custom 24
Ackley EI-Custom 25
Ackley EI-Custom 26
Ackley EI-Custom 27
Ackley EI-Custom 28
Ackley EI-Custom 29
DixonPrice EI 0
DixonPrice EI 1
DixonPrice EI 2
DixonPrice EI 3
DixonPrice EI 4
DixonPrice EI 5
DixonPrice EI 6
DixonPrice EI 7
DixonPrice EI 8
DixonPrice EI 9
DixonPrice EI 10
DixonPrice EI 11
DixonPrice EI 12
DixonPrice EI 13
DixonPrice EI 14
DixonPrice EI 15
DixonPrice EI 16
DixonPrice EI 17
DixonPrice EI 18
DixonPrice EI 19
DixonPrice EI 20
DixonPrice EI 21
DixonPrice EI 22
DixonPrice EI 23
DixonPrice EI 24
DixonPrice EI 25
DixonPrice EI 26
DixonPrice EI 27
DixonPrice EI 28
DixonPrice EI 29
DixonPrice LogEI 0
DixonPrice LogEI 1
DixonPrice LogEI 2
DixonPrice LogEI 3
DixonPrice LogEI 4
DixonPrice LogEI 5
DixonPrice LogEI 6
DixonPrice LogEI 7
DixonPrice LogEI 8
DixonPrice LogEI 9
DixonPrice LogEI 10
DixonPrice LogEI 11
DixonPrice LogEI 12
DixonPrice LogEI 13
DixonPrice LogEI 14
DixonPrice LogEI 15
DixonPrice LogEI 16
DixonPrice LogEI 17
DixonPrice LogEI 18
DixonPrice LogEI 19
DixonPrice LogEI 20
DixonPrice LogEI 21
DixonPrice LogEI 22
DixonPrice LogEI 23
DixonPrice LogEI 24
DixonPrice LogEI 25
DixonPrice LogEI 26
DixonPrice LogEI 27
DixonPrice LogEI 28
DixonPrice LogEI 29
DixonPrice qLogEI 0
DixonPrice qLogEI 1
DixonPrice qLogEI 2
DixonPrice qLogEI 3
DixonPrice qLogEI 4
DixonPrice qLogEI 5
DixonPrice qLogEI 6
DixonPrice qLogEI 7
DixonPrice qLogEI 8
DixonPrice qLogEI 9
DixonPrice qLogEI 10
DixonPrice qLogEI 11
DixonPrice qLogEI 12
DixonPrice qLogEI 13
DixonPrice qLogEI 14
DixonPrice qLogEI 15
DixonPrice qLogEI 16
DixonPrice qLogEI 17
DixonPrice qLogEI 18
DixonPrice qLogEI 19
DixonPrice qLogEI 20
DixonPrice qLogEI 21
DixonPrice qLogEI 22
DixonPrice qLogEI 23
DixonPrice qLogEI 24
DixonPrice qLogEI 25
DixonPrice qLogEI 26
DixonPrice qLogEI 27
DixonPrice qLogEI 28
DixonPrice qLogEI 29
DixonPrice EI-Custom 0
DixonPrice EI-Custom 1
DixonPrice EI-Custom 2
DixonPrice EI-Custom 3
DixonPrice EI-Custom 4
DixonPrice EI-Custom 5
DixonPrice EI-Custom 6
DixonPrice EI-Custom 7
DixonPrice EI-Custom 8
DixonPrice EI-Custom 9
DixonPrice EI-Custom 10
DixonPrice EI-Custom 11
DixonPrice EI-Custom 12
DixonPrice EI-Custom 13
DixonPrice EI-Custom 14
DixonPrice EI-Custom 15
DixonPrice EI-Custom 16
DixonPrice EI-Custom 17
DixonPrice EI-Custom 18
DixonPrice EI-Custom 19
DixonPrice EI-Custom 20
DixonPrice EI-Custom 21
DixonPrice EI-Custom 22
DixonPrice EI-Custom 23
DixonPrice EI-Custom 24
DixonPrice EI-Custom 25
DixonPrice EI-Custom 26
DixonPrice EI-Custom 27
DixonPrice EI-Custom 28
DixonPrice EI-Custom 29
DixonPrice EI-Custom 0
DixonPrice EI-Custom 1
DixonPrice EI-Custom 2
DixonPrice EI-Custom 3
DixonPrice EI-Custom 4
DixonPrice EI-Custom 5
DixonPrice EI-Custom 6
DixonPrice EI-Custom 7
DixonPrice EI-Custom 8
DixonPrice EI-Custom 9
DixonPrice EI-Custom 10
DixonPrice EI-Custom 11
DixonPrice EI-Custom 12
DixonPrice EI-Custom 13
DixonPrice EI-Custom 14
DixonPrice EI-Custom 15
DixonPrice EI-Custom 16
DixonPrice EI-Custom 17
DixonPrice EI-Custom 18
DixonPrice EI-Custom 19
DixonPrice EI-Custom 20
DixonPrice EI-Custom 21
DixonPrice EI-Custom 22
DixonPrice EI-Custom 23
DixonPrice EI-Custom 24
DixonPrice EI-Custom 25
DixonPrice EI-Custom 26
DixonPrice EI-Custom 27
DixonPrice EI-Custom 28
DixonPrice EI-Custom 29
DixonPrice EI-Custom 0
DixonPrice EI-Custom 1
DixonPrice EI-Custom 2
DixonPrice EI-Custom 3
DixonPrice EI-Custom 4
DixonPrice EI-Custom 5
DixonPrice EI-Custom 6
DixonPrice EI-Custom 7
DixonPrice EI-Custom 8
DixonPrice EI-Custom 9
DixonPrice EI-Custom 10
DixonPrice EI-Custom 11
DixonPrice EI-Custom 12
DixonPrice EI-Custom 13
DixonPrice EI-Custom 14
DixonPrice EI-Custom 15
DixonPrice EI-Custom 16
DixonPrice EI-Custom 17
DixonPrice EI-Custom 18
DixonPrice EI-Custom 19
DixonPrice EI-Custom 20
DixonPrice EI-Custom 21
DixonPrice EI-Custom 22
DixonPrice EI-Custom 23
DixonPrice EI-Custom 24
DixonPrice EI-Custom 25
DixonPrice EI-Custom 26
DixonPrice EI-Custom 27
DixonPrice EI-Custom 28
DixonPrice EI-Custom 29
DixonPrice EI-Custom 0
DixonPrice EI-Custom 1
DixonPrice EI-Custom 2
DixonPrice EI-Custom 3
DixonPrice EI-Custom 4
DixonPrice EI-Custom 5
DixonPrice EI-Custom 6
DixonPrice EI-Custom 7
DixonPrice EI-Custom 8
DixonPrice EI-Custom 9
DixonPrice EI-Custom 10
DixonPrice EI-Custom 11
DixonPrice EI-Custom 12
DixonPrice EI-Custom 13
DixonPrice EI-Custom 14
DixonPrice EI-Custom 15
DixonPrice EI-Custom 16
DixonPrice EI-Custom 17
DixonPrice EI-Custom 18
DixonPrice EI-Custom 19
DixonPrice EI-Custom 20
DixonPrice EI-Custom 21
DixonPrice EI-Custom 22
DixonPrice EI-Custom 23
DixonPrice EI-Custom 24
DixonPrice EI-Custom 25
DixonPrice EI-Custom 26
DixonPrice EI-Custom 27
DixonPrice EI-Custom 28
DixonPrice EI-Custom 29
DixonPrice EI-Custom 0
DixonPrice EI-Custom 1
DixonPrice EI-Custom 2
DixonPrice EI-Custom 3
DixonPrice EI-Custom 4
DixonPrice EI-Custom 5
DixonPrice EI-Custom 6
DixonPrice EI-Custom 7
DixonPrice EI-Custom 8
DixonPrice EI-Custom 9
DixonPrice EI-Custom 10
DixonPrice EI-Custom 11
DixonPrice EI-Custom 12
DixonPrice EI-Custom 13
DixonPrice EI-Custom 14
DixonPrice EI-Custom 15
DixonPrice EI-Custom 16
DixonPrice EI-Custom 17
DixonPrice EI-Custom 18
DixonPrice EI-Custom 19
DixonPrice EI-Custom 20
DixonPrice EI-Custom 21
DixonPrice EI-Custom 22
DixonPrice EI-Custom 23
DixonPrice EI-Custom 24
DixonPrice EI-Custom 25
DixonPrice EI-Custom 26
DixonPrice EI-Custom 27
DixonPrice EI-Custom 28
DixonPrice EI-Custom 29
DixonPrice EI-Custom 0
DixonPrice EI-Custom 1
DixonPrice EI-Custom 2
DixonPrice EI-Custom 3
DixonPrice EI-Custom 4
DixonPrice EI-Custom 5
DixonPrice EI-Custom 6
DixonPrice EI-Custom 7
DixonPrice EI-Custom 8
DixonPrice EI-Custom 9
DixonPrice EI-Custom 10
DixonPrice EI-Custom 11
DixonPrice EI-Custom 12
DixonPrice EI-Custom 13
DixonPrice EI-Custom 14
DixonPrice EI-Custom 15
DixonPrice EI-Custom 16
DixonPrice EI-Custom 17
DixonPrice EI-Custom 18
DixonPrice EI-Custom 19
DixonPrice EI-Custom 20
DixonPrice EI-Custom 21
DixonPrice EI-Custom 22
DixonPrice EI-Custom 23
DixonPrice EI-Custom 24
DixonPrice EI-Custom 25
DixonPrice EI-Custom 26
DixonPrice EI-Custom 27
DixonPrice EI-Custom 28
DixonPrice EI-Custom 29
DixonPrice EI-Custom 0
DixonPrice EI-Custom 1
DixonPrice EI-Custom 2
DixonPrice EI-Custom 3
DixonPrice EI-Custom 4
DixonPrice EI-Custom 5
DixonPrice EI-Custom 6
DixonPrice EI-Custom 7
DixonPrice EI-Custom 8
DixonPrice EI-Custom 9
DixonPrice EI-Custom 10
DixonPrice EI-Custom 11
DixonPrice EI-Custom 12
DixonPrice EI-Custom 13
DixonPrice EI-Custom 14
DixonPrice EI-Custom 15
DixonPrice EI-Custom 16
DixonPrice EI-Custom 17
DixonPrice EI-Custom 18
DixonPrice EI-Custom 19
DixonPrice EI-Custom 20
DixonPrice EI-Custom 21
DixonPrice EI-Custom 22
DixonPrice EI-Custom 23
DixonPrice EI-Custom 24
DixonPrice EI-Custom 25
DixonPrice EI-Custom 26
DixonPrice EI-Custom 27
DixonPrice EI-Custom 28
DixonPrice EI-Custom 29
DixonPrice EI-Custom 0
DixonPrice EI-Custom 1
DixonPrice EI-Custom 2
DixonPrice EI-Custom 3
DixonPrice EI-Custom 4
DixonPrice EI-Custom 5
DixonPrice EI-Custom 6
DixonPrice EI-Custom 7
DixonPrice EI-Custom 8
DixonPrice EI-Custom 9
DixonPrice EI-Custom 10
DixonPrice EI-Custom 11
DixonPrice EI-Custom 12
DixonPrice EI-Custom 13
DixonPrice EI-Custom 14
DixonPrice EI-Custom 15
DixonPrice EI-Custom 16
DixonPrice EI-Custom 17
DixonPrice EI-Custom 18
DixonPrice EI-Custom 19
DixonPrice EI-Custom 20
DixonPrice EI-Custom 21
DixonPrice EI-Custom 22
DixonPrice EI-Custom 23
DixonPrice EI-Custom 24
DixonPrice EI-Custom 25
DixonPrice EI-Custom 26
DixonPrice EI-Custom 27
DixonPrice EI-Custom 28
DixonPrice EI-Custom 29
DixonPrice EI-Custom 0
DixonPrice EI-Custom 1
DixonPrice EI-Custom 2
DixonPrice EI-Custom 3
DixonPrice EI-Custom 4
DixonPrice EI-Custom 5
DixonPrice EI-Custom 6
DixonPrice EI-Custom 7
DixonPrice EI-Custom 8
DixonPrice EI-Custom 9
DixonPrice EI-Custom 10
DixonPrice EI-Custom 11
DixonPrice EI-Custom 12
DixonPrice EI-Custom 13
DixonPrice EI-Custom 14
DixonPrice EI-Custom 15
DixonPrice EI-Custom 16
DixonPrice EI-Custom 17
DixonPrice EI-Custom 18
DixonPrice EI-Custom 19
DixonPrice EI-Custom 20
DixonPrice EI-Custom 21
DixonPrice EI-Custom 22
DixonPrice EI-Custom 23
DixonPrice EI-Custom 24
DixonPrice EI-Custom 25
DixonPrice EI-Custom 26
DixonPrice EI-Custom 27
DixonPrice EI-Custom 28
DixonPrice EI-Custom 29
Griewank EI 0
Griewank EI 1
Griewank EI 2
Griewank EI 3
Griewank EI 4
Griewank EI 5
Griewank EI 6
Griewank EI 7
Griewank EI 8
Griewank EI 9
Griewank EI 10
Griewank EI 11
Griewank EI 12
Griewank EI 13
Griewank EI 14
Griewank EI 15
Griewank EI 16
Griewank EI 17
Griewank EI 18
Griewank EI 19
Griewank EI 20
Griewank EI 21
Griewank EI 22
Griewank EI 23
Griewank EI 24
Griewank EI 25
Griewank EI 26
Griewank EI 27
Griewank EI 28
Griewank EI 29
Griewank LogEI 0
Griewank LogEI 1
Griewank LogEI 2
Griewank LogEI 3
Griewank LogEI 4
Griewank LogEI 5
Griewank LogEI 6
Griewank LogEI 7
Griewank LogEI 8
Griewank LogEI 9
Griewank LogEI 10
Griewank LogEI 11
Griewank LogEI 12
Griewank LogEI 13
Griewank LogEI 14
Griewank LogEI 15
Griewank LogEI 16
Griewank LogEI 17
Griewank LogEI 18
Griewank LogEI 19
Griewank LogEI 20
Griewank LogEI 21
Griewank LogEI 22
Griewank LogEI 23
Griewank LogEI 24
Griewank LogEI 25
Griewank LogEI 26
Griewank LogEI 27
Griewank LogEI 28
Griewank LogEI 29
Griewank qLogEI 0
Griewank qLogEI 1
Griewank qLogEI 2
Griewank qLogEI 3
Griewank qLogEI 4
Griewank qLogEI 5
Griewank qLogEI 6
Griewank qLogEI 7
Griewank qLogEI 8
Griewank qLogEI 9
Griewank qLogEI 10
Griewank qLogEI 11
Griewank qLogEI 12
Griewank qLogEI 13
Griewank qLogEI 14
Griewank qLogEI 15
Griewank qLogEI 16
Griewank qLogEI 17
Griewank qLogEI 18
Griewank qLogEI 19
Griewank qLogEI 20
Griewank qLogEI 21
Griewank qLogEI 22
Griewank qLogEI 23
Griewank qLogEI 24
Griewank qLogEI 25
Griewank qLogEI 26
Griewank qLogEI 27
Griewank qLogEI 28
Griewank qLogEI 29
Griewank EI-Custom 0
Griewank EI-Custom 1
Griewank EI-Custom 2
Griewank EI-Custom 3
Griewank EI-Custom 4
Griewank EI-Custom 5
Griewank EI-Custom 6
Griewank EI-Custom 7
Griewank EI-Custom 8
Griewank EI-Custom 9
Griewank EI-Custom 10
Griewank EI-Custom 11
Griewank EI-Custom 12
Griewank EI-Custom 13
Griewank EI-Custom 14
Griewank EI-Custom 15
Griewank EI-Custom 16
Griewank EI-Custom 17
Griewank EI-Custom 18
Griewank EI-Custom 19
Griewank EI-Custom 20
Griewank EI-Custom 21
Griewank EI-Custom 22
Griewank EI-Custom 23
Griewank EI-Custom 24
Griewank EI-Custom 25
Griewank EI-Custom 26
Griewank EI-Custom 27
Griewank EI-Custom 28
Griewank EI-Custom 29
Griewank EI-Custom 0
Griewank EI-Custom 1
Griewank EI-Custom 2
Griewank EI-Custom 3
Griewank EI-Custom 4
Griewank EI-Custom 5
Griewank EI-Custom 6
Griewank EI-Custom 7
Griewank EI-Custom 8
Griewank EI-Custom 9
Griewank EI-Custom 10
Griewank EI-Custom 11
Griewank EI-Custom 12
Griewank EI-Custom 13
Griewank EI-Custom 14
Griewank EI-Custom 15
Griewank EI-Custom 16
Griewank EI-Custom 17
Griewank EI-Custom 18
Griewank EI-Custom 19
Griewank EI-Custom 20
Griewank EI-Custom 21
Griewank EI-Custom 22
Griewank EI-Custom 23
Griewank EI-Custom 24
Griewank EI-Custom 25
Griewank EI-Custom 26
Griewank EI-Custom 27
Griewank EI-Custom 28
Griewank EI-Custom 29
Griewank EI-Custom 0
Griewank EI-Custom 1
Griewank EI-Custom 2
Griewank EI-Custom 3
Griewank EI-Custom 4
Griewank EI-Custom 5
Griewank EI-Custom 6
Griewank EI-Custom 7
Griewank EI-Custom 8
Griewank EI-Custom 9
Griewank EI-Custom 10
Griewank EI-Custom 11
Griewank EI-Custom 12
Griewank EI-Custom 13
Griewank EI-Custom 14
Griewank EI-Custom 15
Griewank EI-Custom 16
Griewank EI-Custom 17
Griewank EI-Custom 18
Griewank EI-Custom 19
Griewank EI-Custom 20
Griewank EI-Custom 21
Griewank EI-Custom 22
Griewank EI-Custom 23
Griewank EI-Custom 24
Griewank EI-Custom 25
Griewank EI-Custom 26
Griewank EI-Custom 27
Griewank EI-Custom 28
Griewank EI-Custom 29
Griewank EI-Custom 0
Griewank EI-Custom 1
Griewank EI-Custom 2
Griewank EI-Custom 3
Griewank EI-Custom 4
Griewank EI-Custom 5
Griewank EI-Custom 6
Griewank EI-Custom 7
Griewank EI-Custom 8
Griewank EI-Custom 9
Griewank EI-Custom 10
Griewank EI-Custom 11
Griewank EI-Custom 12
Griewank EI-Custom 13
Griewank EI-Custom 14
Griewank EI-Custom 15
Griewank EI-Custom 16
Griewank EI-Custom 17
Griewank EI-Custom 18
Griewank EI-Custom 19
Griewank EI-Custom 20
Griewank EI-Custom 21
Griewank EI-Custom 22
Griewank EI-Custom 23
Griewank EI-Custom 24
Griewank EI-Custom 25
Griewank EI-Custom 26
Griewank EI-Custom 27
Griewank EI-Custom 28
Griewank EI-Custom 29
Griewank EI-Custom 0
Griewank EI-Custom 1
Griewank EI-Custom 2
Griewank EI-Custom 3
Griewank EI-Custom 4
Griewank EI-Custom 5
Griewank EI-Custom 6
Griewank EI-Custom 7
Griewank EI-Custom 8
Griewank EI-Custom 9
Griewank EI-Custom 10
Griewank EI-Custom 11
Griewank EI-Custom 12
Griewank EI-Custom 13
Griewank EI-Custom 14
Griewank EI-Custom 15
Griewank EI-Custom 16
Griewank EI-Custom 17
Griewank EI-Custom 18
Griewank EI-Custom 19
Griewank EI-Custom 20
Griewank EI-Custom 21
Griewank EI-Custom 22
Griewank EI-Custom 23
Griewank EI-Custom 24
Griewank EI-Custom 25
Griewank EI-Custom 26
Griewank EI-Custom 27
Griewank EI-Custom 28
Griewank EI-Custom 29
Griewank EI-Custom 0
Griewank EI-Custom 1
Griewank EI-Custom 2
Griewank EI-Custom 3
Griewank EI-Custom 4
Griewank EI-Custom 5
Griewank EI-Custom 6
Griewank EI-Custom 7
Griewank EI-Custom 8
Griewank EI-Custom 9
Griewank EI-Custom 10
Griewank EI-Custom 11
Griewank EI-Custom 12
Griewank EI-Custom 13
Griewank EI-Custom 14
Griewank EI-Custom 15
Griewank EI-Custom 16
Griewank EI-Custom 17
Griewank EI-Custom 18
Griewank EI-Custom 19
Griewank EI-Custom 20
Griewank EI-Custom 21
Griewank EI-Custom 22
Griewank EI-Custom 23
Griewank EI-Custom 24
Griewank EI-Custom 25
Griewank EI-Custom 26
Griewank EI-Custom 27
Griewank EI-Custom 28
Griewank EI-Custom 29
Griewank EI-Custom 0
Griewank EI-Custom 1
Griewank EI-Custom 2
Griewank EI-Custom 3
Griewank EI-Custom 4
Griewank EI-Custom 5
Griewank EI-Custom 6
Griewank EI-Custom 7
Griewank EI-Custom 8
Griewank EI-Custom 9
Griewank EI-Custom 10
Griewank EI-Custom 11
Griewank EI-Custom 12
Griewank EI-Custom 13
Griewank EI-Custom 14
Griewank EI-Custom 15
Griewank EI-Custom 16
Griewank EI-Custom 17
Griewank EI-Custom 18
Griewank EI-Custom 19
Griewank EI-Custom 20
Griewank EI-Custom 21
Griewank EI-Custom 22
Griewank EI-Custom 23
Griewank EI-Custom 24
Griewank EI-Custom 25
Griewank EI-Custom 26
Griewank EI-Custom 27
Griewank EI-Custom 28
Griewank EI-Custom 29
Griewank EI-Custom 0
Griewank EI-Custom 1
Griewank EI-Custom 2
Griewank EI-Custom 3
Griewank EI-Custom 4
Griewank EI-Custom 5
Griewank EI-Custom 6
Griewank EI-Custom 7
Griewank EI-Custom 8
Griewank EI-Custom 9
Griewank EI-Custom 10
Griewank EI-Custom 11
Griewank EI-Custom 12
Griewank EI-Custom 13
Griewank EI-Custom 14
Griewank EI-Custom 15
Griewank EI-Custom 16
Griewank EI-Custom 17
Griewank EI-Custom 18
Griewank EI-Custom 19
Griewank EI-Custom 20
Griewank EI-Custom 21
Griewank EI-Custom 22
Griewank EI-Custom 23
Griewank EI-Custom 24
Griewank EI-Custom 25
Griewank EI-Custom 26
Griewank EI-Custom 27
Griewank EI-Custom 28
Griewank EI-Custom 29
Griewank EI-Custom 0
Griewank EI-Custom 1
Griewank EI-Custom 2
Griewank EI-Custom 3
Griewank EI-Custom 4
Griewank EI-Custom 5
Griewank EI-Custom 6
Griewank EI-Custom 7
Griewank EI-Custom 8
Griewank EI-Custom 9
Griewank EI-Custom 10
Griewank EI-Custom 11
Griewank EI-Custom 12
Griewank EI-Custom 13
Griewank EI-Custom 14
Griewank EI-Custom 15
Griewank EI-Custom 16
Griewank EI-Custom 17
Griewank EI-Custom 18
Griewank EI-Custom 19
Griewank EI-Custom 20
Griewank EI-Custom 21
Griewank EI-Custom 22
Griewank EI-Custom 23
Griewank EI-Custom 24
Griewank EI-Custom 25
Griewank EI-Custom 26
Griewank EI-Custom 27
Griewank EI-Custom 28
Griewank EI-Custom 29
Alpine1 EI 0
Alpine1 EI 1
Alpine1 EI 2
Alpine1 EI 3
Alpine1 EI 4
Alpine1 EI 5
Alpine1 EI 6
Alpine1 EI 7
Alpine1 EI 8
Alpine1 EI 9
Alpine1 EI 10
Alpine1 EI 11
Alpine1 EI 12
Alpine1 EI 13
Alpine1 EI 14
Alpine1 EI 15
Alpine1 EI 16
Alpine1 EI 17
Alpine1 EI 18
Alpine1 EI 19
Alpine1 EI 20
Alpine1 EI 21
Alpine1 EI 22
Alpine1 EI 23
Alpine1 EI 24
Alpine1 EI 25
Alpine1 EI 26
Alpine1 EI 27
Alpine1 EI 28
Alpine1 EI 29
Alpine1 LogEI 0
Alpine1 LogEI 1
Alpine1 LogEI 2
Alpine1 LogEI 3
Alpine1 LogEI 4
Alpine1 LogEI 5
Alpine1 LogEI 6
Alpine1 LogEI 7
Alpine1 LogEI 8
Alpine1 LogEI 9
Alpine1 LogEI 10
Alpine1 LogEI 11
Alpine1 LogEI 12
Alpine1 LogEI 13
Alpine1 LogEI 14
Alpine1 LogEI 15
Alpine1 LogEI 16
Alpine1 LogEI 17
Alpine1 LogEI 18
Alpine1 LogEI 19
Alpine1 LogEI 20
Alpine1 LogEI 21
Alpine1 LogEI 22
Alpine1 LogEI 23
Alpine1 LogEI 24
Alpine1 LogEI 25
Alpine1 LogEI 26
Alpine1 LogEI 27
Alpine1 LogEI 28
Alpine1 LogEI 29
Alpine1 qLogEI 0
Alpine1 qLogEI 1
Alpine1 qLogEI 2
Alpine1 qLogEI 3
Alpine1 qLogEI 4
Alpine1 qLogEI 5
Alpine1 qLogEI 6
Alpine1 qLogEI 7
Alpine1 qLogEI 8
Alpine1 qLogEI 9
Alpine1 qLogEI 10
Alpine1 qLogEI 11
Alpine1 qLogEI 12
Alpine1 qLogEI 13
Alpine1 qLogEI 14
Alpine1 qLogEI 15
Alpine1 qLogEI 16
Alpine1 qLogEI 17
Alpine1 qLogEI 18
Alpine1 qLogEI 19
Alpine1 qLogEI 20
Alpine1 qLogEI 21
Alpine1 qLogEI 22
Alpine1 qLogEI 23
Alpine1 qLogEI 24
Alpine1 qLogEI 25
Alpine1 qLogEI 26
Alpine1 qLogEI 27
Alpine1 qLogEI 28
Alpine1 qLogEI 29
Alpine1 EI-Custom 0
Alpine1 EI-Custom 1
Alpine1 EI-Custom 2
Alpine1 EI-Custom 3
Alpine1 EI-Custom 4
Alpine1 EI-Custom 5
Alpine1 EI-Custom 6
Alpine1 EI-Custom 7
Alpine1 EI-Custom 8
Alpine1 EI-Custom 9
Alpine1 EI-Custom 10
Alpine1 EI-Custom 11
Alpine1 EI-Custom 12
Alpine1 EI-Custom 13
Alpine1 EI-Custom 14
Alpine1 EI-Custom 15
Alpine1 EI-Custom 16
Alpine1 EI-Custom 17
Alpine1 EI-Custom 18
Alpine1 EI-Custom 19
Alpine1 EI-Custom 20
Alpine1 EI-Custom 21
Alpine1 EI-Custom 22
Alpine1 EI-Custom 23
Alpine1 EI-Custom 24
Alpine1 EI-Custom 25
Alpine1 EI-Custom 26
Alpine1 EI-Custom 27
Alpine1 EI-Custom 28
Alpine1 EI-Custom 29
Alpine1 EI-Custom 0
Alpine1 EI-Custom 1
Alpine1 EI-Custom 2
Alpine1 EI-Custom 3
Alpine1 EI-Custom 4
Alpine1 EI-Custom 5
Alpine1 EI-Custom 6
Alpine1 EI-Custom 7
Alpine1 EI-Custom 8
Alpine1 EI-Custom 9
Alpine1 EI-Custom 10
Alpine1 EI-Custom 11
Alpine1 EI-Custom 12
Alpine1 EI-Custom 13
Alpine1 EI-Custom 14
Alpine1 EI-Custom 15
Alpine1 EI-Custom 16
Alpine1 EI-Custom 17
Alpine1 EI-Custom 18
Alpine1 EI-Custom 19
Alpine1 EI-Custom 20
Alpine1 EI-Custom 21
Alpine1 EI-Custom 22
Alpine1 EI-Custom 23
Alpine1 EI-Custom 24
Alpine1 EI-Custom 25
Alpine1 EI-Custom 26
Alpine1 EI-Custom 27
Alpine1 EI-Custom 28
Alpine1 EI-Custom 29
Alpine1 EI-Custom 0
Alpine1 EI-Custom 1
Alpine1 EI-Custom 2
Alpine1 EI-Custom 3
Alpine1 EI-Custom 4
Alpine1 EI-Custom 5
Alpine1 EI-Custom 6
Alpine1 EI-Custom 7
Alpine1 EI-Custom 8
Alpine1 EI-Custom 9
Alpine1 EI-Custom 10
Alpine1 EI-Custom 11
Alpine1 EI-Custom 12
Alpine1 EI-Custom 13
Alpine1 EI-Custom 14
Alpine1 EI-Custom 15
Alpine1 EI-Custom 16
Alpine1 EI-Custom 17
Alpine1 EI-Custom 18
Alpine1 EI-Custom 19
Alpine1 EI-Custom 20
Alpine1 EI-Custom 21
Alpine1 EI-Custom 22
Alpine1 EI-Custom 23
Alpine1 EI-Custom 24
Alpine1 EI-Custom 25
Alpine1 EI-Custom 26
Alpine1 EI-Custom 27
Alpine1 EI-Custom 28
Alpine1 EI-Custom 29
Alpine1 EI-Custom 0
Alpine1 EI-Custom 1
Alpine1 EI-Custom 2
Alpine1 EI-Custom 3
Alpine1 EI-Custom 4
Alpine1 EI-Custom 5
Alpine1 EI-Custom 6
Alpine1 EI-Custom 7
Alpine1 EI-Custom 8
Alpine1 EI-Custom 9
Alpine1 EI-Custom 10
Alpine1 EI-Custom 11
Alpine1 EI-Custom 12
Alpine1 EI-Custom 13
Alpine1 EI-Custom 14
Alpine1 EI-Custom 15
Alpine1 EI-Custom 16
Alpine1 EI-Custom 17
Alpine1 EI-Custom 18
Alpine1 EI-Custom 19
Alpine1 EI-Custom 20
Alpine1 EI-Custom 21
Alpine1 EI-Custom 22
Alpine1 EI-Custom 23
Alpine1 EI-Custom 24
Alpine1 EI-Custom 25
Alpine1 EI-Custom 26
Alpine1 EI-Custom 27
Alpine1 EI-Custom 28
Alpine1 EI-Custom 29
Alpine1 EI-Custom 0
Alpine1 EI-Custom 1
Alpine1 EI-Custom 2
Alpine1 EI-Custom 3
Alpine1 EI-Custom 4
Alpine1 EI-Custom 5
Alpine1 EI-Custom 6
Alpine1 EI-Custom 7
Alpine1 EI-Custom 8
Alpine1 EI-Custom 9
Alpine1 EI-Custom 10
Alpine1 EI-Custom 11
Alpine1 EI-Custom 12
Alpine1 EI-Custom 13
Alpine1 EI-Custom 14
Alpine1 EI-Custom 15
Alpine1 EI-Custom 16
Alpine1 EI-Custom 17
Alpine1 EI-Custom 18
Alpine1 EI-Custom 19
Alpine1 EI-Custom 20
Alpine1 EI-Custom 21
Alpine1 EI-Custom 22
Alpine1 EI-Custom 23
Alpine1 EI-Custom 24
Alpine1 EI-Custom 25
Alpine1 EI-Custom 26
Alpine1 EI-Custom 27
Alpine1 EI-Custom 28
Alpine1 EI-Custom 29
Alpine1 EI-Custom 0
Alpine1 EI-Custom 1
Alpine1 EI-Custom 2
Alpine1 EI-Custom 3
Alpine1 EI-Custom 4
Alpine1 EI-Custom 5
Alpine1 EI-Custom 6
Alpine1 EI-Custom 7
Alpine1 EI-Custom 8
Alpine1 EI-Custom 9
Alpine1 EI-Custom 10
Alpine1 EI-Custom 11
Alpine1 EI-Custom 12
Alpine1 EI-Custom 13
Alpine1 EI-Custom 14
Alpine1 EI-Custom 15
Alpine1 EI-Custom 16
Alpine1 EI-Custom 17
Alpine1 EI-Custom 18
Alpine1 EI-Custom 19
Alpine1 EI-Custom 20
Alpine1 EI-Custom 21
Alpine1 EI-Custom 22
Alpine1 EI-Custom 23
Alpine1 EI-Custom 24
Alpine1 EI-Custom 25
Alpine1 EI-Custom 26
Alpine1 EI-Custom 27
Alpine1 EI-Custom 28
Alpine1 EI-Custom 29
Alpine1 EI-Custom 0
Alpine1 EI-Custom 1
Alpine1 EI-Custom 2
Alpine1 EI-Custom 3
Alpine1 EI-Custom 4
Alpine1 EI-Custom 5
Alpine1 EI-Custom 6
Alpine1 EI-Custom 7
Alpine1 EI-Custom 8
Alpine1 EI-Custom 9
Alpine1 EI-Custom 10
Alpine1 EI-Custom 11
Alpine1 EI-Custom 12
Alpine1 EI-Custom 13
Alpine1 EI-Custom 14
Alpine1 EI-Custom 15
Alpine1 EI-Custom 16
Alpine1 EI-Custom 17
Alpine1 EI-Custom 18
Alpine1 EI-Custom 19
Alpine1 EI-Custom 20
Alpine1 EI-Custom 21
Alpine1 EI-Custom 22
Alpine1 EI-Custom 23
Alpine1 EI-Custom 24
Alpine1 EI-Custom 25
Alpine1 EI-Custom 26
Alpine1 EI-Custom 27
Alpine1 EI-Custom 28
Alpine1 EI-Custom 29
Alpine1 EI-Custom 0
Alpine1 EI-Custom 1
Alpine1 EI-Custom 2
Alpine1 EI-Custom 3
Alpine1 EI-Custom 4
Alpine1 EI-Custom 5
Alpine1 EI-Custom 6
Alpine1 EI-Custom 7
Alpine1 EI-Custom 8
Alpine1 EI-Custom 9
Alpine1 EI-Custom 10
Alpine1 EI-Custom 11
Alpine1 EI-Custom 12
Alpine1 EI-Custom 13
Alpine1 EI-Custom 14
Alpine1 EI-Custom 15
Alpine1 EI-Custom 16
Alpine1 EI-Custom 17
Alpine1 EI-Custom 18
Alpine1 EI-Custom 19
Alpine1 EI-Custom 20
Alpine1 EI-Custom 21
Alpine1 EI-Custom 22
Alpine1 EI-Custom 23
Alpine1 EI-Custom 24
Alpine1 EI-Custom 25
Alpine1 EI-Custom 26
Alpine1 EI-Custom 27
Alpine1 EI-Custom 28
Alpine1 EI-Custom 29
Alpine1 EI-Custom 0
Alpine1 EI-Custom 1
Alpine1 EI-Custom 2
Alpine1 EI-Custom 3
Alpine1 EI-Custom 4
Alpine1 EI-Custom 5
Alpine1 EI-Custom 6
Alpine1 EI-Custom 7
Alpine1 EI-Custom 8
Alpine1 EI-Custom 9
Alpine1 EI-Custom 10
Alpine1 EI-Custom 11
Alpine1 EI-Custom 12
Alpine1 EI-Custom 13
Alpine1 EI-Custom 14
Alpine1 EI-Custom 15
Alpine1 EI-Custom 16
Alpine1 EI-Custom 17
Alpine1 EI-Custom 18
Alpine1 EI-Custom 19
Alpine1 EI-Custom 20
Alpine1 EI-Custom 21
Alpine1 EI-Custom 22
Alpine1 EI-Custom 23
Alpine1 EI-Custom 24
Alpine1 EI-Custom 25
Alpine1 EI-Custom 26
Alpine1 EI-Custom 27
Alpine1 EI-Custom 28
Alpine1 EI-Custom 29
Levy EI 0
Levy EI 1
Levy EI 2
Levy EI 3
Levy EI 4
Levy EI 5
Levy EI 6
Levy EI 7
Levy EI 8
Levy EI 9
Levy EI 10
Levy EI 11
Levy EI 12
Levy EI 13
Levy EI 14
Levy EI 15
Levy EI 16
Levy EI 17
Levy EI 18
Levy EI 19
Levy EI 20
Levy EI 21
Levy EI 22
Levy EI 23
Levy EI 24
Levy EI 25
Levy EI 26
Levy EI 27
Levy EI 28
Levy EI 29
Levy LogEI 0
Levy LogEI 1
Levy LogEI 2
Levy LogEI 3
Levy LogEI 4
Levy LogEI 5
Levy LogEI 6
Levy LogEI 7
Levy LogEI 8
Levy LogEI 9
Levy LogEI 10
Levy LogEI 11
Levy LogEI 12
Levy LogEI 13
Levy LogEI 14
Levy LogEI 15
Levy LogEI 16
Levy LogEI 17
Levy LogEI 18
Levy LogEI 19
Levy LogEI 20
Levy LogEI 21
Levy LogEI 22
Levy LogEI 23
Levy LogEI 24
Levy LogEI 25
Levy LogEI 26
Levy LogEI 27
Levy LogEI 28
Levy LogEI 29
Levy qLogEI 0
Levy qLogEI 1
Levy qLogEI 2
Levy qLogEI 3
Levy qLogEI 4
Levy qLogEI 5
Levy qLogEI 6
Levy qLogEI 7
Levy qLogEI 8
Levy qLogEI 9
Levy qLogEI 10
Levy qLogEI 11
Levy qLogEI 12
Levy qLogEI 13
Levy qLogEI 14
Levy qLogEI 15
Levy qLogEI 16
Levy qLogEI 17
Levy qLogEI 18
Levy qLogEI 19
Levy qLogEI 20
Levy qLogEI 21
Levy qLogEI 22
Levy qLogEI 23
Levy qLogEI 24
Levy qLogEI 25
Levy qLogEI 26
Levy qLogEI 27
Levy qLogEI 28
Levy qLogEI 29
Levy EI-Custom 0
Levy EI-Custom 1
Levy EI-Custom 2
Levy EI-Custom 3
Levy EI-Custom 4
Levy EI-Custom 5
Levy EI-Custom 6
Levy EI-Custom 7
Levy EI-Custom 8
Levy EI-Custom 9
Levy EI-Custom 10
Levy EI-Custom 11
Levy EI-Custom 12
Levy EI-Custom 13
Levy EI-Custom 14
Levy EI-Custom 15
Levy EI-Custom 16
Levy EI-Custom 17
Levy EI-Custom 18
Levy EI-Custom 19
Levy EI-Custom 20
Levy EI-Custom 21
Levy EI-Custom 22
Levy EI-Custom 23
Levy EI-Custom 24
Levy EI-Custom 25
Levy EI-Custom 26
Levy EI-Custom 27
Levy EI-Custom 28
Levy EI-Custom 29
Levy EI-Custom 0
Levy EI-Custom 1
Levy EI-Custom 2
Levy EI-Custom 3
Levy EI-Custom 4
Levy EI-Custom 5
Levy EI-Custom 6
Levy EI-Custom 7
Levy EI-Custom 8
Levy EI-Custom 9
Levy EI-Custom 10
Levy EI-Custom 11
Levy EI-Custom 12
Levy EI-Custom 13
Levy EI-Custom 14
Levy EI-Custom 15
Levy EI-Custom 16
Levy EI-Custom 17
Levy EI-Custom 18
Levy EI-Custom 19
Levy EI-Custom 20
Levy EI-Custom 21
Levy EI-Custom 22
Levy EI-Custom 23
Levy EI-Custom 24
Levy EI-Custom 25
Levy EI-Custom 26
Levy EI-Custom 27
Levy EI-Custom 28
Levy EI-Custom 29
Levy EI-Custom 0
Levy EI-Custom 1
Levy EI-Custom 2
Levy EI-Custom 3
Levy EI-Custom 4
Levy EI-Custom 5
Levy EI-Custom 6
Levy EI-Custom 7
Levy EI-Custom 8
Levy EI-Custom 9
Levy EI-Custom 10
Levy EI-Custom 11
Levy EI-Custom 12
Levy EI-Custom 13
Levy EI-Custom 14
Levy EI-Custom 15
Levy EI-Custom 16
Levy EI-Custom 17
Levy EI-Custom 18
Levy EI-Custom 19
Levy EI-Custom 20
Levy EI-Custom 21
Levy EI-Custom 22
Levy EI-Custom 23
Levy EI-Custom 24
Levy EI-Custom 25
Levy EI-Custom 26
Levy EI-Custom 27
Levy EI-Custom 28
Levy EI-Custom 29
Levy EI-Custom 0
Levy EI-Custom 1
Levy EI-Custom 2
Levy EI-Custom 3
Levy EI-Custom 4
Levy EI-Custom 5
Levy EI-Custom 6
Levy EI-Custom 7
Levy EI-Custom 8
Levy EI-Custom 9
Levy EI-Custom 10
Levy EI-Custom 11
Levy EI-Custom 12
Levy EI-Custom 13
Levy EI-Custom 14
Levy EI-Custom 15
Levy EI-Custom 16
Levy EI-Custom 17
Levy EI-Custom 18
Levy EI-Custom 19
Levy EI-Custom 20
Levy EI-Custom 21
Levy EI-Custom 22
Levy EI-Custom 23
Levy EI-Custom 24
Levy EI-Custom 25
Levy EI-Custom 26
Levy EI-Custom 27
Levy EI-Custom 28
Levy EI-Custom 29
Levy EI-Custom 0
Levy EI-Custom 1
Levy EI-Custom 2
Levy EI-Custom 3
Levy EI-Custom 4
Levy EI-Custom 5
Levy EI-Custom 6
Levy EI-Custom 7
Levy EI-Custom 8
Levy EI-Custom 9
Levy EI-Custom 10
Levy EI-Custom 11
Levy EI-Custom 12
Levy EI-Custom 13
Levy EI-Custom 14
Levy EI-Custom 15
Levy EI-Custom 16
Levy EI-Custom 17
Levy EI-Custom 18
Levy EI-Custom 19
Levy EI-Custom 20
Levy EI-Custom 21
Levy EI-Custom 22
Levy EI-Custom 23
Levy EI-Custom 24
Levy EI-Custom 25
Levy EI-Custom 26
Levy EI-Custom 27
Levy EI-Custom 28
Levy EI-Custom 29
Levy EI-Custom 0
Levy EI-Custom 1
Levy EI-Custom 2
Levy EI-Custom 3
Levy EI-Custom 4
Levy EI-Custom 5
Levy EI-Custom 6
Levy EI-Custom 7
Levy EI-Custom 8
Levy EI-Custom 9
Levy EI-Custom 10
Levy EI-Custom 11
Levy EI-Custom 12
Levy EI-Custom 13
Levy EI-Custom 14
Levy EI-Custom 15
Levy EI-Custom 16
Levy EI-Custom 17
Levy EI-Custom 18
Levy EI-Custom 19
Levy EI-Custom 20
Levy EI-Custom 21
Levy EI-Custom 22
Levy EI-Custom 23
Levy EI-Custom 24
Levy EI-Custom 25
Levy EI-Custom 26
Levy EI-Custom 27
Levy EI-Custom 28
Levy EI-Custom 29
Levy EI-Custom 0
Levy EI-Custom 1
Levy EI-Custom 2
Levy EI-Custom 3
Levy EI-Custom 4
Levy EI-Custom 5
Levy EI-Custom 6
Levy EI-Custom 7
Levy EI-Custom 8
Levy EI-Custom 9
Levy EI-Custom 10
Levy EI-Custom 11
Levy EI-Custom 12
Levy EI-Custom 13
Levy EI-Custom 14
Levy EI-Custom 15
Levy EI-Custom 16
Levy EI-Custom 17
Levy EI-Custom 18
Levy EI-Custom 19
Levy EI-Custom 20
Levy EI-Custom 21
Levy EI-Custom 22
Levy EI-Custom 23
Levy EI-Custom 24
Levy EI-Custom 25
Levy EI-Custom 26
Levy EI-Custom 27
Levy EI-Custom 28
Levy EI-Custom 29
Levy EI-Custom 0
Levy EI-Custom 1
Levy EI-Custom 2
Levy EI-Custom 3
Levy EI-Custom 4
Levy EI-Custom 5
Levy EI-Custom 6
Levy EI-Custom 7
Levy EI-Custom 8
Levy EI-Custom 9
Levy EI-Custom 10
Levy EI-Custom 11
Levy EI-Custom 12
Levy EI-Custom 13
Levy EI-Custom 14
Levy EI-Custom 15
Levy EI-Custom 16
Levy EI-Custom 17
Levy EI-Custom 18
Levy EI-Custom 19
Levy EI-Custom 20
Levy EI-Custom 21
Levy EI-Custom 22
Levy EI-Custom 23
Levy EI-Custom 24
Levy EI-Custom 25
Levy EI-Custom 26
Levy EI-Custom 27
Levy EI-Custom 28
Levy EI-Custom 29
Levy EI-Custom 0
Levy EI-Custom 1
Levy EI-Custom 2
Levy EI-Custom 3
Levy EI-Custom 4
Levy EI-Custom 5
Levy EI-Custom 6
Levy EI-Custom 7
Levy EI-Custom 8
Levy EI-Custom 9
Levy EI-Custom 10
Levy EI-Custom 11
Levy EI-Custom 12
Levy EI-Custom 13
Levy EI-Custom 14
Levy EI-Custom 15
Levy EI-Custom 16
Levy EI-Custom 17
Levy EI-Custom 18
Levy EI-Custom 19
Levy EI-Custom 20
Levy EI-Custom 21
Levy EI-Custom 22
Levy EI-Custom 23
Levy EI-Custom 24
Levy EI-Custom 25
Levy EI-Custom 26
Levy EI-Custom 27
Levy EI-Custom 28
Levy EI-Custom 29
Powell EI 0
Powell EI 1
Powell EI 2
Powell EI 3
Powell EI 4
Powell EI 5
Powell EI 6
Powell EI 7
Powell EI 8
Powell EI 9
Powell EI 10
Powell EI 11
Powell EI 12
Powell EI 13
Powell EI 14
Powell EI 15
Powell EI 16
Powell EI 17
Powell EI 18
Powell EI 19
Powell EI 20
Powell EI 21
Powell EI 22
Powell EI 23
Powell EI 24
Powell EI 25
Powell EI 26
Powell EI 27
Powell EI 28
Powell EI 29
Powell LogEI 0
Powell LogEI 1
Powell LogEI 2
Powell LogEI 3
Powell LogEI 4
Powell LogEI 5
Powell LogEI 6
Powell LogEI 7
Powell LogEI 8
Powell LogEI 9
Powell LogEI 10
Powell LogEI 11
Powell LogEI 12
Powell LogEI 13
Powell LogEI 14
Powell LogEI 15
Powell LogEI 16
Powell LogEI 17
Powell LogEI 18
Powell LogEI 19
Powell LogEI 20
Powell LogEI 21
Powell LogEI 22
Powell LogEI 23
Powell LogEI 24
Powell LogEI 25
Powell LogEI 26
Powell LogEI 27
Powell LogEI 28
Powell LogEI 29
Powell qLogEI 0
Powell qLogEI 1
Powell qLogEI 2
Powell qLogEI 3
Powell qLogEI 4
Powell qLogEI 5
Powell qLogEI 6
Powell qLogEI 7
Powell qLogEI 8
Powell qLogEI 9
Powell qLogEI 10
Powell qLogEI 11
Powell qLogEI 12
Powell qLogEI 13
Powell qLogEI 14
Powell qLogEI 15
Powell qLogEI 16
Powell qLogEI 17
Powell qLogEI 18
Powell qLogEI 19
Powell qLogEI 20
Powell qLogEI 21
Powell qLogEI 22
Powell qLogEI 23
Powell qLogEI 24
Powell qLogEI 25
Powell qLogEI 26
Powell qLogEI 27
Powell qLogEI 28
Powell qLogEI 29
Powell EI-Custom 0
Powell EI-Custom 1
Powell EI-Custom 2
Powell EI-Custom 3
Powell EI-Custom 4
Powell EI-Custom 5
Powell EI-Custom 6
Powell EI-Custom 7
Powell EI-Custom 8
Powell EI-Custom 9
Powell EI-Custom 10
Powell EI-Custom 11
Powell EI-Custom 12
Powell EI-Custom 13
Powell EI-Custom 14
Powell EI-Custom 15
Powell EI-Custom 16
Powell EI-Custom 17
Powell EI-Custom 18
Powell EI-Custom 19
Powell EI-Custom 20
Powell EI-Custom 21
Powell EI-Custom 22
Powell EI-Custom 23
Powell EI-Custom 24
Powell EI-Custom 25
Powell EI-Custom 26
Powell EI-Custom 27
Powell EI-Custom 28
Powell EI-Custom 29
Powell EI-Custom 0
Powell EI-Custom 1
Powell EI-Custom 2
Powell EI-Custom 3
Powell EI-Custom 4
Powell EI-Custom 5
Powell EI-Custom 6
Powell EI-Custom 7
Powell EI-Custom 8
Powell EI-Custom 9
Powell EI-Custom 10
Powell EI-Custom 11
Powell EI-Custom 12
Powell EI-Custom 13
Powell EI-Custom 14
Powell EI-Custom 15
Powell EI-Custom 16
Powell EI-Custom 17
Powell EI-Custom 18
Powell EI-Custom 19
Powell EI-Custom 20
Powell EI-Custom 21
Powell EI-Custom 22
Powell EI-Custom 23
Powell EI-Custom 24
Powell EI-Custom 25
Powell EI-Custom 26
Powell EI-Custom 27
Powell EI-Custom 28
Powell EI-Custom 29
Powell EI-Custom 0
Powell EI-Custom 1
Powell EI-Custom 2
Powell EI-Custom 3
Powell EI-Custom 4
Powell EI-Custom 5
Powell EI-Custom 6
Powell EI-Custom 7
Powell EI-Custom 8
Powell EI-Custom 9
Powell EI-Custom 10
Powell EI-Custom 11
Powell EI-Custom 12
Powell EI-Custom 13
Powell EI-Custom 14
Powell EI-Custom 15
Powell EI-Custom 16
Powell EI-Custom 17
Powell EI-Custom 18
Powell EI-Custom 19
Powell EI-Custom 20
Powell EI-Custom 21
Powell EI-Custom 22
Powell EI-Custom 23
Powell EI-Custom 24
Powell EI-Custom 25
Powell EI-Custom 26
Powell EI-Custom 27
Powell EI-Custom 28
Powell EI-Custom 29
Powell EI-Custom 0
Powell EI-Custom 1
Powell EI-Custom 2
Powell EI-Custom 3
Powell EI-Custom 4
Powell EI-Custom 5
Powell EI-Custom 6
Powell EI-Custom 7
Powell EI-Custom 8
Powell EI-Custom 9
Powell EI-Custom 10
Powell EI-Custom 11
Powell EI-Custom 12
Powell EI-Custom 13
Powell EI-Custom 14
Powell EI-Custom 15
Powell EI-Custom 16
Powell EI-Custom 17
Powell EI-Custom 18
Powell EI-Custom 19
Powell EI-Custom 20
Powell EI-Custom 21
Powell EI-Custom 22
Powell EI-Custom 23
Powell EI-Custom 24
Powell EI-Custom 25
Powell EI-Custom 26
Powell EI-Custom 27
Powell EI-Custom 28
Powell EI-Custom 29
Powell EI-Custom 0
Powell EI-Custom 1
Powell EI-Custom 2
Powell EI-Custom 3
Powell EI-Custom 4
Powell EI-Custom 5
Powell EI-Custom 6
Powell EI-Custom 7
Powell EI-Custom 8
Powell EI-Custom 9
Powell EI-Custom 10
Powell EI-Custom 11
Powell EI-Custom 12
Powell EI-Custom 13
Powell EI-Custom 14
Powell EI-Custom 15
Powell EI-Custom 16
Powell EI-Custom 17
Powell EI-Custom 18
Powell EI-Custom 19
Powell EI-Custom 20
Powell EI-Custom 21
Powell EI-Custom 22
Powell EI-Custom 23
Powell EI-Custom 24
Powell EI-Custom 25
Powell EI-Custom 26
Powell EI-Custom 27
Powell EI-Custom 28
Powell EI-Custom 29
Powell EI-Custom 0
Powell EI-Custom 1
Powell EI-Custom 2
Powell EI-Custom 3
Powell EI-Custom 4
Powell EI-Custom 5
Powell EI-Custom 6
Powell EI-Custom 7
Powell EI-Custom 8
Powell EI-Custom 9
Powell EI-Custom 10
Powell EI-Custom 11
Powell EI-Custom 12
Powell EI-Custom 13
Powell EI-Custom 14
Powell EI-Custom 15
Powell EI-Custom 16
Powell EI-Custom 17
Powell EI-Custom 18
Powell EI-Custom 19
Powell EI-Custom 20
Powell EI-Custom 21
Powell EI-Custom 22
Powell EI-Custom 23
Powell EI-Custom 24
Powell EI-Custom 25
Powell EI-Custom 26
Powell EI-Custom 27
Powell EI-Custom 28
Powell EI-Custom 29
Powell EI-Custom 0
Powell EI-Custom 1
Powell EI-Custom 2
Powell EI-Custom 3
Powell EI-Custom 4
Powell EI-Custom 5
Powell EI-Custom 6
Powell EI-Custom 7
Powell EI-Custom 8
Powell EI-Custom 9
Powell EI-Custom 10
Powell EI-Custom 11
Powell EI-Custom 12
Powell EI-Custom 13
Powell EI-Custom 14
Powell EI-Custom 15
Powell EI-Custom 16
Powell EI-Custom 17
Powell EI-Custom 18
Powell EI-Custom 19
Powell EI-Custom 20
Powell EI-Custom 21
Powell EI-Custom 22
Powell EI-Custom 23
Powell EI-Custom 24
Powell EI-Custom 25
Powell EI-Custom 26
Powell EI-Custom 27
Powell EI-Custom 28
Powell EI-Custom 29
Powell EI-Custom 0
Powell EI-Custom 1
Powell EI-Custom 2
Powell EI-Custom 3
Powell EI-Custom 4
Powell EI-Custom 5
Powell EI-Custom 6
Powell EI-Custom 7
Powell EI-Custom 8
Powell EI-Custom 9
Powell EI-Custom 10
Powell EI-Custom 11
Powell EI-Custom 12
Powell EI-Custom 13
Powell EI-Custom 14
Powell EI-Custom 15
Powell EI-Custom 16
Powell EI-Custom 17
Powell EI-Custom 18
Powell EI-Custom 19
Powell EI-Custom 20
Powell EI-Custom 21
Powell EI-Custom 22
Powell EI-Custom 23
Powell EI-Custom 24
Powell EI-Custom 25
Powell EI-Custom 26
Powell EI-Custom 27
Powell EI-Custom 28
Powell EI-Custom 29
Powell EI-Custom 0
Powell EI-Custom 1
Powell EI-Custom 2
Powell EI-Custom 3
Powell EI-Custom 4
Powell EI-Custom 5
Powell EI-Custom 6
Powell EI-Custom 7
Powell EI-Custom 8
Powell EI-Custom 9
Powell EI-Custom 10
Powell EI-Custom 11
Powell EI-Custom 12
Powell EI-Custom 13
Powell EI-Custom 14
Powell EI-Custom 15
Powell EI-Custom 16
Powell EI-Custom 17
Powell EI-Custom 18
Powell EI-Custom 19
Powell EI-Custom 20
Powell EI-Custom 21
Powell EI-Custom 22
Powell EI-Custom 23
Powell EI-Custom 24
Powell EI-Custom 25
Powell EI-Custom 26
Powell EI-Custom 27
Powell EI-Custom 28
Powell EI-Custom 29
Rastrigin EI 0
Rastrigin EI 1
Rastrigin EI 2
Rastrigin EI 3
Rastrigin EI 4
Rastrigin EI 5
Rastrigin EI 6
Rastrigin EI 7
Rastrigin EI 8
Rastrigin EI 9
Rastrigin EI 10
Rastrigin EI 11
Rastrigin EI 12
Rastrigin EI 13
Rastrigin EI 14
Rastrigin EI 15
Rastrigin EI 16
Rastrigin EI 17
Rastrigin EI 18
Rastrigin EI 19
Rastrigin EI 20
Rastrigin EI 21
Rastrigin EI 22
Rastrigin EI 23
Rastrigin EI 24
Rastrigin EI 25
Rastrigin EI 26
Rastrigin EI 27
Rastrigin EI 28
Rastrigin EI 29
Rastrigin LogEI 0
Rastrigin LogEI 1
Rastrigin LogEI 2
Rastrigin LogEI 3
Rastrigin LogEI 4
Rastrigin LogEI 5
Rastrigin LogEI 6
Rastrigin LogEI 7
Rastrigin LogEI 8
Rastrigin LogEI 9
Rastrigin LogEI 10
Rastrigin LogEI 11
Rastrigin LogEI 12
Rastrigin LogEI 13
Rastrigin LogEI 14
Rastrigin LogEI 15
Rastrigin LogEI 16
Rastrigin LogEI 17
Rastrigin LogEI 18
Rastrigin LogEI 19
Rastrigin LogEI 20
Rastrigin LogEI 21
Rastrigin LogEI 22
Rastrigin LogEI 23
Rastrigin LogEI 24
Rastrigin LogEI 25
Rastrigin LogEI 26
Rastrigin LogEI 27
Rastrigin LogEI 28
Rastrigin LogEI 29
Rastrigin qLogEI 0
Rastrigin qLogEI 1
Rastrigin qLogEI 2
Rastrigin qLogEI 3
Rastrigin qLogEI 4
Rastrigin qLogEI 5
Rastrigin qLogEI 6
Rastrigin qLogEI 7
Rastrigin qLogEI 8
Rastrigin qLogEI 9
Rastrigin qLogEI 10
Rastrigin qLogEI 11
Rastrigin qLogEI 12
Rastrigin qLogEI 13
Rastrigin qLogEI 14
Rastrigin qLogEI 15
Rastrigin qLogEI 16
Rastrigin qLogEI 17
Rastrigin qLogEI 18
Rastrigin qLogEI 19
Rastrigin qLogEI 20
Rastrigin qLogEI 21
Rastrigin qLogEI 22
Rastrigin qLogEI 23
Rastrigin qLogEI 24
Rastrigin qLogEI 25
Rastrigin qLogEI 26
Rastrigin qLogEI 27
Rastrigin qLogEI 28
Rastrigin qLogEI 29
Rastrigin EI-Custom 0
Rastrigin EI-Custom 1
Rastrigin EI-Custom 2
Rastrigin EI-Custom 3
Rastrigin EI-Custom 4
Rastrigin EI-Custom 5
Rastrigin EI-Custom 6
Rastrigin EI-Custom 7
Rastrigin EI-Custom 8
Rastrigin EI-Custom 9
Rastrigin EI-Custom 10
Rastrigin EI-Custom 11
Rastrigin EI-Custom 12
Rastrigin EI-Custom 13
Rastrigin EI-Custom 14
Rastrigin EI-Custom 15
Rastrigin EI-Custom 16
Rastrigin EI-Custom 17
Rastrigin EI-Custom 18
Rastrigin EI-Custom 19
Rastrigin EI-Custom 20
Rastrigin EI-Custom 21
Rastrigin EI-Custom 22
Rastrigin EI-Custom 23
Rastrigin EI-Custom 24
Rastrigin EI-Custom 25
Rastrigin EI-Custom 26
Rastrigin EI-Custom 27
Rastrigin EI-Custom 28
Rastrigin EI-Custom 29
Rastrigin EI-Custom 0
Rastrigin EI-Custom 1
Rastrigin EI-Custom 2
Rastrigin EI-Custom 3
Rastrigin EI-Custom 4
Rastrigin EI-Custom 5
Rastrigin EI-Custom 6
Rastrigin EI-Custom 7
Rastrigin EI-Custom 8
Rastrigin EI-Custom 9
Rastrigin EI-Custom 10
Rastrigin EI-Custom 11
Rastrigin EI-Custom 12
Rastrigin EI-Custom 13
Rastrigin EI-Custom 14
Rastrigin EI-Custom 15
Rastrigin EI-Custom 16
Rastrigin EI-Custom 17
Rastrigin EI-Custom 18
Rastrigin EI-Custom 19
Rastrigin EI-Custom 20
Rastrigin EI-Custom 21
Rastrigin EI-Custom 22
Rastrigin EI-Custom 23
Rastrigin EI-Custom 24
Rastrigin EI-Custom 25
Rastrigin EI-Custom 26
Rastrigin EI-Custom 27
Rastrigin EI-Custom 28
Rastrigin EI-Custom 29
Rastrigin EI-Custom 0
Rastrigin EI-Custom 1
Rastrigin EI-Custom 2
Rastrigin EI-Custom 3
Rastrigin EI-Custom 4
Rastrigin EI-Custom 5
Rastrigin EI-Custom 6
Rastrigin EI-Custom 7
Rastrigin EI-Custom 8
Rastrigin EI-Custom 9
Rastrigin EI-Custom 10
Rastrigin EI-Custom 11
Rastrigin EI-Custom 12
Rastrigin EI-Custom 13
Rastrigin EI-Custom 14
Rastrigin EI-Custom 15
Rastrigin EI-Custom 16
Rastrigin EI-Custom 17
Rastrigin EI-Custom 18
Rastrigin EI-Custom 19
Rastrigin EI-Custom 20
Rastrigin EI-Custom 21
Rastrigin EI-Custom 22
Rastrigin EI-Custom 23
Rastrigin EI-Custom 24
Rastrigin EI-Custom 25
Rastrigin EI-Custom 26
Rastrigin EI-Custom 27
Rastrigin EI-Custom 28
Rastrigin EI-Custom 29
Rastrigin EI-Custom 0
Rastrigin EI-Custom 1
Rastrigin EI-Custom 2
Rastrigin EI-Custom 3
Rastrigin EI-Custom 4
Rastrigin EI-Custom 5
Rastrigin EI-Custom 6
Rastrigin EI-Custom 7
Rastrigin EI-Custom 8
Rastrigin EI-Custom 9
Rastrigin EI-Custom 10
Rastrigin EI-Custom 11
Rastrigin EI-Custom 12
Rastrigin EI-Custom 13
Rastrigin EI-Custom 14
Rastrigin EI-Custom 15
Rastrigin EI-Custom 16
Rastrigin EI-Custom 17
Rastrigin EI-Custom 18
Rastrigin EI-Custom 19
Rastrigin EI-Custom 20
Rastrigin EI-Custom 21
Rastrigin EI-Custom 22
Rastrigin EI-Custom 23
Rastrigin EI-Custom 24
Rastrigin EI-Custom 25
Rastrigin EI-Custom 26
Rastrigin EI-Custom 27
Rastrigin EI-Custom 28
Rastrigin EI-Custom 29
Rastrigin EI-Custom 0
Rastrigin EI-Custom 1
Rastrigin EI-Custom 2
Rastrigin EI-Custom 3
Rastrigin EI-Custom 4
Rastrigin EI-Custom 5
Rastrigin EI-Custom 6
Rastrigin EI-Custom 7
Rastrigin EI-Custom 8
Rastrigin EI-Custom 9
Rastrigin EI-Custom 10
Rastrigin EI-Custom 11
Rastrigin EI-Custom 12
Rastrigin EI-Custom 13
Rastrigin EI-Custom 14
Rastrigin EI-Custom 15
Rastrigin EI-Custom 16
Rastrigin EI-Custom 17
Rastrigin EI-Custom 18
Rastrigin EI-Custom 19
Rastrigin EI-Custom 20
Rastrigin EI-Custom 21
Rastrigin EI-Custom 22
Rastrigin EI-Custom 23
Rastrigin EI-Custom 24
Rastrigin EI-Custom 25
Rastrigin EI-Custom 26
Rastrigin EI-Custom 27
Rastrigin EI-Custom 28
Rastrigin EI-Custom 29
Rastrigin EI-Custom 0
Rastrigin EI-Custom 1
Rastrigin EI-Custom 2
Rastrigin EI-Custom 3
Rastrigin EI-Custom 4
Rastrigin EI-Custom 5
Rastrigin EI-Custom 6
Rastrigin EI-Custom 7
Rastrigin EI-Custom 8
Rastrigin EI-Custom 9
Rastrigin EI-Custom 10
Rastrigin EI-Custom 11
Rastrigin EI-Custom 12
Rastrigin EI-Custom 13
Rastrigin EI-Custom 14
Rastrigin EI-Custom 15
Rastrigin EI-Custom 16
Rastrigin EI-Custom 17
Rastrigin EI-Custom 18
Rastrigin EI-Custom 19
Rastrigin EI-Custom 20
Rastrigin EI-Custom 21
Rastrigin EI-Custom 22
Rastrigin EI-Custom 23
Rastrigin EI-Custom 24
Rastrigin EI-Custom 25
Rastrigin EI-Custom 26
Rastrigin EI-Custom 27
Rastrigin EI-Custom 28
Rastrigin EI-Custom 29
Rastrigin EI-Custom 0
Rastrigin EI-Custom 1
Rastrigin EI-Custom 2
Rastrigin EI-Custom 3
Rastrigin EI-Custom 4
Rastrigin EI-Custom 5
Rastrigin EI-Custom 6
Rastrigin EI-Custom 7
Rastrigin EI-Custom 8
Rastrigin EI-Custom 9
Rastrigin EI-Custom 10
Rastrigin EI-Custom 11
Rastrigin EI-Custom 12
Rastrigin EI-Custom 13
Rastrigin EI-Custom 14
Rastrigin EI-Custom 15
Rastrigin EI-Custom 16
Rastrigin EI-Custom 17
Rastrigin EI-Custom 18
Rastrigin EI-Custom 19
Rastrigin EI-Custom 20
Rastrigin EI-Custom 21
Rastrigin EI-Custom 22
Rastrigin EI-Custom 23
Rastrigin EI-Custom 24
Rastrigin EI-Custom 25
Rastrigin EI-Custom 26
Rastrigin EI-Custom 27
Rastrigin EI-Custom 28
Rastrigin EI-Custom 29
Rastrigin EI-Custom 0
Rastrigin EI-Custom 1
Rastrigin EI-Custom 2
Rastrigin EI-Custom 3
Rastrigin EI-Custom 4
Rastrigin EI-Custom 5
Rastrigin EI-Custom 6
Rastrigin EI-Custom 7
Rastrigin EI-Custom 8
Rastrigin EI-Custom 9
Rastrigin EI-Custom 10
Rastrigin EI-Custom 11
Rastrigin EI-Custom 12
Rastrigin EI-Custom 13
Rastrigin EI-Custom 14
Rastrigin EI-Custom 15
Rastrigin EI-Custom 16
Rastrigin EI-Custom 17
Rastrigin EI-Custom 18
Rastrigin EI-Custom 19
Rastrigin EI-Custom 20
Rastrigin EI-Custom 21
Rastrigin EI-Custom 22
Rastrigin EI-Custom 23
Rastrigin EI-Custom 24
Rastrigin EI-Custom 25
Rastrigin EI-Custom 26
Rastrigin EI-Custom 27
Rastrigin EI-Custom 28
Rastrigin EI-Custom 29
Rastrigin EI-Custom 0
Rastrigin EI-Custom 1
Rastrigin EI-Custom 2
Rastrigin EI-Custom 3
Rastrigin EI-Custom 4
Rastrigin EI-Custom 5
Rastrigin EI-Custom 6
Rastrigin EI-Custom 7
Rastrigin EI-Custom 8
Rastrigin EI-Custom 9
Rastrigin EI-Custom 10
Rastrigin EI-Custom 11
Rastrigin EI-Custom 12
Rastrigin EI-Custom 13
Rastrigin EI-Custom 14
Rastrigin EI-Custom 15
Rastrigin EI-Custom 16
Rastrigin EI-Custom 17
Rastrigin EI-Custom 18
Rastrigin EI-Custom 19
Rastrigin EI-Custom 20
Rastrigin EI-Custom 21
Rastrigin EI-Custom 22
Rastrigin EI-Custom 23
Rastrigin EI-Custom 24
Rastrigin EI-Custom 25
Rastrigin EI-Custom 26
Rastrigin EI-Custom 27
Rastrigin EI-Custom 28
Rastrigin EI-Custom 29
Rosenbrock EI 0
Rosenbrock EI 1
Rosenbrock EI 2
Rosenbrock EI 3
Rosenbrock EI 4
Rosenbrock EI 5
Rosenbrock EI 6
Rosenbrock EI 7
Rosenbrock EI 8
Rosenbrock EI 9
Rosenbrock EI 10
Rosenbrock EI 11
Rosenbrock EI 12
Rosenbrock EI 13
Rosenbrock EI 14
Rosenbrock EI 15
Rosenbrock EI 16
Rosenbrock EI 17
Rosenbrock EI 18
Rosenbrock EI 19
Rosenbrock EI 20
Rosenbrock EI 21
Rosenbrock EI 22
Rosenbrock EI 23
Rosenbrock EI 24
Rosenbrock EI 25
Rosenbrock EI 26
Rosenbrock EI 27
Rosenbrock EI 28
Rosenbrock EI 29
Rosenbrock LogEI 0
Rosenbrock LogEI 1
Rosenbrock LogEI 2
Rosenbrock LogEI 3
Rosenbrock LogEI 4
Rosenbrock LogEI 5
Rosenbrock LogEI 6
Rosenbrock LogEI 7
Rosenbrock LogEI 8
Rosenbrock LogEI 9
Rosenbrock LogEI 10
Rosenbrock LogEI 11
Rosenbrock LogEI 12
Rosenbrock LogEI 13
Rosenbrock LogEI 14
Rosenbrock LogEI 15
Rosenbrock LogEI 16
Rosenbrock LogEI 17
Rosenbrock LogEI 18
Rosenbrock LogEI 19
Rosenbrock LogEI 20
Rosenbrock LogEI 21
Rosenbrock LogEI 22
Rosenbrock LogEI 23
Rosenbrock LogEI 24
Rosenbrock LogEI 25
Rosenbrock LogEI 26
Rosenbrock LogEI 27
Rosenbrock LogEI 28
Rosenbrock LogEI 29
Rosenbrock qLogEI 0
Rosenbrock qLogEI 1
Rosenbrock qLogEI 2
Rosenbrock qLogEI 3
Rosenbrock qLogEI 4
Rosenbrock qLogEI 5
Rosenbrock qLogEI 6
Rosenbrock qLogEI 7
Rosenbrock qLogEI 8
Rosenbrock qLogEI 9
Rosenbrock qLogEI 10
Rosenbrock qLogEI 11
Rosenbrock qLogEI 12
Rosenbrock qLogEI 13
Rosenbrock qLogEI 14
Rosenbrock qLogEI 15
Rosenbrock qLogEI 16
Rosenbrock qLogEI 17
Rosenbrock qLogEI 18
Rosenbrock qLogEI 19
Rosenbrock qLogEI 20
Rosenbrock qLogEI 21
Rosenbrock qLogEI 22
Rosenbrock qLogEI 23
Rosenbrock qLogEI 24
Rosenbrock qLogEI 25
Rosenbrock qLogEI 26
Rosenbrock qLogEI 27
Rosenbrock qLogEI 28
Rosenbrock qLogEI 29
Rosenbrock EI-Custom 0
Rosenbrock EI-Custom 1
Rosenbrock EI-Custom 2
Rosenbrock EI-Custom 3
Rosenbrock EI-Custom 4
Rosenbrock EI-Custom 5
Rosenbrock EI-Custom 6
Rosenbrock EI-Custom 7
Rosenbrock EI-Custom 8
Rosenbrock EI-Custom 9
Rosenbrock EI-Custom 10
Rosenbrock EI-Custom 11
Rosenbrock EI-Custom 12
Rosenbrock EI-Custom 13
Rosenbrock EI-Custom 14
Rosenbrock EI-Custom 15
Rosenbrock EI-Custom 16
Rosenbrock EI-Custom 17
Rosenbrock EI-Custom 18
Rosenbrock EI-Custom 19
Rosenbrock EI-Custom 20
Rosenbrock EI-Custom 21
Rosenbrock EI-Custom 22
Rosenbrock EI-Custom 23
Rosenbrock EI-Custom 24
Rosenbrock EI-Custom 25
Rosenbrock EI-Custom 26
Rosenbrock EI-Custom 27
Rosenbrock EI-Custom 28
Rosenbrock EI-Custom 29
Rosenbrock EI-Custom 0
Rosenbrock EI-Custom 1
Rosenbrock EI-Custom 2
Rosenbrock EI-Custom 3
Rosenbrock EI-Custom 4
Rosenbrock EI-Custom 5
Rosenbrock EI-Custom 6
Rosenbrock EI-Custom 7
Rosenbrock EI-Custom 8
Rosenbrock EI-Custom 9
Rosenbrock EI-Custom 10
Rosenbrock EI-Custom 11
Rosenbrock EI-Custom 12
Rosenbrock EI-Custom 13
Rosenbrock EI-Custom 14
Rosenbrock EI-Custom 15
Rosenbrock EI-Custom 16
Rosenbrock EI-Custom 17
Rosenbrock EI-Custom 18
Rosenbrock EI-Custom 19
Rosenbrock EI-Custom 20
Rosenbrock EI-Custom 21
Rosenbrock EI-Custom 22
Rosenbrock EI-Custom 23
Rosenbrock EI-Custom 24
Rosenbrock EI-Custom 25
Rosenbrock EI-Custom 26
Rosenbrock EI-Custom 27
Rosenbrock EI-Custom 28
Rosenbrock EI-Custom 29
Rosenbrock EI-Custom 0
Rosenbrock EI-Custom 1
Rosenbrock EI-Custom 2
Rosenbrock EI-Custom 3
Rosenbrock EI-Custom 4
Rosenbrock EI-Custom 5
Rosenbrock EI-Custom 6
Rosenbrock EI-Custom 7
Rosenbrock EI-Custom 8
Rosenbrock EI-Custom 9
Rosenbrock EI-Custom 10
Rosenbrock EI-Custom 11
Rosenbrock EI-Custom 12
Rosenbrock EI-Custom 13
Rosenbrock EI-Custom 14
Rosenbrock EI-Custom 15
Rosenbrock EI-Custom 16
Rosenbrock EI-Custom 17
Rosenbrock EI-Custom 18
Rosenbrock EI-Custom 19
Rosenbrock EI-Custom 20
Rosenbrock EI-Custom 21
Rosenbrock EI-Custom 22
Rosenbrock EI-Custom 23
Rosenbrock EI-Custom 24
Rosenbrock EI-Custom 25
Rosenbrock EI-Custom 26
Rosenbrock EI-Custom 27
Rosenbrock EI-Custom 28
Rosenbrock EI-Custom 29
Rosenbrock EI-Custom 0
Rosenbrock EI-Custom 1
Rosenbrock EI-Custom 2
Rosenbrock EI-Custom 3
Rosenbrock EI-Custom 4
Rosenbrock EI-Custom 5
Rosenbrock EI-Custom 6
Rosenbrock EI-Custom 7
Rosenbrock EI-Custom 8
Rosenbrock EI-Custom 9
Rosenbrock EI-Custom 10
Rosenbrock EI-Custom 11
Rosenbrock EI-Custom 12
Rosenbrock EI-Custom 13
Rosenbrock EI-Custom 14
Rosenbrock EI-Custom 15
Rosenbrock EI-Custom 16
Rosenbrock EI-Custom 17
Rosenbrock EI-Custom 18
Rosenbrock EI-Custom 19
Rosenbrock EI-Custom 20
Rosenbrock EI-Custom 21
Rosenbrock EI-Custom 22
Rosenbrock EI-Custom 23
Rosenbrock EI-Custom 24
Rosenbrock EI-Custom 25
Rosenbrock EI-Custom 26
Rosenbrock EI-Custom 27
Rosenbrock EI-Custom 28
Rosenbrock EI-Custom 29
Rosenbrock EI-Custom 0
Rosenbrock EI-Custom 1
Rosenbrock EI-Custom 2
Rosenbrock EI-Custom 3
Rosenbrock EI-Custom 4
Rosenbrock EI-Custom 5
Rosenbrock EI-Custom 6
Rosenbrock EI-Custom 7
Rosenbrock EI-Custom 8
Rosenbrock EI-Custom 9
Rosenbrock EI-Custom 10
Rosenbrock EI-Custom 11
Rosenbrock EI-Custom 12
Rosenbrock EI-Custom 13
Rosenbrock EI-Custom 14
Rosenbrock EI-Custom 15
Rosenbrock EI-Custom 16
Rosenbrock EI-Custom 17
Rosenbrock EI-Custom 18
Rosenbrock EI-Custom 19
Rosenbrock EI-Custom 20
Rosenbrock EI-Custom 21
Rosenbrock EI-Custom 22
Rosenbrock EI-Custom 23
Rosenbrock EI-Custom 24
Rosenbrock EI-Custom 25
Rosenbrock EI-Custom 26
Rosenbrock EI-Custom 27
Rosenbrock EI-Custom 28
Rosenbrock EI-Custom 29
Rosenbrock EI-Custom 0
Rosenbrock EI-Custom 1
Rosenbrock EI-Custom 2
Rosenbrock EI-Custom 3
Rosenbrock EI-Custom 4
Rosenbrock EI-Custom 5
Rosenbrock EI-Custom 6
Rosenbrock EI-Custom 7
Rosenbrock EI-Custom 8
Rosenbrock EI-Custom 9
Rosenbrock EI-Custom 10
Rosenbrock EI-Custom 11
Rosenbrock EI-Custom 12
Rosenbrock EI-Custom 13
Rosenbrock EI-Custom 14
Rosenbrock EI-Custom 15
Rosenbrock EI-Custom 16
Rosenbrock EI-Custom 17
Rosenbrock EI-Custom 18
Rosenbrock EI-Custom 19
Rosenbrock EI-Custom 20
Rosenbrock EI-Custom 21
Rosenbrock EI-Custom 22
Rosenbrock EI-Custom 23
Rosenbrock EI-Custom 24
Rosenbrock EI-Custom 25
Rosenbrock EI-Custom 26
Rosenbrock EI-Custom 27
Rosenbrock EI-Custom 28
Rosenbrock EI-Custom 29
Rosenbrock EI-Custom 0
Rosenbrock EI-Custom 1
Rosenbrock EI-Custom 2
Rosenbrock EI-Custom 3
Rosenbrock EI-Custom 4
Rosenbrock EI-Custom 5
Rosenbrock EI-Custom 6
Rosenbrock EI-Custom 7
Rosenbrock EI-Custom 8
Rosenbrock EI-Custom 9
Rosenbrock EI-Custom 10
Rosenbrock EI-Custom 11
Rosenbrock EI-Custom 12
Rosenbrock EI-Custom 13
Rosenbrock EI-Custom 14
Rosenbrock EI-Custom 15
Rosenbrock EI-Custom 16
Rosenbrock EI-Custom 17
Rosenbrock EI-Custom 18
Rosenbrock EI-Custom 19
Rosenbrock EI-Custom 20
Rosenbrock EI-Custom 21
Rosenbrock EI-Custom 22
Rosenbrock EI-Custom 23
Rosenbrock EI-Custom 24
Rosenbrock EI-Custom 25
Rosenbrock EI-Custom 26
Rosenbrock EI-Custom 27
Rosenbrock EI-Custom 28
Rosenbrock EI-Custom 29
Rosenbrock EI-Custom 0
Rosenbrock EI-Custom 1
Rosenbrock EI-Custom 2
Rosenbrock EI-Custom 3
Rosenbrock EI-Custom 4
Rosenbrock EI-Custom 5
Rosenbrock EI-Custom 6
Rosenbrock EI-Custom 7
Rosenbrock EI-Custom 8
Rosenbrock EI-Custom 9
Rosenbrock EI-Custom 10
Rosenbrock EI-Custom 11
Rosenbrock EI-Custom 12
Rosenbrock EI-Custom 13
Rosenbrock EI-Custom 14
Rosenbrock EI-Custom 15
Rosenbrock EI-Custom 16
Rosenbrock EI-Custom 17
Rosenbrock EI-Custom 18
Rosenbrock EI-Custom 19
Rosenbrock EI-Custom 20
Rosenbrock EI-Custom 21
Rosenbrock EI-Custom 22
Rosenbrock EI-Custom 23
Rosenbrock EI-Custom 24
Rosenbrock EI-Custom 25
Rosenbrock EI-Custom 26
Rosenbrock EI-Custom 27
Rosenbrock EI-Custom 28
Rosenbrock EI-Custom 29
Rosenbrock EI-Custom 0
Rosenbrock EI-Custom 1
Rosenbrock EI-Custom 2
Rosenbrock EI-Custom 3
Rosenbrock EI-Custom 4
Rosenbrock EI-Custom 5
Rosenbrock EI-Custom 6
Rosenbrock EI-Custom 7
Rosenbrock EI-Custom 8
Rosenbrock EI-Custom 9
Rosenbrock EI-Custom 10
Rosenbrock EI-Custom 11
Rosenbrock EI-Custom 12
Rosenbrock EI-Custom 13
Rosenbrock EI-Custom 14
Rosenbrock EI-Custom 15
Rosenbrock EI-Custom 16
Rosenbrock EI-Custom 17
Rosenbrock EI-Custom 18
Rosenbrock EI-Custom 19
Rosenbrock EI-Custom 20
Rosenbrock EI-Custom 21
Rosenbrock EI-Custom 22
Rosenbrock EI-Custom 23
Rosenbrock EI-Custom 24
Rosenbrock EI-Custom 25
Rosenbrock EI-Custom 26
Rosenbrock EI-Custom 27
Rosenbrock EI-Custom 28
Rosenbrock EI-Custom 29
StyblinskiTang EI 0
StyblinskiTang EI 1
StyblinskiTang EI 2
StyblinskiTang EI 3
StyblinskiTang EI 4
StyblinskiTang EI 5
StyblinskiTang EI 6
StyblinskiTang EI 7
StyblinskiTang EI 8
StyblinskiTang EI 9
StyblinskiTang EI 10
StyblinskiTang EI 11
StyblinskiTang EI 12
StyblinskiTang EI 13
StyblinskiTang EI 14
StyblinskiTang EI 15
StyblinskiTang EI 16
StyblinskiTang EI 17
StyblinskiTang EI 18
StyblinskiTang EI 19
StyblinskiTang EI 20
StyblinskiTang EI 21
StyblinskiTang EI 22
StyblinskiTang EI 23
StyblinskiTang EI 24
StyblinskiTang EI 25
StyblinskiTang EI 26
StyblinskiTang EI 27
StyblinskiTang EI 28
StyblinskiTang EI 29
StyblinskiTang LogEI 0
StyblinskiTang LogEI 1
StyblinskiTang LogEI 2
StyblinskiTang LogEI 3
StyblinskiTang LogEI 4
StyblinskiTang LogEI 5
StyblinskiTang LogEI 6
StyblinskiTang LogEI 7
StyblinskiTang LogEI 8
StyblinskiTang LogEI 9
StyblinskiTang LogEI 10
StyblinskiTang LogEI 11
StyblinskiTang LogEI 12
StyblinskiTang LogEI 13
StyblinskiTang LogEI 14
StyblinskiTang LogEI 15
StyblinskiTang LogEI 16
StyblinskiTang LogEI 17
StyblinskiTang LogEI 18
StyblinskiTang LogEI 19
StyblinskiTang LogEI 20
StyblinskiTang LogEI 21
StyblinskiTang LogEI 22
StyblinskiTang LogEI 23
StyblinskiTang LogEI 24
StyblinskiTang LogEI 25
StyblinskiTang LogEI 26
StyblinskiTang LogEI 27
StyblinskiTang LogEI 28
StyblinskiTang LogEI 29
StyblinskiTang qLogEI 0
StyblinskiTang qLogEI 1
StyblinskiTang qLogEI 2
StyblinskiTang qLogEI 3
StyblinskiTang qLogEI 4
StyblinskiTang qLogEI 5
StyblinskiTang qLogEI 6
StyblinskiTang qLogEI 7
StyblinskiTang qLogEI 8
StyblinskiTang qLogEI 9
StyblinskiTang qLogEI 10
StyblinskiTang qLogEI 11
StyblinskiTang qLogEI 12
StyblinskiTang qLogEI 13
StyblinskiTang qLogEI 14
StyblinskiTang qLogEI 15
StyblinskiTang qLogEI 16
StyblinskiTang qLogEI 17
StyblinskiTang qLogEI 18
StyblinskiTang qLogEI 19
StyblinskiTang qLogEI 20
StyblinskiTang qLogEI 21
StyblinskiTang qLogEI 22
StyblinskiTang qLogEI 23
StyblinskiTang qLogEI 24
StyblinskiTang qLogEI 25
StyblinskiTang qLogEI 26
StyblinskiTang qLogEI 27
StyblinskiTang qLogEI 28
StyblinskiTang qLogEI 29
StyblinskiTang EI-Custom 0
StyblinskiTang EI-Custom 1
StyblinskiTang EI-Custom 2
StyblinskiTang EI-Custom 3
StyblinskiTang EI-Custom 4
StyblinskiTang EI-Custom 5
StyblinskiTang EI-Custom 6
StyblinskiTang EI-Custom 7
StyblinskiTang EI-Custom 8
StyblinskiTang EI-Custom 9
StyblinskiTang EI-Custom 10
StyblinskiTang EI-Custom 11
StyblinskiTang EI-Custom 12
StyblinskiTang EI-Custom 13
StyblinskiTang EI-Custom 14
StyblinskiTang EI-Custom 15
StyblinskiTang EI-Custom 16
StyblinskiTang EI-Custom 17
StyblinskiTang EI-Custom 18
StyblinskiTang EI-Custom 19
StyblinskiTang EI-Custom 20
StyblinskiTang EI-Custom 21
StyblinskiTang EI-Custom 22
StyblinskiTang EI-Custom 23
StyblinskiTang EI-Custom 24
StyblinskiTang EI-Custom 25
StyblinskiTang EI-Custom 26
StyblinskiTang EI-Custom 27
StyblinskiTang EI-Custom 28
StyblinskiTang EI-Custom 29
StyblinskiTang EI-Custom 0
StyblinskiTang EI-Custom 1
StyblinskiTang EI-Custom 2
StyblinskiTang EI-Custom 3
StyblinskiTang EI-Custom 4
StyblinskiTang EI-Custom 5
StyblinskiTang EI-Custom 6
StyblinskiTang EI-Custom 7
StyblinskiTang EI-Custom 8
StyblinskiTang EI-Custom 9
StyblinskiTang EI-Custom 10
StyblinskiTang EI-Custom 11
StyblinskiTang EI-Custom 12
StyblinskiTang EI-Custom 13
StyblinskiTang EI-Custom 14
StyblinskiTang EI-Custom 15
StyblinskiTang EI-Custom 16
StyblinskiTang EI-Custom 17
StyblinskiTang EI-Custom 18
StyblinskiTang EI-Custom 19
StyblinskiTang EI-Custom 20
StyblinskiTang EI-Custom 21
StyblinskiTang EI-Custom 22
StyblinskiTang EI-Custom 23
StyblinskiTang EI-Custom 24
StyblinskiTang EI-Custom 25
StyblinskiTang EI-Custom 26
StyblinskiTang EI-Custom 27
StyblinskiTang EI-Custom 28
StyblinskiTang EI-Custom 29
StyblinskiTang EI-Custom 0
StyblinskiTang EI-Custom 1
StyblinskiTang EI-Custom 2
StyblinskiTang EI-Custom 3
StyblinskiTang EI-Custom 4
StyblinskiTang EI-Custom 5
StyblinskiTang EI-Custom 6
StyblinskiTang EI-Custom 7
StyblinskiTang EI-Custom 8
StyblinskiTang EI-Custom 9
StyblinskiTang EI-Custom 10
StyblinskiTang EI-Custom 11
StyblinskiTang EI-Custom 12
StyblinskiTang EI-Custom 13
StyblinskiTang EI-Custom 14
StyblinskiTang EI-Custom 15
StyblinskiTang EI-Custom 16
StyblinskiTang EI-Custom 17
StyblinskiTang EI-Custom 18
StyblinskiTang EI-Custom 19
StyblinskiTang EI-Custom 20
StyblinskiTang EI-Custom 21
StyblinskiTang EI-Custom 22
StyblinskiTang EI-Custom 23
StyblinskiTang EI-Custom 24
StyblinskiTang EI-Custom 25
StyblinskiTang EI-Custom 26
StyblinskiTang EI-Custom 27
StyblinskiTang EI-Custom 28
StyblinskiTang EI-Custom 29
StyblinskiTang EI-Custom 0
StyblinskiTang EI-Custom 1
StyblinskiTang EI-Custom 2
StyblinskiTang EI-Custom 3
StyblinskiTang EI-Custom 4
StyblinskiTang EI-Custom 5
StyblinskiTang EI-Custom 6
StyblinskiTang EI-Custom 7
StyblinskiTang EI-Custom 8
StyblinskiTang EI-Custom 9
StyblinskiTang EI-Custom 10
StyblinskiTang EI-Custom 11
StyblinskiTang EI-Custom 12
StyblinskiTang EI-Custom 13
StyblinskiTang EI-Custom 14
StyblinskiTang EI-Custom 15
StyblinskiTang EI-Custom 16
StyblinskiTang EI-Custom 17
StyblinskiTang EI-Custom 18
StyblinskiTang EI-Custom 19
StyblinskiTang EI-Custom 20
StyblinskiTang EI-Custom 21
StyblinskiTang EI-Custom 22
StyblinskiTang EI-Custom 23
StyblinskiTang EI-Custom 24
StyblinskiTang EI-Custom 25
StyblinskiTang EI-Custom 26
StyblinskiTang EI-Custom 27
StyblinskiTang EI-Custom 28
StyblinskiTang EI-Custom 29
StyblinskiTang EI-Custom 0
StyblinskiTang EI-Custom 1
StyblinskiTang EI-Custom 2
StyblinskiTang EI-Custom 3
StyblinskiTang EI-Custom 4
StyblinskiTang EI-Custom 5
StyblinskiTang EI-Custom 6
StyblinskiTang EI-Custom 7
StyblinskiTang EI-Custom 8
StyblinskiTang EI-Custom 9
StyblinskiTang EI-Custom 10
StyblinskiTang EI-Custom 11
StyblinskiTang EI-Custom 12
StyblinskiTang EI-Custom 13
StyblinskiTang EI-Custom 14
StyblinskiTang EI-Custom 15
StyblinskiTang EI-Custom 16
StyblinskiTang EI-Custom 17
StyblinskiTang EI-Custom 18
StyblinskiTang EI-Custom 19
StyblinskiTang EI-Custom 20
StyblinskiTang EI-Custom 21
StyblinskiTang EI-Custom 22
StyblinskiTang EI-Custom 23
StyblinskiTang EI-Custom 24
StyblinskiTang EI-Custom 25
StyblinskiTang EI-Custom 26
StyblinskiTang EI-Custom 27
StyblinskiTang EI-Custom 28
StyblinskiTang EI-Custom 29
StyblinskiTang EI-Custom 0
StyblinskiTang EI-Custom 1
StyblinskiTang EI-Custom 2
StyblinskiTang EI-Custom 3
StyblinskiTang EI-Custom 4
StyblinskiTang EI-Custom 5
StyblinskiTang EI-Custom 6
StyblinskiTang EI-Custom 7
StyblinskiTang EI-Custom 8
StyblinskiTang EI-Custom 9
StyblinskiTang EI-Custom 10
StyblinskiTang EI-Custom 11
StyblinskiTang EI-Custom 12
StyblinskiTang EI-Custom 13
StyblinskiTang EI-Custom 14
StyblinskiTang EI-Custom 15
StyblinskiTang EI-Custom 16
StyblinskiTang EI-Custom 17
StyblinskiTang EI-Custom 18
StyblinskiTang EI-Custom 19
StyblinskiTang EI-Custom 20
StyblinskiTang EI-Custom 21
StyblinskiTang EI-Custom 22
StyblinskiTang EI-Custom 23
StyblinskiTang EI-Custom 24
StyblinskiTang EI-Custom 25
StyblinskiTang EI-Custom 26
StyblinskiTang EI-Custom 27
StyblinskiTang EI-Custom 28
StyblinskiTang EI-Custom 29
StyblinskiTang EI-Custom 0
StyblinskiTang EI-Custom 1
StyblinskiTang EI-Custom 2
StyblinskiTang EI-Custom 3
StyblinskiTang EI-Custom 4
StyblinskiTang EI-Custom 5
StyblinskiTang EI-Custom 6
StyblinskiTang EI-Custom 7
StyblinskiTang EI-Custom 8
StyblinskiTang EI-Custom 9
StyblinskiTang EI-Custom 10
StyblinskiTang EI-Custom 11
StyblinskiTang EI-Custom 12
StyblinskiTang EI-Custom 13
StyblinskiTang EI-Custom 14
StyblinskiTang EI-Custom 15
StyblinskiTang EI-Custom 16
StyblinskiTang EI-Custom 17
StyblinskiTang EI-Custom 18
StyblinskiTang EI-Custom 19
StyblinskiTang EI-Custom 20
StyblinskiTang EI-Custom 21
StyblinskiTang EI-Custom 22
StyblinskiTang EI-Custom 23
StyblinskiTang EI-Custom 24
StyblinskiTang EI-Custom 25
StyblinskiTang EI-Custom 26
StyblinskiTang EI-Custom 27
StyblinskiTang EI-Custom 28
StyblinskiTang EI-Custom 29
StyblinskiTang EI-Custom 0
StyblinskiTang EI-Custom 1
StyblinskiTang EI-Custom 2
StyblinskiTang EI-Custom 3
StyblinskiTang EI-Custom 4
StyblinskiTang EI-Custom 5
StyblinskiTang EI-Custom 6
StyblinskiTang EI-Custom 7
StyblinskiTang EI-Custom 8
StyblinskiTang EI-Custom 9
StyblinskiTang EI-Custom 10
StyblinskiTang EI-Custom 11
StyblinskiTang EI-Custom 12
StyblinskiTang EI-Custom 13
StyblinskiTang EI-Custom 14
StyblinskiTang EI-Custom 15
StyblinskiTang EI-Custom 16
StyblinskiTang EI-Custom 17
StyblinskiTang EI-Custom 18
StyblinskiTang EI-Custom 19
StyblinskiTang EI-Custom 20
StyblinskiTang EI-Custom 21
StyblinskiTang EI-Custom 22
StyblinskiTang EI-Custom 23
StyblinskiTang EI-Custom 24
StyblinskiTang EI-Custom 25
StyblinskiTang EI-Custom 26
StyblinskiTang EI-Custom 27
StyblinskiTang EI-Custom 28
StyblinskiTang EI-Custom 29
StyblinskiTang EI-Custom 0
StyblinskiTang EI-Custom 1
StyblinskiTang EI-Custom 2
StyblinskiTang EI-Custom 3
StyblinskiTang EI-Custom 4
StyblinskiTang EI-Custom 5
StyblinskiTang EI-Custom 6
StyblinskiTang EI-Custom 7
StyblinskiTang EI-Custom 8
StyblinskiTang EI-Custom 9
StyblinskiTang EI-Custom 10
StyblinskiTang EI-Custom 11
StyblinskiTang EI-Custom 12
StyblinskiTang EI-Custom 13
StyblinskiTang EI-Custom 14
StyblinskiTang EI-Custom 15
StyblinskiTang EI-Custom 16
StyblinskiTang EI-Custom 17
StyblinskiTang EI-Custom 18
StyblinskiTang EI-Custom 19
StyblinskiTang EI-Custom 20
StyblinskiTang EI-Custom 21
StyblinskiTang EI-Custom 22
StyblinskiTang EI-Custom 23
StyblinskiTang EI-Custom 24
StyblinskiTang EI-Custom 25
StyblinskiTang EI-Custom 26
StyblinskiTang EI-Custom 27
StyblinskiTang EI-Custom 28
StyblinskiTang EI-Custom 29
