Initial hypervolume: 243.7956
Running Bayesian Optimization for BraninCurrin with 2 dimensions and 2 objectives
Running EHVI
File numerical_results/BraninCurrin/BraninCurrin_best_values_EHVI.npy does not exist.
File numerical_results/BraninCurrin/BraninCurrin_best_values_EHVI.npy does not exist.
Run 1
BraninCurrin EHVI 1
Run 2
BraninCurrin EHVI 2
Run 3
BraninCurrin EHVI 3
Run 4
BraninCurrin EHVI 4
Run 5
BraninCurrin EHVI 5
Run 6
BraninCurrin EHVI 6
Run 7
BraninCurrin EHVI 7
Run 8
BraninCurrin EHVI 8
Run 9
BraninCurrin EHVI 9
Run 10
BraninCurrin EHVI 10
[[243.79561155413992, 243.79561155413992, 243.79561155413992, 243.79561155413992, 243.79561155413992, 243.79561155413992, 243.79561155413992, 243.79561155413992, 243.79561155413992, 243.79561155413992, 243.79561155413992, 243.79561155413992, 243.79561155413992, 243.79561155413992, 243.79561155413992, 243.79561155413992, 243.79561155413992, 243.79561155413992, 243.79561155413992, 243.79561155413992, 243.79561155413992, 243.79561155413992, 243.79561155413992, 243.79561155413992, 243.79561155413992, 243.79561155413992, 243.79561155413992, 243.79561155413992, 243.79561155413992, 243.79561155413992, 243.79561155413992, 243.79561155413992, 243.79561155413992, 243.79561155413992, 243.79561155413992, 243.79561155413992, 243.79561155413992, 243.79561155413992, 243.79561155413992, 243.79561155413992, 243.79561155413992, 243.79561155413992, 243.79561155413992, 243.79561155413992, 243.79561155413992, 243.79561155413992, 243.79561155413992, 243.79561155413992, 243.79561155413992, 243.79561155413992, 243.79561155413992], [243.79561155413992, 243.79561155413992, 243.79561155413992, 243.79561155413992, 243.79561155413992, 243.79561155413992, 243.79561155413992, 243.79561155413992, 243.79561155413992, 243.79561155413992, 243.79561155413992, 243.79561155413992, 243.79561155413992, 243.79561155413992, 243.79561155413992, 243.79561155413992, 243.79561155413992, 243.79561155413992, 243.79561155413992, 243.79561155413992, 243.79561155413992, 243.79561155413992, 243.79561155413992, 243.79561155413992, 243.79561155413992, 243.79561155413992, 243.79561155413992, 243.79561155413992, 243.79561155413992, 243.79561155413992, 243.79561155413992, 243.79561155413992, 243.79561155413992, 243.79561155413992, 243.79561155413992, 243.79561155413992, 243.79561155413992, 243.79561155413992, 243.79561155413992, 243.79561155413992, 243.79561155413992, 243.79561155413992, 243.79561155413992, 243.79561155413992, 243.79561155413992, 243.79561155413992, 243.79561155413992, 243.79561155413992, 243.79561155413992, 243.79561155413992, 243.79561155413992], [243.79561155413992, 243.79561155413992, 243.79561155413992, 243.79561155413992, 243.79561155413992, 243.79561155413992, 243.79561155413992, 243.79561155413992, 243.79561155413992, 243.79561155413992, 243.79561155413992, 243.79561155413992, 243.79561155413992, 243.79561155413992, 243.79561155413992, 243.79561155413992, 243.79561155413992, 243.79561155413992, 243.79561155413992, 243.79561155413992, 243.79561155413992, 243.79561155413992, 243.79561155413992, 243.79561155413992, 243.79561155413992, 243.79561155413992, 243.79561155413992, 243.79561155413992, 243.79561155413992, 243.79561155413992, 243.79561155413992, 243.79561155413992, 243.79561155413992, 243.79561155413992, 243.79561155413992, 243.79561155413992, 243.79561155413992, 243.79561155413992, 243.79561155413992, 243.79561155413992, 243.79561155413992, 243.79561155413992, 243.79561155413992, 243.79561155413992, 243.79561155413992, 243.79561155413992, 243.79561155413992, 243.79561155413992, 243.79561155413992, 243.79561155413992, 243.79561155413992], [243.79561155413992, 243.79561155413992, 243.79561155413992, 243.79561155413992, 243.79561155413992, 243.79561155413992, 243.79561155413992, 243.79561155413992, 243.79561155413992, 243.79561155413992, 243.79561155413992, 243.79561155413992, 243.79561155413992, 243.79561155413992, 243.79561155413992, 243.79561155413992, 243.79561155413992, 243.79561155413992, 243.79561155413992, 243.79561155413992, 243.79561155413992, 243.79561155413992, 243.79561155413992, 243.79561155413992, 243.79561155413992, 243.79561155413992, 243.79561155413992, 243.79561155413992, 243.79561155413992, 243.79561155413992, 243.79561155413992, 243.79561155413992, 243.79561155413992, 243.79561155413992, 243.79561155413992, 243.79561155413992, 243.79561155413992, 243.79561155413992, 243.79561155413992, 243.79561155413992, 243.79561155413992, 243.79561155413992, 243.79561155413992, 243.79561155413992, 243.79561155413992, 243.79561155413992, 243.79561155413992, 243.79561155413992, 243.79561155413992, 243.79561155413992, 243.79561155413992], [243.79561155413992, 243.79561155413992, 243.79561155413992, 243.79561155413992, 243.79561155413992, 243.79561155413992, 243.79561155413992, 243.79561155413992, 243.79561155413992, 243.79561155413992, 243.79561155413992, 243.79561155413992, 243.79561155413992, 243.79561155413992, 243.79561155413992, 243.79561155413992, 243.79561155413992, 243.79561155413992, 243.79561155413992, 243.79561155413992, 243.79561155413992, 243.79561155413992, 243.79561155413992, 243.79561155413992, 243.79561155413992, 243.79561155413992, 243.79561155413992, 243.79561155413992, 243.79561155413992, 243.79561155413992, 243.79561155413992, 243.79561155413992, 243.79561155413992, 243.79561155413992, 243.79561155413992, 243.79561155413992, 243.79561155413992, 243.79561155413992, 243.79561155413992, 243.79561155413992, 243.79561155413992, 243.79561155413992, 243.79561155413992, 243.79561155413992, 243.79561155413992, 243.79561155413992, 243.79561155413992, 243.79561155413992, 243.79561155413992, 243.79561155413992, 243.79561155413992], [243.79561155413992, 243.79561155413992, 243.79561155413992, 243.79561155413992, 243.79561155413992, 243.79561155413992, 243.79561155413992, 243.79561155413992, 243.79561155413992, 243.79561155413992, 243.79561155413992, 243.79561155413992, 243.79561155413992, 243.79561155413992, 243.79561155413992, 243.79561155413992, 243.79561155413992, 243.79561155413992, 243.79561155413992, 243.79561155413992, 243.79561155413992, 243.79561155413992, 243.79561155413992, 243.79561155413992, 243.79561155413992, 243.79561155413992, 243.79561155413992, 243.79561155413992, 243.79561155413992, 243.79561155413992, 243.79561155413992, 243.79561155413992, 243.79561155413992, 243.79561155413992, 243.79561155413992, 243.79561155413992, 243.79561155413992, 243.79561155413992, 243.79561155413992, 243.79561155413992, 243.79561155413992, 243.79561155413992, 243.79561155413992, 243.79561155413992, 243.79561155413992, 243.79561155413992, 243.79561155413992, 243.79561155413992, 243.79561155413992, 243.79561155413992, 243.79561155413992], [243.79561155413992, 243.79561155413992, 243.79561155413992, 243.79561155413992, 243.79561155413992, 243.79561155413992, 243.79561155413992, 243.79561155413992, 243.79561155413992, 243.79561155413992, 243.79561155413992, 243.79561155413992, 243.79561155413992, 243.79561155413992, 243.79561155413992, 243.79561155413992, 243.79561155413992, 243.79561155413992, 243.79561155413992, 243.79561155413992, 243.79561155413992, 243.79561155413992, 243.79561155413992, 243.79561155413992, 243.79561155413992, 243.79561155413992, 243.79561155413992, 243.79561155413992, 243.79561155413992, 243.79561155413992, 243.79561155413992, 243.79561155413992, 243.79561155413992, 243.79561155413992, 243.79561155413992, 243.79561155413992, 243.79561155413992, 243.79561155413992, 243.79561155413992, 243.79561155413992, 243.79561155413992, 243.79561155413992, 243.79561155413992, 243.79561155413992, 243.79561155413992, 243.79561155413992, 243.79561155413992, 243.79561155413992, 243.79561155413992, 243.79561155413992, 243.79561155413992], [243.79561155413992, 243.79561155413992, 243.79561155413992, 243.79561155413992, 243.79561155413992, 243.79561155413992, 243.79561155413992, 243.79561155413992, 243.79561155413992, 243.79561155413992, 243.79561155413992, 243.79561155413992, 243.79561155413992, 243.79561155413992, 243.79561155413992, 243.79561155413992, 243.79561155413992, 243.79561155413992, 243.79561155413992, 243.79561155413992, 243.79561155413992, 243.79561155413992, 243.79561155413992, 243.79561155413992, 243.79561155413992, 243.79561155413992, 243.79561155413992, 243.79561155413992, 243.79561155413992, 243.79561155413992, 243.79561155413992, 243.79561155413992, 243.79561155413992, 243.79561155413992, 243.79561155413992, 243.79561155413992, 243.79561155413992, 243.79561155413992, 243.79561155413992, 243.79561155413992, 243.79561155413992, 243.79561155413992, 243.79561155413992, 243.79561155413992, 243.79561155413992, 243.79561155413992, 243.79561155413992, 243.79561155413992, 243.79561155413992, 243.79561155413992, 243.79561155413992], [243.79561155413992, 243.79561155413992, 243.79561155413992, 243.79561155413992, 243.79561155413992, 243.79561155413992, 243.79561155413992, 243.79561155413992, 243.79561155413992, 243.79561155413992, 243.79561155413992, 243.79561155413992, 243.79561155413992, 243.79561155413992, 243.79561155413992, 243.79561155413992, 243.79561155413992, 243.79561155413992, 243.79561155413992, 243.79561155413992, 243.79561155413992, 243.79561155413992, 243.79561155413992, 243.79561155413992, 243.79561155413992, 243.79561155413992, 243.79561155413992, 243.79561155413992, 243.79561155413992, 243.79561155413992, 243.79561155413992, 243.79561155413992, 243.79561155413992, 243.79561155413992, 243.79561155413992, 243.79561155413992, 243.79561155413992, 243.79561155413992, 243.79561155413992, 243.79561155413992, 243.79561155413992, 243.79561155413992, 243.79561155413992, 243.79561155413992, 243.79561155413992, 243.79561155413992, 243.79561155413992, 243.79561155413992, 243.79561155413992, 243.79561155413992, 243.79561155413992], [243.79561155413992, 243.79561155413992, 243.79561155413992, 243.79561155413992, 243.79561155413992, 243.79561155413992, 243.79561155413992, 243.79561155413992, 243.79561155413992, 243.79561155413992, 243.79561155413992, 243.79561155413992, 243.79561155413992, 243.79561155413992, 243.79561155413992, 243.79561155413992, 243.79561155413992, 243.79561155413992, 243.79561155413992, 243.79561155413992, 243.79561155413992, 243.79561155413992, 243.79561155413992, 243.79561155413992, 243.79561155413992, 243.79561155413992, 243.79561155413992, 243.79561155413992, 243.79561155413992, 243.79561155413992, 243.79561155413992, 243.79561155413992, 243.79561155413992, 243.79561155413992, 243.79561155413992, 243.79561155413992, 243.79561155413992, 243.79561155413992, 243.79561155413992, 243.79561155413992, 243.79561155413992, 243.79561155413992, 243.79561155413992, 243.79561155413992, 243.79561155413992, 243.79561155413992, 243.79561155413992, 243.79561155413992, 243.79561155413992, 243.79561155413992, 243.79561155413992]]
Running qEHVI
File numerical_results/BraninCurrin/BraninCurrin_best_values_qEHVI.npy does not exist.
File numerical_results/BraninCurrin/BraninCurrin_best_values_qEHVI.npy does not exist.
Run 1
BraninCurrin qEHVI 1
Run 2
BraninCurrin qEHVI 2
Run 3
BraninCurrin qEHVI 3
Run 4
BraninCurrin qEHVI 4
Run 5
BraninCurrin qEHVI 5
Run 6
BraninCurrin qEHVI 6
Run 7
BraninCurrin qEHVI 7
Run 8
BraninCurrin qEHVI 8
Run 9
BraninCurrin qEHVI 9
Run 10
BraninCurrin qEHVI 10
[[243.79561155413992, 243.79561155413992, 243.79561155413992, 621.711428296184, 621.711428296184, 621.711428296184, 621.711428296184, 621.711428296184, 998.7812130255151, 998.7812130255151, 998.7812130255151, 998.7812130255151, 998.7812130255151, 998.7812130255151, 998.7812130255151, 998.7812130255151, 998.7812130255151, 998.7812130255151, 998.7812130255151, 998.7812130255151, 998.7812130255151, 998.7812130255151, 998.7812130255151, 998.7812130255151, 998.7812130255151, 998.7812130255151, 998.7812130255151, 998.7812130255151, 998.7812130255151, 998.7812130255151, 1146.8940059716351, 1146.8940059716351, 1146.8940059716351, 1183.339545046305, 1183.339545046305, 1183.339545046305, 1183.339545046305, 1183.339545046305, 1183.339545046305, 1183.339545046305, 1183.339545046305, 1183.339545046305, 1183.339545046305, 1183.339545046305, 1183.339545046305, 1183.339545046305, 1183.339545046305, 1183.339545046305, 1183.339545046305, 1183.339545046305, 1183.339545046305], [243.79561155413992, 243.79561155413992, 243.79561155413992, 611.8206116076751, 611.8206116076751, 611.8206116076751, 611.8206116076751, 611.8206116076751, 611.8206116076751, 611.8206116076751, 1004.4651426594853, 1004.4651426594853, 1004.4651426594853, 1004.4651426594853, 1004.4651426594853, 1004.4651426594853, 1004.4651426594853, 1004.4651426594853, 1013.3104302260311, 1013.3104302260311, 1013.3104302260311, 1013.3104302260311, 1013.3104302260311, 1013.3104302260311, 1013.3104302260311, 1013.3104302260311, 1013.3104302260311, 1013.3104302260311, 1013.3104302260311, 1013.3104302260311, 1013.3104302260311, 1013.3104302260311, 1013.3104302260311, 1042.5331439323752, 1178.2079279074485, 1178.2079279074485, 1178.2079279074485, 1178.2079279074485, 1178.2079279074485, 1178.2079279074485, 1178.2079279074485, 1178.2079279074485, 1178.2079279074485, 1178.2079279074485, 1178.2079279074485, 1178.2079279074485, 1178.2079279074485, 1178.2079279074485, 1178.2079279074485, 1178.2079279074485, 1178.2079279074485], [243.79561155413992, 243.79561155413992, 243.79561155413992, 611.6766043314439, 611.6766043314439, 611.6766043314439, 611.6766043314439, 611.6766043314439, 985.9521182550518, 985.9521182550518, 985.9521182550518, 985.9521182550518, 985.9521182550518, 985.9521182550518, 985.9521182550518, 985.9521182550518, 985.9521182550518, 985.9521182550518, 985.9521182550518, 985.9521182550518, 985.9521182550518, 985.9521182550518, 985.9521182550518, 985.9521182550518, 985.9521182550518, 985.9521182550518, 985.9521182550518, 985.9521182550518, 985.9521182550518, 985.9521182550518, 1149.3299861286555, 1149.3299861286555, 1149.3299861286555, 1149.3299861286555, 1149.3299861286555, 1176.6843341106182, 1176.6843341106182, 1176.6843341106182, 1176.6843341106182, 1176.6843341106182, 1176.6843341106182, 1176.6843341106182, 1176.6843341106182, 1176.6843341106182, 1176.6843341106182, 1176.6843341106182, 1176.6843341106182, 1176.6843341106182, 1176.6927827439094, 1176.6927827439094, 1176.6927827439094], [243.79561155413992, 243.79561155413992, 243.79561155413992, 592.1681490355136, 592.1681490355136, 592.1681490355136, 592.1681490355136, 1009.7362385678938, 1009.7362385678938, 1009.7362385678938, 1009.7362385678938, 1009.7362385678938, 1009.7362385678938, 1009.7362385678938, 1009.7362385678938, 1009.7362385678938, 1009.7362385678938, 1009.7362385678938, 1009.7362385678938, 1009.7362385678938, 1009.7362385678938, 1009.7362385678938, 1009.7362385678938, 1009.7362385678938, 1055.1780073583561, 1055.1780073583561, 1055.1780073583561, 1055.1780073583561, 1055.1780073583561, 1055.1780073583561, 1195.3657840344429, 1195.3657840344429, 1195.3657840344429, 1195.3657840344429, 1195.3657840344429, 1195.3657840344429, 1195.3657840344429, 1195.3657840344429, 1195.3657840344429, 1195.3657840344429, 1195.3657840344429, 1195.3657840344429, 1195.3657840344429, 1195.3657840344429, 1195.3657840344429, 1195.3657840344429, 1195.3657840344429, 1195.3657840344429, 1195.3657840344429, 1195.3657840344429, 1195.3657840344429], [243.79561155413992, 243.79561155413992, 243.79561155413992, 626.7778891060773, 626.7778891060773, 626.7778891060773, 626.7778891060773, 1032.5444181946368, 1032.5444181946368, 1032.5444181946368, 1032.5444181946368, 1032.5444181946368, 1032.5444181946368, 1032.5444181946368, 1032.5444181946368, 1032.5444181946368, 1032.5444181946368, 1032.5444181946368, 1032.5444181946368, 1032.5444181946368, 1032.5444181946368, 1032.5444181946368, 1032.5444181946368, 1032.5444181946368, 1032.5444181946368, 1032.5444181946368, 1032.5444181946368, 1032.5444181946368, 1032.5444181946368, 1161.8272485310986, 1161.8272485310986, 1161.8272485310986, 1185.1635284166032, 1185.1635284166032, 1185.1635284166032, 1185.1635284166032, 1185.1635284166032, 1185.1635284166032, 1185.1635284166032, 1185.1635284166032, 1185.1635284166032, 1185.1635284166032, 1185.1635284166032, 1208.4273496360115, 1208.4273496360115, 1208.4273496360115, 1208.4273496360115, 1208.4273496360115, 1208.4273496360115, 1208.4273496360115, 1208.4273496360115], [243.79561155413992, 243.79561155413992, 243.79561155413992, 632.0023386695156, 632.0023386695156, 632.0023386695156, 632.0023386695156, 632.0023386695156, 632.0023386695156, 1031.9959309406374, 1031.9959309406374, 1031.9959309406374, 1031.9959309406374, 1031.9959309406374, 1031.9959309406374, 1031.9959309406374, 1031.9959309406374, 1031.9959309406374, 1031.9959309406374, 1031.9959309406374, 1031.9959309406374, 1031.9959309406374, 1031.9959309406374, 1031.9959309406374, 1031.9959309406374, 1031.9959309406374, 1031.9959309406374, 1031.9959309406374, 1031.9959309406374, 1031.9959309406374, 1031.9959309406374, 1031.9959309406374, 1142.4540992414063, 1142.4540992414063, 1142.4540992414063, 1197.5340615885648, 1197.5340615885648, 1197.5340615885648, 1197.5340615885648, 1197.5340615885648, 1197.5340615885648, 1197.5340615885648, 1197.5340615885648, 1197.5340615885648, 1197.5340615885648, 1197.5340615885648, 1197.5340615885648, 1197.5340615885648, 1197.5340615885648, 1200.367683563342, 1200.367683563342], [243.79561155413992, 243.79561155413992, 243.79561155413992, 614.2076411556418, 614.2076411556418, 614.2076411556418, 614.2076411556418, 614.2076411556418, 614.2076411556418, 1034.6111054219955, 1034.6111054219955, 1034.6111054219955, 1034.6111054219955, 1034.6111054219955, 1034.6111054219955, 1034.6111054219955, 1034.6111054219955, 1034.6111054219955, 1034.6111054219955, 1034.6111054219955, 1034.6111054219955, 1034.6111054219955, 1034.6111054219955, 1034.6111054219955, 1101.2938454651085, 1101.2938454651085, 1101.2938454651085, 1101.2938454651085, 1101.2938454651085, 1101.2938454651085, 1101.2938454651085, 1101.2938454651085, 1101.2938454651085, 1101.2938454651085, 1101.2938454651085, 1101.2938454651085, 1101.2938454651085, 1157.353432265673, 1157.353432265673, 1157.353432265673, 1157.353432265673, 1157.353432265673, 1157.353432265673, 1213.7324541578446, 1213.7324541578446, 1213.7324541578446, 1213.7324541578446, 1213.7324541578446, 1213.7324541578446, 1213.7324541578446, 1213.7324541578446], [243.79561155413992, 243.79561155413992, 243.79561155413992, 599.0382759503307, 599.0382759503307, 599.0382759503307, 1000.8920973605883, 1000.8920973605883, 1000.8920973605883, 1000.8920973605883, 1000.8920973605883, 1000.8920973605883, 1000.8920973605883, 1000.8920973605883, 1000.8920973605883, 1000.8920973605883, 1000.8920973605883, 1000.8920973605883, 1000.8920973605883, 1000.8920973605883, 1000.8920973605883, 1000.8920973605883, 1000.8920973605883, 1000.8920973605883, 1000.8920973605883, 1000.8920973605883, 1000.8920973605883, 1000.8920973605883, 1000.8920973605883, 1000.8920973605883, 1000.8920973605883, 1000.8920973605883, 1115.2082791294051, 1115.2082791294051, 1115.2082791294051, 1115.2082791294051, 1115.2082791294051, 1115.2082791294051, 1150.5955122971025, 1150.5955122971025, 1150.5955122971025, 1150.5955122971025, 1150.5955122971025, 1150.5955122971025, 1150.5955122971025, 1150.5955122971025, 1150.5955122971025, 1150.5955122971025, 1150.5955122971025, 1150.5955122971025, 1150.5955122971025], [243.79561155413992, 243.79561155413992, 243.79561155413992, 618.8798356873058, 618.8798356873058, 618.8798356873058, 618.8798356873058, 618.8798356873058, 618.8798356873058, 618.8798356873058, 618.8798356873058, 993.0114432375317, 993.0114432375317, 993.0114432375317, 993.0114432375317, 993.0114432375317, 993.0114432375317, 993.0114432375317, 993.0114432375317, 993.0114432375317, 993.0114432375317, 993.0114432375317, 993.0114432375317, 993.0114432375317, 993.0114432375317, 993.0114432375317, 993.0114432375317, 993.0114432375317, 993.0114432375317, 993.0114432375317, 993.0114432375317, 1130.3836150511427, 1130.3836150511427, 1130.3836150511427, 1130.3836150511427, 1130.3836150511427, 1130.3836150511427, 1130.3836150511427, 1160.7977441211724, 1160.7977441211724, 1160.7977441211724, 1160.7977441211724, 1160.7977441211724, 1160.7977441211724, 1160.7977441211724, 1160.7977441211724, 1160.7977441211724, 1160.7977441211724, 1160.7977441211724, 1160.7977441211724, 1160.7977441211724], [243.79561155413992, 243.79561155413992, 243.79561155413992, 639.4229160997301, 639.4229160997301, 639.4229160997301, 639.4229160997301, 639.4229160997301, 639.4229160997301, 639.4229160997301, 1031.6455162582024, 1031.6455162582024, 1031.6455162582024, 1031.6455162582024, 1031.6455162582024, 1031.6455162582024, 1031.6455162582024, 1031.6455162582024, 1031.6455162582024, 1031.6455162582024, 1031.6455162582024, 1031.6455162582024, 1031.6455162582024, 1031.6455162582024, 1031.6455162582024, 1031.6455162582024, 1031.6455162582024, 1031.6455162582024, 1031.6455162582024, 1081.9898723426127, 1081.9898723426127, 1081.9898723426127, 1081.9898723426127, 1081.9898723426127, 1081.9898723426127, 1081.9898723426127, 1081.9898723426127, 1215.268662177259, 1215.268662177259, 1215.268662177259, 1215.268662177259, 1215.268662177259, 1215.268662177259, 1215.268662177259, 1215.268662177259, 1215.268662177259, 1215.268662177259, 1215.268662177259, 1215.268662177259, 1215.268662177259, 1216.396869508848]]
Running qLogEHVI
File numerical_results/BraninCurrin/BraninCurrin_best_values_qLogEHVI.npy does not exist.
File numerical_results/BraninCurrin/BraninCurrin_best_values_qLogEHVI.npy does not exist.
Run 1
BraninCurrin qLogEHVI 1
Run 2
BraninCurrin qLogEHVI 2
Run 3
BraninCurrin qLogEHVI 3
Run 4
BraninCurrin qLogEHVI 4
Run 5
BraninCurrin qLogEHVI 5
Run 6
BraninCurrin qLogEHVI 6
Run 7
BraninCurrin qLogEHVI 7
Run 8
BraninCurrin qLogEHVI 8
Run 9
BraninCurrin qLogEHVI 9
Run 10
BraninCurrin qLogEHVI 10
