Initial hypervolume: 261678.7553
Running Bayesian Optimization for Penicillin with 7 dimensions and 3 objectives
Running EHVI
File numerical_results/Penicillin/Penicillin_best_values_EHVI.npy does not exist.
File numerical_results/Penicillin/Penicillin_best_values_EHVI.npy does not exist.
Run 1
Penicillin EHVI 1
Run 2
Penicillin EHVI 2
Run 3
Penicillin EHVI 3
Run 4
Penicillin EHVI 4
Run 5
Penicillin EHVI 5
Run 6
Penicillin EHVI 6
Run 7
Penicillin EHVI 7
Run 8
Penicillin EHVI 8
Run 9
Penicillin EHVI 9
Run 10
Penicillin EHVI 10
[[261678.7552744006, 282036.71832599834, 282639.6209011708, 282639.6209011708, 282714.01208009745, 282790.0649850683, 289393.43580347556, 289647.272667184, 289776.3718228797, 289914.427139941, 290337.78783749946, 290337.78783749946, 290939.752146606, 292056.8246075652, 292773.34735160164, 292773.34735160164, 292773.34735160164, 293189.203882192, 293189.203882192, 293189.203882192, 293189.203882192, 293220.17136624194, 293815.2055714332, 293815.2055714332, 293815.2055714332, 293815.2055714332, 293847.7331846311, 293847.7331846311, 293847.7331846311, 294232.8389803888, 295948.1344799579, 295948.1344799579, 295948.1344799579, 295948.1344799579, 295948.1344799579, 295948.1344799579, 296422.29311941616, 296422.29311941616, 304992.8101298045, 304992.8101298045, 304992.8101298045, 304992.8101298045, 304992.8101298045, 304992.8101298045, 305099.56746748794, 305099.56746748794, 305099.56746748794, 305099.56746748794, 305099.56746748794, 305099.56746748794, 305099.56746748794], [261678.7552744006, 261678.7552744006, 261678.7552744006, 261828.90239147254, 261828.90239147254, 261828.90239147254, 279694.664766035, 279694.664766035, 280000.7983316169, 281735.2972386059, 281735.2972386059, 281735.2972386059, 281770.68074849906, 281799.4738003651, 281799.4738003651, 281799.4738003651, 281937.521787179, 282152.00632882566, 282152.00632882566, 282152.00632882566, 282152.00632882566, 282247.2329116931, 283095.16095989244, 283095.16095989244, 283128.92096540116, 283128.92096540116, 283128.92096540116, 283259.87900110835, 283271.5156080334, 288697.57528932416, 288934.3781382659, 288990.3805874606, 288990.3805874606, 289204.8223984705, 289204.8223984705, 289204.8223984705, 289995.20925632905, 289995.6059147343, 289995.6059147343, 290305.283873042, 290305.283873042, 290305.283873042, 290324.53457941185, 290324.53457941185, 290528.6597498158, 291516.73439678963, 291516.73439678963, 291751.268267915, 291771.10400385666, 291771.10400385666, 291771.10400385666], [261678.7552744006, 262985.6699396291, 262985.6699396291, 262985.6699396291, 262985.6699396291, 263704.96370698494, 263775.3958129015, 263840.49318798457, 263882.7386626121, 263882.7386626121, 264520.0610382584, 264542.606588898, 264703.1683488555, 264981.110546644, 264981.110546644, 265119.5140502541, 265119.5140502541, 265119.5140502541, 265127.2622221408, 265166.613727944, 265195.1980685897, 265380.8123320973, 265380.8123320973, 265777.2838516837, 265798.3656241628, 265798.3656241628, 265798.3656241628, 274288.95654351136, 274288.95654351136, 274288.95654351136, 274288.95654351136, 274288.95654351136, 274288.95654351136, 274338.27568525425, 284642.7099798854, 284642.7099798854, 284658.14031547256, 284658.14031547256, 284658.14031547256, 284658.14031547256, 284658.14031547256, 284658.14031547256, 284658.14031547256, 284658.14031547256, 284658.14031547256, 284658.14031547256, 284658.14031547256, 284975.9472472641, 284975.9472472641, 284975.9472472641, 285032.0610370713], [261678.7552744006, 261679.8344665352, 262076.49554561864, 262745.558802234, 262745.558802234, 262745.558802234, 263018.69626367104, 264644.64129047794, 265565.1158270099, 266171.0956876881, 266174.69860074366, 266214.4830816257, 266214.9614299418, 266227.96316307166, 266227.96316307166, 266230.99512299924, 266230.99512299924, 266681.06971435493, 266681.06971435493, 266875.97474923986, 266875.97474923986, 266875.97474923986, 266880.60190240387, 266891.2634897059, 266891.2634897059, 266891.2634897059, 267148.0148910109, 267148.0148910109, 267148.0148910109, 267148.0148910109, 267148.0148910109, 267148.0148910109, 267763.2830524446, 267763.2830524446, 267763.2830524446, 267763.4242498857, 268546.21084950777, 268546.21084950777, 268546.21084950777, 268546.21084950777, 268546.21084950777, 268546.21084950777, 268572.20392865635, 268572.20392865635, 268579.2193015698, 268602.2536944819, 268602.2536944819, 268602.2536944819, 268602.2536944819, 268726.7583897988, 268726.7583897988], [261678.7552744006, 262121.74174879884, 262121.74174879884, 262121.74174879884, 266116.0070503276, 267698.1747923696, 267703.07033534336, 267703.07033534336, 267752.06126105785, 267752.06126105785, 271173.20181618806, 271173.20181618806, 271173.20181618806, 271173.20181618806, 271186.39641569485, 271820.8463791441, 272479.0276656988, 272823.80306705635, 272823.80306705635, 272823.80306705635, 272823.80306705635, 272823.80306705635, 272823.80306705635, 273058.874648925, 273058.874648925, 273060.6059051069, 273060.7859516211, 273060.7859516211, 273060.7859516211, 273060.7859516211, 273060.7859516211, 273060.7859516211, 274003.6750898099, 274003.6750898099, 274003.6750898099, 274003.6750898099, 274003.6750898099, 274787.07778064196, 287044.79316704045, 287044.79316704045, 287046.6107851488, 287046.6107851488, 292238.4245193775, 292238.4245193775, 292238.4245193775, 292238.4245193775, 292238.4245193775, 296928.12210135604, 296928.12210135604, 297260.62112925545, 297260.62112925545], [261678.7552744006, 261697.7863564783, 262324.29359668127, 263558.06464598747, 263891.25775277487, 263893.512434826, 263925.53387572337, 271733.4017277452, 289030.4841456499, 289030.4841456499, 290331.93013700173, 290371.0131791465, 290466.34940705, 290466.34940705, 290734.7401426717, 290734.7401426717, 290734.7401426717, 290734.7401426717, 291415.2533354446, 291415.2533354446, 291723.3676440329, 291723.3676440329, 296654.82148481696, 296654.82148481696, 297134.25888075243, 297134.25888075243, 297138.6817361262, 297785.79883247893, 297843.74776354147, 297844.89491270366, 297844.89491270366, 297844.89491270366, 297844.89491270366, 297844.89491270366, 297844.89491270366, 297844.89491270366, 297844.89491270366, 297844.89491270366, 297844.89491270366, 299661.62635914615, 299661.62635914615, 299665.7368857976, 299665.7368857976, 299665.7368857976, 299670.3263151129, 299670.3263151129, 299670.3263151129, 299670.3263151129, 299670.3263151129, 299670.3263151129, 299670.3263151129], [261678.7552744006, 261678.7552744006, 261678.7552744006, 262431.7052570615, 262431.7052570615, 262768.3261607103, 262914.05313784466, 262914.05313784466, 263426.9826711289, 266060.9485849189, 266060.9485849189, 266082.44426988496, 266082.44426988496, 266997.97314369725, 267082.6710450943, 267082.6710450943, 267082.6710450943, 267082.6710450943, 267082.6710450943, 267093.57919881644, 267093.57919881644, 267093.57919881644, 267093.57919881644, 267093.57919881644, 267225.9145076306, 267225.9145076306, 267230.2674023353, 267232.5097657874, 267232.5097657874, 267232.5097657874, 267232.5097657874, 267261.80078021315, 267261.80078021315, 267435.4501204403, 267435.4501204403, 267435.4501204403, 267435.4501204403, 267872.8771375655, 267872.8771375655, 267872.8771375655, 267872.8771375655, 267872.8771375655, 267872.8771375655, 267872.8771375655, 268237.01592746726, 269462.06577584904, 269462.06577584904, 269758.5940430146, 269758.5940430146, 269758.5940430146, 269758.5940430146], [261678.7552744006, 261684.3383075096, 261684.3383075096, 263008.1228676334, 263146.346019997, 263146.346019997, 263435.97393976635, 263930.2016637385, 263930.2016637385, 263930.2016637385, 263930.2016637385, 264251.3531657228, 264255.02992793184, 264255.02992793184, 270131.255737847, 270131.255737847, 270131.255737847, 270454.9981235563, 270482.0944335547, 270584.8371822821, 270584.8371822821, 270694.8132809446, 270757.64291377866, 270820.32447596936, 270821.210505979, 270821.210505979, 270821.210505979, 271018.8612184934, 271862.4882502535, 272125.59574828966, 272125.59574828966, 272224.45389442326, 272224.45389442326, 272224.45389442326, 272224.45389442326, 272224.45389442326, 272224.45389442326, 272224.45389442326, 272224.45389442326, 273667.90902204684, 273667.90902204684, 273777.0207185879, 273777.0207185879, 283826.97383300524, 283826.97383300524, 283826.97383300524, 283826.97383300524, 283826.97383300524, 283826.97383300524, 283826.97383300524, 283883.55911235197], [261678.7552744006, 261678.7552744006, 261678.7552744006, 261678.7552744006, 261790.66835461184, 261875.7893135988, 263543.23100266693, 263774.11961779644, 263774.11961779644, 266610.22951299127, 267215.04057069, 267215.04057069, 267215.04057069, 267215.9430315897, 267265.0596713568, 267748.36043833185, 267748.36043833185, 268055.932788605, 268055.932788605, 268055.932788605, 268945.1980540989, 268945.1980540989, 268945.1980540989, 268945.1980540989, 269097.95992051007, 269097.95992051007, 269097.95992051007, 269809.1338888989, 269809.1338888989, 269809.1338888989, 270390.30027589836, 276206.6137643684, 276206.6137643684, 276206.6137643684, 276206.6137643684, 276715.20643069997, 276723.9644733467, 276723.9644733467, 276723.9644733467, 276723.9644733467, 276723.9644733467, 276723.9644733467, 286219.9485962716, 315840.60623979976, 315840.60623979976, 315840.60623979976, 315840.60623979976, 315840.60623979976, 315840.60623979976, 315840.60623979976, 315840.60623979976], [261678.7552744006, 261678.7552744006, 262094.49404865692, 262094.49404865692, 262094.49404865692, 262176.39513634145, 262189.94000513596, 262581.26733361825, 262611.34999479464, 262711.9939249201, 263527.8624510185, 263530.6275382255, 263530.6275382255, 264482.8039794676, 264482.8039794676, 264482.8039794676, 264482.8039794676, 264482.8039794676, 264661.1395803667, 264661.1395803667, 264661.1395803667, 264661.1395803667, 264661.1395803667, 264685.4423141197, 264685.4423141197, 264685.4423141197, 266819.00742645434, 266925.9112078504, 266929.32071074646, 266929.32071074646, 266929.32071074646, 266929.32071074646, 266929.32071074646, 266929.32071074646, 266929.32071074646, 266929.32071074646, 266929.32071074646, 266929.32071074646, 266929.32071074646, 266929.32071074646, 266929.32071074646, 266975.4003533103, 266975.4003533103, 267350.3405890813, 267350.3405890813, 267350.3405890813, 267350.3405890813, 267563.6072315149, 267563.6072315149, 267672.47511255945, 267672.47511255945]]
Running qEHVI
File numerical_results/Penicillin/Penicillin_best_values_qEHVI.npy does not exist.
File numerical_results/Penicillin/Penicillin_best_values_qEHVI.npy does not exist.
Run 1
Penicillin qEHVI 1
Run 2
Penicillin qEHVI 2
Run 3
Penicillin qEHVI 3
Run 4
Penicillin qEHVI 4
Run 5
Penicillin qEHVI 5
Run 6
Penicillin qEHVI 6
