Initial hypervolume: 142.3789
Running Bayesian Optimization for VehicleSafety with 5 dimensions and 3 objectives
Running EHVI
File numerical_results/VehicleSafety/VehicleSafety_best_values_EHVI.npy does not exist.
File numerical_results/VehicleSafety/VehicleSafety_best_values_EHVI.npy does not exist.
Run 1
VehicleSafety EHVI 1
Run 2
VehicleSafety EHVI 2
Run 3
VehicleSafety EHVI 3
Run 4
VehicleSafety EHVI 4
Run 5
VehicleSafety EHVI 5
Run 6
VehicleSafety EHVI 6
Run 7
VehicleSafety EHVI 7
Run 8
VehicleSafety EHVI 8
Run 9
VehicleSafety EHVI 9
Run 10
VehicleSafety EHVI 10
[[142.37893953665872, 152.6027698687248, 153.68113383192156, 153.6874333709234, 153.68746043559753, 153.68746295184494, 153.68746295185915, 153.6874648698447, 153.6874648698448, 153.6874648698449, 153.6874648698451, 153.68746486984512, 153.68746486984554, 153.6874648698457, 153.68746486984577, 153.68747163508021, 153.68747163508183, 153.6874716350819, 153.68747163508195, 153.68747163508203, 153.6874716350821, 153.68747163508212, 153.68747163508212, 153.6874716350821, 153.68747163508215, 153.68747163508505, 153.68747166944567, 153.68747166944564, 153.68747166944578, 153.68747166944593, 153.68747166944613, 153.687478984052, 153.68747898405204, 153.68747898405206, 153.6874789840521, 153.6874789840521, 153.6874789840521, 153.68747898405212, 153.68747898405215, 153.6874789840522, 153.68747898405246, 153.68747898405252, 153.68747898405258, 153.6874789840526, 153.68747898405255, 153.6874789840536, 153.6874789840536, 153.68747898405363, 153.68747898405357, 153.68747898405363, 153.68747898405363], [142.37893953665872, 152.6027691880951, 153.68113227725985, 153.68743147649508, 153.68746066567377, 153.68746066568445, 153.68746106967438, 153.6874616558224, 153.68746197133615, 153.68746197133615, 153.6874651925361, 153.68746519254123, 153.68746519254128, 153.6874651925417, 153.6874651925417, 153.68746822528902, 153.68746822528905, 153.68746822528934, 153.68746822528934, 153.68746822528934, 153.68746822532236, 153.68746822532233, 153.68746822532236, 153.6874682253224, 153.68746822532256, 153.6874682253226, 153.68746822532256, 153.6874682253226, 153.68746822532256, 153.6874682253226, 153.68746822532302, 153.68746822532356, 153.68746822532358, 153.68746822532364, 153.68746822532364, 153.6874682253239, 153.68746822534447, 153.68746822534447, 153.68747842428414, 153.6874784242843, 153.68747842428434, 153.68747842428436, 153.68747842428647, 153.68747842428724, 153.68747842428724, 153.68747842428724, 153.68747842428724, 153.68747842428724, 153.68747842428786, 153.68747842428786, 153.6874784242879], [142.37893953665872, 152.60277137386836, 153.68114276547993, 153.6874350508393, 153.68746583429942, 153.6874658343338, 153.68746583434316, 153.68746583434321, 153.687465834344, 153.68746583435637, 153.6874658343565, 153.6874658343565, 153.68746583435646, 153.68746583435646, 153.68746583436354, 153.68746583436362, 153.68746583441356, 153.68746583442217, 153.68746583442223, 153.68746583442226, 153.68746583442294, 153.6874658344242, 153.6874658344242, 153.68746583442424, 153.68746583442427, 153.68746583442427, 153.68746583442427, 153.68746583442427, 153.68746583442424, 153.68746583442424, 153.68746583442442, 153.68746583442487, 153.68746583442487, 153.68746583442487, 153.68746583442487, 153.6874658344249, 153.68747378901043, 153.68747378901043, 153.68747379003193, 153.68747379003193, 153.68747379003196, 153.687473790032, 153.687473790032, 153.6874737900321, 153.68747379003207, 153.6874737900321, 153.68747379003227, 153.68747379003227, 153.6874737900323, 153.6874737900323, 153.6874737900323], [142.37893953665872, 152.60277113994192, 153.6811401377021, 153.68743677890203, 153.68746080552782, 153.68746080557545, 153.68746217925528, 153.6874621792592, 153.68747166440036, 153.68747166440372, 153.68747166440875, 153.6874716644088, 153.68747166441085, 153.68747166441094, 153.68747166441165, 153.68747166441165, 153.68747166441167, 153.68747166441173, 153.68747166441173, 153.68747166441244, 153.68747166441293, 153.68747166441798, 153.68747166441798, 153.68747166441798, 153.68747166441798, 153.68747166442702, 153.68747166442714, 153.68747166442716, 153.68747166442716, 153.68747166442802, 153.6874716644282, 153.6874716644282, 153.68747166442816, 153.68747259647586, 153.68747259647645, 153.68747259647648, 153.687472596477, 153.68747259647697, 153.6874820373282, 153.68748203732824, 153.6874820373284, 153.6874820373284, 153.68748203732844, 153.68748203732846, 153.68748203732903, 153.687482037329, 153.68748203732906, 153.6874820373302, 153.6874820373302, 153.68748203733023, 153.68748203733026], [142.37893953665872, 152.6027712836855, 153.68114121945788, 153.68746114304807, 153.6874613189872, 153.68746132080673, 153.68746132080676, 153.68746148648643, 153.68746152948853, 153.68746320076565, 153.68746320076588, 153.68746320076593, 153.6874632007928, 153.68746320080868, 153.6874632008113, 153.6874632008113, 153.68746320081127, 153.68746320081212, 153.68747314651696, 153.68747314652063, 153.68747314652066, 153.68747314652305, 153.68747314652305, 153.68747314652308, 153.68749087727687, 153.68749087727687, 153.68749087728256, 153.6874908772826, 153.68749087730612, 153.68749087731123, 153.68749087731123, 153.68749087731197, 153.68749087731334, 153.68749087731334, 153.6874908773133, 153.68749087731334, 153.68749087731345, 153.68749087731388, 153.68749087731388, 153.68749087731385, 153.6874908773139, 153.68749087731413, 153.68749087731416, 153.68749087731422, 153.68749087731422, 153.68749087731422, 153.6874908773143, 153.6874908773151, 153.68749087731516, 153.68749087731518, 153.68749087731518], [142.37893953665872, 152.60277303847613, 153.68114157774278, 153.68743114065404, 153.68746695302474, 153.6874669530594, 153.68746782805687, 153.68746782807614, 153.68746782807872, 153.6874678280793, 153.68746782807932, 153.6874678280794, 153.68747179247256, 153.687471792473, 153.6874717924733, 153.68747179247336, 153.68747179247333, 153.68747179247336, 153.6874717924734, 153.68747179247342, 153.6874717924735, 153.6874717924735, 153.6874717924735, 153.68748472081015, 153.68748472081015, 153.68748472081015, 153.68748472081015, 153.6874847208103, 153.68748472081134, 153.68748472086807, 153.68748472086804, 153.6874847208681, 153.68748472087552, 153.68748472087555, 153.68748472087555, 153.68748472088146, 153.6874847208816, 153.68748472088168, 153.68748472088166, 153.68748472088166, 153.68748472088168, 153.68748472088166, 153.68748472088166, 153.68748472088166, 153.68748472088166, 153.68748472088166, 153.68748472088166, 153.6874847208817, 153.68748472091409, 153.68748472091409, 153.68748472092466], [142.37893953665872, 152.60278501678567, 153.68116531098588, 153.68745316375256, 153.6874855993861, 153.68748560699865, 153.6874917171463, 153.68749356455805, 153.68749356457346, 153.68749356457445, 153.68749356464429, 153.68749356464474, 153.68749356464474, 153.68749356465088, 153.68749356465273, 153.68749356465287, 153.68749356465426, 153.6874935646544, 153.68749356465443, 153.68749356465443, 153.68749356465457, 153.6874935646546, 153.6874935646571, 153.6874935646571, 153.68749356465707, 153.6874935646585, 153.6874935646585, 153.68749356465864, 153.6874935646593, 153.6874935646593, 153.6874935646593, 153.68749356465932, 153.6874935646593, 153.68749356465938, 153.6874935646595, 153.6874935646598, 153.68749356465992, 153.68749356465992, 153.68749356465995, 153.68749356465995, 153.68749356465997, 153.68749356466, 153.68749356466003, 153.68749356466, 153.68749356466034, 153.68749356466046, 153.68749356466043, 153.6874935646607, 153.6874935646607, 153.68749356466077, 153.68749356466077], [142.37893953665872, 152.60276990100442, 153.68113692271555, 153.68742824661706, 153.68746065706694, 153.68746069667918, 153.68746069671684, 153.68746069671806, 153.68746891919912, 153.68746891920154, 153.68746891920154, 153.68746891920154, 153.68746891926713, 153.68746891926716, 153.68746891926722, 153.6874689192675, 153.6874689192676, 153.6874689192676, 153.68746891927015, 153.6874689192734, 153.68746891927347, 153.68746891927347, 153.68746891927364, 153.68746891927367, 153.68746891927367, 153.68746891927367, 153.68746891927427, 153.6874689192743, 153.68746891927447, 153.68746891927447, 153.6874689192745, 153.6874689192745, 153.68746891927458, 153.68746891928194, 153.68746891928194, 153.68746911084617, 153.68746911084617, 153.68746911084995, 153.68746911084997, 153.68746911085, 153.68746911085, 153.68746911085, 153.68746911085006, 153.68746911085006, 153.68746911085012, 153.68746911085012, 153.68746911085017, 153.68746911085017, 153.68746911085015, 153.68746911085054, 153.68746911085054], [142.37893953665872, 152.6027728204486, 153.68114855084517, 153.68743002965581, 153.68745927973507, 153.68745927976622, 153.6874617708635, 153.68746177086393, 153.68746270817948, 153.68746270817974, 153.6874627081798, 153.6874627081798, 153.68746270817982, 153.68746270817985, 153.68746270817988, 153.68746270821035, 153.68746503167714, 153.68746503167824, 153.68746503167833, 153.68746736757015, 153.68746736757015, 153.68746736757015, 153.68746736757024, 153.6874673675705, 153.68746736757052, 153.68746736757052, 153.68746736757052, 153.68746736757052, 153.68746736757052, 153.68746736757052, 153.68746736757055, 153.68746736757052, 153.68746736761145, 153.68746860271307, 153.6874686027131, 153.68746860271338, 153.68746860271335, 153.68746860271338, 153.68746860271338, 153.6874686027137, 153.68746860271406, 153.68746860271412, 153.68746860271412, 153.68746860271463, 153.68747175125378, 153.68747175125384, 153.68747175125404, 153.68747175125407, 153.68747175125407, 153.68747175125407, 153.6874717512541], [142.37893953665872, 152.60277023679149, 153.68113806948435, 153.687439550997, 153.68746092519257, 153.6874609251945, 153.68746092519868, 153.68746168927473, 153.68746234531088, 153.6874623453109, 153.6874623453109, 153.68746234531096, 153.687462345311, 153.6874623453137, 153.6874623453205, 153.68746234532057, 153.68746351022256, 153.68746351022253, 153.68746351022781, 153.68746351022784, 153.68746351022784, 153.68746351022784, 153.6874758029807, 153.68747580298083, 153.68747580298083, 153.68747580298086, 153.68747584870104, 153.68747584870113, 153.6874758487011, 153.68747584870113, 153.68747584870115, 153.68747584870118, 153.68747584870115, 153.68747584873051, 153.68747584873051, 153.68747584873054, 153.68747584873057, 153.68747584873145, 153.68747584873145, 153.68747584873145, 153.68747584873145, 153.68747584873148, 153.68747584873464, 153.68747584873478, 153.68747584873478, 153.6874758487348, 153.68747584873773, 153.68747584873776, 153.68747584873776, 153.68747584873776, 153.68747584873776]]
Running qEHVI
File numerical_results/VehicleSafety/VehicleSafety_best_values_qEHVI.npy does not exist.
File numerical_results/VehicleSafety/VehicleSafety_best_values_qEHVI.npy does not exist.
Run 1
VehicleSafety qEHVI 1
Run 2
VehicleSafety qEHVI 2
Run 3
VehicleSafety qEHVI 3
Run 4
VehicleSafety qEHVI 4
Run 5
VehicleSafety qEHVI 5
Run 6
VehicleSafety qEHVI 6
