Initial hypervolume: 102.5076
Running Bayesian Optimization for ZDT1 with 5 dimensions and 2 objectives
Running EHVI
File numerical_results/ZDT1/ZDT1_best_values_EHVI.npy does not exist.
File numerical_results/ZDT1/ZDT1_best_values_EHVI.npy does not exist.
Run 1
ZDT1 EHVI 1
Run 2
ZDT1 EHVI 2
Run 3
ZDT1 EHVI 3
Run 4
ZDT1 EHVI 4
Run 5
ZDT1 EHVI 5
Run 6
ZDT1 EHVI 6
Run 7
ZDT1 EHVI 7
Run 8
ZDT1 EHVI 8
Run 9
ZDT1 EHVI 9
Run 10
ZDT1 EHVI 10
[[102.50757071397877, 114.31107174811616, 116.78516253821218, 116.79982042310809, 116.79982583915788, 116.79982605104394, 116.79982697795684, 116.79982697795693, 116.7998271211087, 116.79982712110879, 116.79982712110879, 116.7998271211088, 116.79983875256423, 116.79983875256454, 116.79983875256455, 116.79983875256455, 116.79983875256455, 116.79983875256455, 116.79983875256457, 116.79983875256455, 116.79983875256457, 116.79983875256457, 116.79983875256454, 116.79983875256454, 116.79983875256457, 116.79983875256455, 116.79983875256457, 116.79983875256455, 116.79983875256457, 116.79983875256457, 116.7998387525646, 116.7998387525646, 116.79983875256478, 116.79983875256497, 116.79983875256497, 116.79983875256495, 116.79983875659022, 116.7998387565902, 116.7998387565902, 116.79983875659022, 116.79983875659023, 116.79983875659033, 116.79983875659033, 116.79983875659033, 116.79983875659033, 116.79983875659035, 116.79983875659033, 116.79983875659033, 116.79983875659032, 116.79983875659032, 116.79983875659032], [102.50757071397877, 114.31107522169624, 116.78516190062194, 116.79981951073715, 116.79982547859625, 116.79982616353666, 116.79982616353666, 116.79982616353666, 116.79982616353666, 116.7998315732702, 116.7998315732702, 116.7998315732702, 116.79983157327021, 116.79983157327023, 116.7998315732703, 116.79983157327031, 116.7998315732703, 116.7998315732703, 116.79983157327031, 116.79983157327031, 116.79983157327031, 116.79983157327031, 116.7998315732703, 116.79983157327037, 116.79983157327038, 116.79983157327038, 116.79983157327038, 116.79983157327037, 116.79983157327037, 116.79983157327042, 116.79983157327042, 116.79983157327044, 116.79983157327042, 116.79983157327045, 116.79983157327045, 116.79983157327044, 116.79983157327044, 116.79983157327044, 116.79983157327044, 116.79983157327044, 116.79983157327045, 116.79983157327045, 116.79983157327044, 116.79983157327045, 116.79983157327045, 116.79983157327045, 116.79983157327047, 116.79983157327044, 116.79983157327044, 116.79983157327044, 116.79983157327047], [102.50757071397877, 114.31111499709746, 116.78516091871504, 116.79982062873698, 116.79982963020397, 116.79982963020433, 116.79982963020437, 116.79982963020441, 116.79982963020443, 116.79982963020444, 116.79982963049986, 116.79983234695227, 116.79983234695229, 116.79983234695229, 116.79983234695229, 116.79983234695229, 116.79983234695234, 116.79983234695237, 116.79983234695237, 116.79983234695237, 116.79983234695237, 116.79983234695236, 116.79983234695237, 116.79983234695237, 116.79983234695243, 116.79983234695241, 116.79983234695243, 116.79983234695244, 116.79983234695244, 116.79983234695244, 116.79983234695244, 116.79983234695243, 116.79983234695243, 116.79983234695244, 116.79983234695244, 116.79983234695244, 116.79983234695244, 116.79983234695243, 116.79983234695246, 116.79983234695246, 116.79983234695246, 116.79983234695246, 116.79983234695247, 116.79983234695247, 116.79983234695246, 116.79983234695244, 116.79983234695244, 116.79983234695246, 116.79983234695246, 116.79983234695244, 116.79983234695246], [102.50757071397877, 114.3110635341945, 116.78516023485304, 116.79981948525534, 116.79982589559339, 116.79982636269058, 116.79982636269058, 116.79982636269061, 116.7998265990802, 116.79982659908022, 116.79982659908022, 116.7998266852218, 116.79982668522182, 116.79982668522182, 116.79982668522182, 116.79982668522182, 116.79982668522182, 116.79982668522183, 116.79982668522183, 116.7998266852218, 116.7998266852219, 116.79982668522192, 116.79982668522192, 116.79982674759904, 116.79982674759904, 116.79982674759904, 116.79982674759904, 116.7998278399708, 116.7998334967994, 116.79983349679941, 116.79983349679941, 116.79983507144016, 116.79983507144028, 116.79983507144028, 116.79983507144028, 116.79983507144031, 116.7998350714403, 116.7998350714403, 116.79983507144028, 116.79983507144028, 116.79983507144028, 116.7998350714403, 116.7998350714403, 116.7998350714403, 116.79983507144028, 116.79983507144028, 116.79983507144028, 116.7998350714403, 116.79983507144031, 116.79983507144031, 116.7998350714403], [102.50757071397877, 114.31105984902015, 116.78516105075256, 116.79982009049549, 116.79982582953177, 116.79982660059568, 116.79982700884091, 116.79982700884091, 116.79982700884091, 116.79982700884096, 116.79982700884096, 116.79982700884096, 116.79982700884096, 116.79982700884096, 116.79982700884096, 116.79982700884096, 116.79982700884098, 116.79982700884096, 116.79982700884096, 116.79982700884096, 116.79982700884096, 116.79982700884098, 116.79982700884098, 116.79982700884098, 116.79982700884096, 116.79982700884098, 116.79982700884098, 116.79982700884096, 116.7998353864152, 116.7998353864152, 116.79983538641521, 116.79983538641523, 116.79983538641521, 116.79983538641523, 116.79983538641523, 116.79983538641537, 116.79983538641537, 116.79983538641537, 116.79983538641537, 116.79983538641537, 116.79983538641537, 116.79983538641537, 116.79983538641537, 116.79983538641537, 116.79983538641535, 116.79983538641538, 116.79983538641537, 116.79983538641537, 116.79983538641538, 116.79983538641537, 116.79983538641538], [102.50757071397877, 114.31108693445266, 116.78516135489762, 116.79981949916917, 116.79982484475167, 116.7998258493014, 116.79982632345639, 116.7998266002619, 116.79982660026188, 116.79982670947655, 116.79982683798892, 116.79982683798893, 116.79982683798893, 116.79982683798893, 116.79982683798895, 116.79982942691028, 116.79982942691026, 116.79982942691029, 116.79982942691028, 116.79982942691029, 116.79982942691026, 116.79982942691028, 116.79982942691029, 116.7998294269103, 116.7998294269103, 116.79982942691034, 116.79982942691032, 116.79982942691032, 116.7998294269103, 116.79982942691032, 116.79982942691034, 116.79982942691034, 116.79982942691034, 116.79982942691032, 116.79982942691032, 116.79982942691035, 116.79982942691035, 116.79982942691035, 116.79982942691036, 116.79982942691035, 116.79982942691035, 116.79982942691036, 116.79983391962925, 116.79983391962925, 116.79983391962925, 116.79983391962925, 116.79983391962926, 116.79983391962932, 116.79983391962932, 116.79983391962932, 116.79983391962931], [102.50757071397877, 114.31106888402135, 116.7851609292958, 116.79982067879254, 116.79982659254286, 116.79982659254289, 116.79982659254289, 116.7998265925429, 116.79982659254289, 116.79982675299095, 116.79983015203658, 116.7998301520367, 116.79983015203669, 116.79983015203672, 116.79983015203673, 116.79983015203673, 116.7998301520367, 116.7998301520367, 116.79983015203673, 116.79983015203673, 116.79983015203673, 116.79983015203672, 116.79983015203675, 116.79983015203672, 116.79983015203673, 116.7998301520367, 116.79983015203673, 116.79983015203672, 116.79983015203672, 116.79983015203673, 116.79983015203673, 116.79983015203675, 116.79983015203675, 116.79983015203675, 116.79983015203675, 116.79983015203675, 116.79983015203673, 116.79983015203675, 116.79983015203675, 116.79983015203678, 116.79983015203678, 116.79983015203678, 116.79983015203678, 116.79983015203679, 116.79983015203679, 116.79983015203682, 116.79983105717864, 116.79983105717864, 116.79983105717864, 116.79983105717866, 116.79983105717865], [102.50757071397877, 114.31105576569374, 116.78516157399642, 116.79982043793596, 116.79982615247566, 116.7998261542638, 116.79982615532829, 116.79982615532835, 116.79982768049035, 116.79982768049037, 116.79982768049037, 116.79982768049037, 116.79982768049037, 116.79982768049035, 116.79982768049038, 116.79982768049037, 116.79982768049042, 116.79982768049042, 116.79982768049042, 116.79982768049042, 116.79982768049051, 116.79982768049052, 116.79982768049052, 116.79982768049051, 116.79982768049051, 116.79982768049052, 116.79982768049052, 116.79982768049052, 116.79982768049052, 116.79982768049054, 116.79982768049055, 116.79982768049055, 116.79982768049055, 116.79982768049057, 116.79982768049054, 116.79982768049055, 116.79982768049055, 116.79982768049054, 116.79982772544729, 116.79982772544729, 116.7998277254473, 116.7998277254473, 116.7998277254473, 116.79982772544732, 116.79982919950237, 116.79982919950238, 116.79982919950238, 116.79982919950238, 116.79982919950238, 116.7998291995024, 116.79982919950241], [102.50757071397877, 114.31106912668588, 116.78516110180394, 116.799820597925, 116.79982690841904, 116.79983020844143, 116.79983020844153, 116.79983020844153, 116.79983020844158, 116.79983020844159, 116.79983020844168, 116.7998302084417, 116.7998302084417, 116.7998302084417, 116.7998302084417, 116.79983503380487, 116.79983503380487, 116.79983503380487, 116.79983503380488, 116.7998350338049, 116.79983503380488, 116.79983503380487, 116.7998350338049, 116.79983503380492, 116.79983503380492, 116.79983503380492, 116.79983503380492, 116.79983503380492, 116.79983503380495, 116.79983503380492, 116.79983503380492, 116.79983503380492, 116.79983503380501, 116.799835033805, 116.79983503380501, 116.79983503380501, 116.79983503380502, 116.79983503380501, 116.79983503380502, 116.79983503380502, 116.799835033805, 116.79983503380502, 116.79983503380507, 116.79983503380505, 116.79983503380508, 116.79983503380507, 116.79983503380508, 116.79983503380505, 116.7998396748431, 116.7998396748431, 116.7998396748431], [102.50757071397877, 114.31106719016624, 116.78516324092838, 116.79981904050851, 116.79982726150325, 116.79982785397696, 116.79982785397715, 116.79982785397725, 116.79982785397723, 116.79982785397725, 116.79982785397725, 116.79982785397723, 116.79982785397723, 116.79982785397723, 116.79982785397723, 116.79982785397725, 116.79982785397723, 116.79982785397739, 116.79982785397739, 116.79982785397739, 116.79982785397742, 116.7998278539774, 116.79982785468258, 116.7998278546826, 116.79982785468259, 116.79982785468259, 116.7998278546826, 116.79982785468259, 116.79982785468259, 116.7998312999794, 116.7998312999794, 116.7998312999794, 116.79983129997939, 116.79983129997942, 116.79983129997937, 116.7998312999794, 116.79983129997945, 116.79983129997942, 116.79983129997943, 116.79983129997943, 116.79983129997942, 116.79983129997943, 116.79983129997945, 116.79983129997945, 116.7998327068705, 116.7998327068705, 116.79983270687056, 116.79983270687055, 116.7998327068706, 116.79983270687063, 116.79983270687062]]
Running qEHVI
File numerical_results/ZDT1/ZDT1_best_values_qEHVI.npy does not exist.
File numerical_results/ZDT1/ZDT1_best_values_qEHVI.npy does not exist.
Run 1
ZDT1 qEHVI 1
Run 2
ZDT1 qEHVI 2
Run 3
ZDT1 qEHVI 3
Run 4
ZDT1 qEHVI 4
Run 5
ZDT1 qEHVI 5
Run 6
ZDT1 qEHVI 6
Run 7
ZDT1 qEHVI 7
Run 8
ZDT1 qEHVI 8
Run 9
ZDT1 qEHVI 9
Run 10
ZDT1 qEHVI 10
[[102.50757071397877, 114.1762585374437, 116.66633009377392, 116.66633009377392, 117.51591502773543, 117.51591502773543, 117.51591502773543, 117.51591502773543, 117.54064394117408, 117.54064394117408, 117.54064394117408, 117.54064394117408, 117.54064394117408, 117.54064394117408, 117.54064394117408, 117.54064394117408, 117.54064394117408, 120.00348985727436, 120.00348985727436, 120.00348985727436, 120.00348985727436, 120.00348985727436, 120.00348985727436, 120.00348985727436, 120.00348985727436, 120.00348985727436, 120.00348985727436, 120.11651509726468, 120.11651509726468, 120.11651509726468, 120.11651509726468, 120.15368389644878, 120.15368389644878, 120.15368389644878, 120.15368389644878, 120.15368389644878, 120.15368389644878, 120.15368389644878, 120.15368389644878, 120.15368389644878, 120.15368389644878, 120.15368389644878, 120.15368389644878, 120.15368389644878, 120.15368389644878, 120.15368389644878, 120.15368389644878, 120.15368389644878, 120.15368389644878, 120.15368389644878, 120.15368389644878], [102.50757071397877, 114.23290101964595, 116.70377645960221, 116.70377645960221, 117.65282080744055, 117.65282080744055, 117.74634673402902, 120.36517953893534, 120.36517953893534, 120.36517953893534, 120.36517953893534, 120.36517953893534, 120.36517953893534, 120.36517953893534, 120.36517953893534, 120.36517953893534, 120.36517953893534, 120.36517953893534, 120.36517953893534, 120.36517953893534, 120.36517953893534, 120.36517953893534, 120.36517953893534, 120.36517953893534, 120.36517953893534, 120.46078783805494, 120.46078783805494, 120.46078783805494, 120.46078783805494, 120.46078783805494, 120.48506601234898, 120.51635549366662, 120.51635549366662, 120.51635549366662, 120.51635549366662, 120.51635549366662, 120.51635549366662, 120.51635549366662, 120.51635549366662, 120.51703162519114, 120.51703162519114, 120.51703162519114, 120.51703162519114, 120.51703162519114, 120.51703162519114, 120.51703162519114, 120.51703162519114, 120.51703162519114, 120.52580475077293, 120.52580475077293, 120.52580475077293], [102.50757071397877, 114.42365254191493, 116.91157333131488, 116.91157333131488, 116.91157333131488, 117.73645511372062, 117.79798248787975, 117.79798248787975, 117.79798248787975, 117.79798248787975, 117.79798248787975, 117.79798248787975, 117.79798248787975, 117.79798248787975, 119.73973511028683, 119.73973511028683, 119.73973511028683, 119.73973511028683, 119.73973511028683, 119.86429642469976, 119.86429642469976, 119.86429642469976, 119.86429642469976, 119.86429642469976, 119.86429642469976, 119.86429642469976, 119.86429642469976, 119.86429642469976, 119.86429642469976, 119.86429642469976, 119.86429642469976, 119.86429642469976, 119.86429642469976, 119.86429642469976, 119.86429642469976, 119.86429642469976, 119.86429642469976, 119.87521267365365, 119.87521267365365, 119.87521267365365, 119.87521267365365, 119.87521267365365, 119.87521267365365, 119.87521267365365, 119.87521267365365, 119.87521267365365, 119.87521267365365, 119.87521267365365, 119.87521267365365, 119.87521267365365, 119.87521267365365], [102.50757071397877, 114.31714418244853, 116.8038185672609, 116.8038185672609, 116.8038185672609, 117.58390947395046, 117.65165559609048, 117.65165559609048, 117.65165559609048, 117.65165559609048, 117.65165559609048, 117.65165559609048, 117.65165559609048, 117.65165559609048, 117.65165559609048, 117.65165559609048, 117.65165559609048, 117.65165559609048, 117.65165559609048, 120.37164969857801, 120.37164969857801, 120.37164969857801, 120.3983569588337, 120.3983569588337, 120.3983569588337, 120.3983569588337, 120.3983569588337, 120.48635809366613, 120.48635809366613, 120.52084885851698, 120.52084885851698, 120.52084885851698, 120.53502604180379, 120.53502604180379, 120.53502604180379, 120.53502604180379, 120.53502604180379, 120.53502604180379, 120.53502604180379, 120.53502604180379, 120.53502604180379, 120.53502604180379, 120.53502604180379, 120.53502604180379, 120.53502604180379, 120.53502604180379, 120.53732789442158, 120.53732789442158, 120.53732789442158, 120.53732789442158, 120.53732789442158], [102.50757071397877, 114.45034988600662, 116.93867129799933, 116.93867129799933, 116.93867129799933, 117.2231907778443, 117.2231907778443, 117.2231907778443, 120.365501528605, 120.365501528605, 120.365501528605, 120.365501528605, 120.40213642682988, 120.40213642682988, 120.40213642682988, 120.40213642682988, 120.40213642682988, 120.40213642682988, 120.40213642682988, 120.40213642682988, 120.40213642682988, 120.40213642682988, 120.40213642682988, 120.44830718390554, 120.44830718390554, 120.44830718390554, 120.44830718390554, 120.44830718390554, 120.44830718390554, 120.44830718390554, 120.44830718390554, 120.44830718390554, 120.44830718390554, 120.44830718390554, 120.44830718390554, 120.44830718390554, 120.44830718390554, 120.44830718390554, 120.44830718390554, 120.44830718390554, 120.44830718390554, 120.44830718390554, 120.47428841220437, 120.47428841220437, 120.47428841220437, 120.47428841220437, 120.47428841220437, 120.47428841220437, 120.47428841220437, 120.47428841220437, 120.47615508402532], [102.50757071397877, 114.22260816442518, 116.6924947476673, 116.6924947476673, 116.6924947476673, 117.31652733329501, 117.31652733329501, 117.41603445243166, 117.41603445243166, 117.41603445243166, 117.41603445243166, 117.41603445243166, 120.37551036296747, 120.37551036296747, 120.37551036296747, 120.37659425103196, 120.37659425103196, 120.37659425103196, 120.37659425103196, 120.37659425103196, 120.37659425103196, 120.37659425103196, 120.37659425103196, 120.38134306774441, 120.38134306774441, 120.46328816877032, 120.46328816877032, 120.46328816877032, 120.46328816877032, 120.46328816877032, 120.50390181237418, 120.50390181237418, 120.50390181237418, 120.54443368677995, 120.54443368677995, 120.54443368677995, 120.54443368677995, 120.54443368677995, 120.54443368677995, 120.54443368677995, 120.54443368677995, 120.54443368677995, 120.54443368677995, 120.54443368677995, 120.54443368677995, 120.54443368677995, 120.54443368677995, 120.54443368677995, 120.54443368677995, 120.54443368677995, 120.54443368677995], [102.50757071397877, 114.35290435411825, 116.84272301900853, 116.84272301900853, 116.84272301900853, 117.84384780439456, 117.84384780439456, 117.84384780439456, 117.84384780439456, 117.84384780439456, 117.88548326615317, 117.88548326615317, 120.36859281979109, 120.36859281979109, 120.36859281979109, 120.48447527567114, 120.48447527567114, 120.48447527567114, 120.48447527567114, 120.48447527567114, 120.48447527567114, 120.48447527567114, 120.48447527567114, 120.48447527567114, 120.48447527567114, 120.48447527567114, 120.48447527567114, 120.48447527567114, 120.48447527567114, 120.48447527567114, 120.48447527567114, 120.48447527567114, 120.48447527567114, 120.48447527567114, 120.48447527567114, 120.48447527567114, 120.48447527567114, 120.48447527567114, 120.48447527567114, 120.48447527567114, 120.48447527567114, 120.48447527567114, 120.48447527567114, 120.48447527567114, 120.48447527567114, 120.48447527567114, 120.48447527567114, 120.48447527567114, 120.48447527567114, 120.48447527567114, 120.48447527567114], [102.50757071397877, 114.41766492565809, 116.9048938012215, 116.9048938012215, 117.588990821275, 117.588990821275, 117.588990821275, 117.588990821275, 117.588990821275, 117.588990821275, 117.588990821275, 117.588990821275, 117.61281745145345, 120.36804974797938, 120.43254915320318, 120.43254915320318, 120.43254915320318, 120.43254915320318, 120.43254915320318, 120.43254915320318, 120.43254915320318, 120.43254915320318, 120.43254915320318, 120.43254915320318, 120.43254915320318, 120.43254915320318, 120.43254915320318, 120.43254915320318, 120.46587571087446, 120.46587571087446, 120.46587571087446, 120.46587571087446, 120.46587571087446, 120.46587571087446, 120.46587571087446, 120.46587571087446, 120.46587571087446, 120.46587571087446, 120.51029127115926, 120.51029127115926, 120.51029127115926, 120.51029127115926, 120.51029127115926, 120.51029127115926, 120.51029127115926, 120.51029127115926, 120.51029127115926, 120.51029127115926, 120.51029127115926, 120.51029127115926, 120.51029127115926], [102.50757071397877, 114.53292712680143, 117.02237226393135, 117.02237226393135, 117.02237226393135, 117.30420222551342, 117.30420222551342, 120.36223000116856, 120.36223000116856, 120.36223000116856, 120.36223000116856, 120.36223000116856, 120.36223000116856, 120.36223000116856, 120.36223000116856, 120.36223000116856, 120.36223000116856, 120.41529430414475, 120.41529430414475, 120.41529430414475, 120.41529430414475, 120.41529430414475, 120.41529430414475, 120.41529430414475, 120.41529430414475, 120.41529430414475, 120.41529430414475, 120.41529430414475, 120.45870286034665, 120.45870286034665, 120.46275413057103, 120.46275413057103, 120.46275413057103, 120.46275413057103, 120.46275413057103, 120.5285818990964, 120.5285818990964, 120.5285818990964, 120.5285818990964, 120.5285818990964, 120.5285818990964, 120.5285818990964, 120.5285818990964, 120.5285818990964, 120.5285818990964, 120.5285818990964, 120.5285818990964, 120.5285818990964, 120.5285818990964, 120.5285818990964, 120.5285818990964], [102.50757071397877, 114.421807441961, 116.89783699135873, 116.89783699135873, 116.89783699135873, 117.31835671357375, 117.40440750517317, 117.40440750517317, 117.40440750517317, 117.40440750517317, 117.40440750517317, 117.40440750517317, 117.41693878850907, 117.41693878850907, 120.39217143209348, 120.39217143209348, 120.39217143209348, 120.39217143209348, 120.39217143209348, 120.39217143209348, 120.39217143209348, 120.39217143209348, 120.39217143209348, 120.39217143209348, 120.39217143209348, 120.39217143209348, 120.39217143209348, 120.4077079453544, 120.48209251316689, 120.48209251316689, 120.48209251316689, 120.48209251316689, 120.48209251316689, 120.48209251316689, 120.48209251316689, 120.48209251316689, 120.48209251316689, 120.48209251316689, 120.48209251316689, 120.48209251316689, 120.48209251316689, 120.48209251316689, 120.48209251316689, 120.48209251316689, 120.48209251316689, 120.48209251316689, 120.48209251316689, 120.48209251316689, 120.48209251316689, 120.4887053204894, 120.52954486619495]]
Running qLogEHVI
File numerical_results/ZDT1/ZDT1_best_values_qLogEHVI.npy does not exist.
File numerical_results/ZDT1/ZDT1_best_values_qLogEHVI.npy does not exist.
Run 1
ZDT1 qLogEHVI 1
Run 2
ZDT1 qLogEHVI 2
Run 3
ZDT1 qLogEHVI 3
Run 4
ZDT1 qLogEHVI 4
Run 5
ZDT1 qLogEHVI 5
Run 6
ZDT1 qLogEHVI 6
Run 7
ZDT1 qLogEHVI 7
Run 8
ZDT1 qLogEHVI 8
Run 9
ZDT1 qLogEHVI 9
Run 10
ZDT1 qLogEHVI 10
