Initial hypervolume: 88.4337
Running Bayesian Optimization for ZDT2 with 5 dimensions and 2 objectives
Running EHVI
File numerical_results/ZDT2/ZDT2_best_values_EHVI.npy does not exist.
File numerical_results/ZDT2/ZDT2_best_values_EHVI.npy does not exist.
Run 1
ZDT2 EHVI 1
Run 2
ZDT2 EHVI 2
Run 3
ZDT2 EHVI 3
Run 4
ZDT2 EHVI 4
Run 5
ZDT2 EHVI 5
Run 6
ZDT2 EHVI 6
Run 7
ZDT2 EHVI 7
Run 8
ZDT2 EHVI 8
Run 9
ZDT2 EHVI 9
Run 10
ZDT2 EHVI 10
[[88.43369384510495, 108.78194554777966, 119.76922674140513, 120.0, 120.0, 120.0, 120.0, 120.0, 120.0, 120.0, 120.0, 120.0, 120.0, 120.0, 120.0, 120.0, 120.0, 120.0, 120.0, 120.0, 120.0, 120.0, 120.0, 120.0, 120.0, 120.0, 120.0, 120.0, 120.0, 120.0, 120.0, 120.0, 120.0, 120.0, 120.0, 120.0, 120.0, 120.0, 120.0, 120.0, 120.0, 120.0, 120.0, 120.0, 120.0, 120.0, 120.0, 120.0, 120.0, 120.0, 120.0], [88.43369384510495, 108.78195305137756, 119.76922158092029, 120.0, 120.0, 120.0, 120.0, 120.0, 120.0, 120.0, 120.0, 120.0, 120.0, 120.0, 120.0, 120.0, 120.0, 120.0, 120.0, 120.0, 120.0, 120.0, 120.0, 120.0, 120.0, 120.0, 120.0, 120.0, 120.0, 120.0, 120.0, 120.0, 120.0, 120.0, 120.0, 120.0, 120.0, 120.0, 120.0, 120.0, 120.0, 120.0, 120.0, 120.0, 120.0, 120.0, 120.0, 120.0, 120.0, 120.0, 120.0], [88.43369384510495, 108.78196089675062, 119.76922205264155, 120.0, 120.0, 120.0, 120.0, 120.0, 120.0, 120.0, 120.0, 120.0, 120.0, 120.0, 120.0, 120.0, 120.0, 120.0, 120.0, 120.0, 120.0, 120.0, 120.0, 120.0, 120.0, 120.0, 120.0, 120.0, 120.0, 120.0, 120.0, 120.0, 120.0, 120.0, 120.0, 120.0, 120.0, 120.0, 120.0, 120.0, 120.0, 120.0, 120.0, 120.0, 120.0, 120.0, 120.0, 120.0, 120.0, 120.0, 120.0], [88.43369384510495, 108.78195532175667, 119.76921420586592, 120.0, 120.0, 120.0, 120.0, 120.0, 120.0, 120.0, 120.0, 120.0, 120.0, 120.0, 120.0, 120.0, 120.0, 120.0, 120.0, 120.0, 120.0, 120.0, 120.0, 120.0, 120.0, 120.0, 120.0, 120.0, 120.0, 120.0, 120.0, 120.0, 120.0, 120.0, 120.0, 120.0, 120.0, 120.0, 120.0, 120.0, 120.0, 120.0, 120.0, 120.0, 120.0, 120.0, 120.0, 120.0, 120.0, 120.0, 120.0], [88.43369384510495, 108.78193361467682, 119.76921902658141, 120.0, 120.0, 120.0, 120.0, 120.0, 120.0, 120.0, 120.0, 120.0, 120.0, 120.0, 120.0, 120.0, 120.0, 120.0, 120.0, 120.0, 120.0, 120.0, 120.0, 120.0, 120.0, 120.0, 120.0, 120.0, 120.0, 120.0, 120.0, 120.0, 120.0, 120.0, 120.0, 120.0, 120.0, 120.0, 120.0, 120.0, 120.0, 120.0, 120.0, 120.0, 120.0, 120.0, 120.0, 120.0, 120.0, 120.0, 120.0], [88.43369384510495, 108.78198092928909, 119.76923111970923, 120.0, 120.0, 120.0, 120.0, 120.0, 120.0, 120.0, 120.0, 120.0, 120.0, 120.0, 120.0, 120.0, 120.0, 120.0, 120.0, 120.0, 120.0, 120.0, 120.0, 120.0, 120.0, 120.0, 120.0, 120.0, 120.0, 120.0, 120.0, 120.0, 120.0, 120.0, 120.0, 120.0, 120.0, 120.0, 120.0, 120.0, 120.0, 120.0, 120.0, 120.0, 120.0, 120.0, 120.0, 120.0, 120.0, 120.0, 120.0], [88.43369384510495, 108.78194571813272, 119.76922186709578, 120.0, 120.0, 120.0, 120.0, 120.0, 120.0, 120.0, 120.0, 120.0, 120.0, 120.0, 120.0, 120.0, 120.0, 120.0, 120.0, 120.0, 120.0, 120.0, 120.0, 120.0, 120.0, 120.0, 120.0, 120.0, 120.0, 120.0, 120.0, 120.0, 120.0, 120.0, 120.0, 120.0, 120.0, 120.0, 120.0, 120.0, 120.0, 120.0, 120.0, 120.0, 120.0, 120.0, 120.0, 120.0, 120.0, 120.0, 120.0], [88.43369384510495, 108.78196665028501, 119.76922955521047, 120.0, 120.0, 120.0, 120.0, 120.0, 120.0, 120.0, 120.0, 120.0, 120.0, 120.0, 120.0, 120.0, 120.0, 120.0, 120.0, 120.0, 120.0, 120.0, 120.0, 120.0, 120.0, 120.0, 120.0, 120.0, 120.0, 120.0, 120.0, 120.0, 120.0, 120.0, 120.0, 120.0, 120.0, 120.0, 120.0, 120.0, 120.0, 120.0, 120.0, 120.0, 120.0, 120.0, 120.0, 120.0, 120.0, 120.0, 120.0], [88.43369384510495, 108.78195853397978, 119.76922888018913, 120.0, 120.0, 120.0, 120.0, 120.0, 120.0, 120.0, 120.0, 120.0, 120.0, 120.0, 120.0, 120.0, 120.0, 120.0, 120.0, 120.0, 120.0, 120.0, 120.0, 120.0, 120.0, 120.0, 120.0, 120.0, 120.0, 120.0, 120.0, 120.0, 120.0, 120.0, 120.0, 120.0, 120.0, 120.0, 120.0, 120.0, 120.0, 120.0, 120.0, 120.0, 120.0, 120.0, 120.0, 120.0, 120.0, 120.0, 120.0], [88.43369384510495, 108.78198091441828, 110.0, 120.0, 120.0, 120.0, 120.0, 120.0, 120.0, 120.0, 120.0, 120.0, 120.0, 120.0, 120.0, 120.0, 120.0, 120.0, 120.0, 120.0, 120.0, 120.0, 120.0, 120.0, 120.0, 120.0, 120.0, 120.0, 120.0, 120.0, 120.0, 120.0, 120.0, 120.0, 120.0, 120.0, 120.0, 120.0, 120.0, 120.0, 120.0, 120.0, 120.0, 120.0, 120.0, 120.0, 120.0, 120.0, 120.0, 120.0, 120.0]]
Running qEHVI
File numerical_results/ZDT2/ZDT2_best_values_qEHVI.npy does not exist.
File numerical_results/ZDT2/ZDT2_best_values_qEHVI.npy does not exist.
Run 1
ZDT2 qEHVI 1
Run 2
ZDT2 qEHVI 2
Run 3
ZDT2 qEHVI 3
Run 4
ZDT2 qEHVI 4
Run 5
ZDT2 qEHVI 5
Run 6
ZDT2 qEHVI 6
Run 7
ZDT2 qEHVI 7
Run 8
ZDT2 qEHVI 8
Run 9
ZDT2 qEHVI 9
Run 10
ZDT2 qEHVI 10
[[88.43369384510495, 108.94586598820626, 116.42218617157181, 116.54434637562983, 116.54434637562983, 116.54434637562983, 116.54434637562983, 116.54434637562983, 116.54434637562983, 116.54746367618253, 116.54746367618253, 116.54746367618253, 116.54746367618253, 116.54746367618253, 116.54746367618253, 116.54746367618253, 116.54746367618253, 116.54746367618253, 116.54746367618253, 116.54746367618253, 116.54746367618253, 116.54746367618253, 116.68797652902647, 116.6954281225071, 116.6954281225071, 116.6954281225071, 116.6954281225071, 116.6954281225071, 116.6954281225071, 116.6954281225071, 116.696820523709, 116.696820523709, 116.696820523709, 116.696820523709, 120.05045098888542, 120.05045098888542, 120.05045098888542, 120.05045098888542, 120.05045098888542, 120.05045098888542, 120.05045098888542, 120.05537459410976, 120.05537459410976, 120.05537459410976, 120.05537459410976, 120.05537459410976, 120.05537459410976, 120.05537459410976, 120.05537459410976, 120.05537459410976, 120.05537459410976], [88.43369384510495, 108.66361405301463, 113.16409174730292, 113.16409174730292, 113.32931900355183, 113.32931900355183, 113.32931900355183, 113.32931900355183, 113.32931900355183, 113.33826509500221, 113.33826509500221, 113.33826509500221, 113.34778732953622, 119.88050550479173, 119.88050550479173, 119.88050550479173, 119.88050550479173, 119.8805432766406, 119.88561293569266, 119.88561293569266, 120.01800425138521, 120.01800425138521, 120.01800425138521, 120.01800425138521, 120.01800425138521, 120.01800425138521, 120.01800425138521, 120.01800425138521, 120.01800425138521, 120.01800425138521, 120.01800425138521, 120.01800425138521, 120.01800425138521, 120.01800425138521, 120.01800425138521, 120.01800425138521, 120.01800425138521, 120.01800425138521, 120.01800425138521, 120.01800425138521, 120.01800425138521, 120.01800425138521, 120.01800425138521, 120.01800425138521, 120.01800425138521, 120.01800425138521, 120.01800425138521, 120.01800425138521, 120.01800425138521, 120.01800425138521, 120.01800425138521], [88.43369384510495, 108.73474631914264, 115.37486240788583, 115.55416626612349, 115.55416626612349, 115.55416626612349, 115.55416626612349, 115.55416626612349, 115.55416626612349, 115.55416626612349, 115.56087175681779, 115.56087175681779, 115.56087175681779, 115.56087175681779, 115.56087175681779, 115.56087175681779, 115.56087175681779, 119.87991084831647, 120.0, 120.0, 120.0, 120.0, 120.0, 120.0, 120.0, 120.0, 120.0, 120.0, 120.0, 120.0, 120.0, 120.0, 120.0, 120.0, 120.0, 120.0, 120.0, 120.11299957884174, 120.11299957884174, 120.11299957884174, 120.11299957884174, 120.11299957884174, 120.11299957884174, 120.11299957884174, 120.11299957884174, 120.11299957884174, 120.11299957884174, 120.11299957884174, 120.11299957884174, 120.11299957884174, 120.11299957884174], [88.43369384510495, 108.7412990871126, 115.62104286939908, 115.62104286939908, 115.81123523341091, 115.81123523341091, 119.87411679208314, 119.87411679208314, 119.87411679208314, 119.87411679208314, 119.87411679208314, 119.89041818718044, 119.89041818718044, 119.89041818718044, 119.89041818718044, 119.89041818718044, 119.89041818718044, 119.89041818718044, 119.89041818718044, 119.89041818718044, 120.02055943578078, 120.02055943578078, 120.02055943578078, 120.02055943578078, 120.02055943578078, 120.02055943578078, 120.02055943578078, 120.02055943578078, 120.02444661919492, 120.02444661919492, 120.02444661919492, 120.02444661919492, 120.02444661919492, 120.06461939213995, 120.06461939213995, 120.06461939213995, 120.06461939213995, 120.06461939213995, 120.06461939213995, 120.06461939213995, 120.06461939213995, 120.06461939213995, 120.06461939213995, 120.06461939213995, 120.06461939213995, 120.06461939213995, 120.06461939213995, 120.06461939213995, 120.06461939213995, 120.06461939213995, 120.06461939213995], [88.43369384510495, 108.76625227344951, 113.98207671105807, 114.15847752831854, 114.15847752831854, 114.15847752831854, 119.8753886727352, 119.8753886727352, 119.87576599547081, 119.87576599547081, 119.87576599547081, 119.89059693819408, 119.89059693819408, 119.89059693819408, 119.89059693819408, 119.89059693819408, 119.89059693819408, 119.89153223314166, 119.89153223314166, 119.89153223314166, 119.89887092357239, 119.89887092357239, 119.89887092357239, 119.89887092357239, 119.89887092357239, 119.89887092357239, 119.89887092357239, 119.89887092357239, 119.89887092357239, 119.89887092357239, 120.0, 120.0, 120.0, 120.0, 120.0, 120.0, 120.02008693817048, 120.02008693817048, 120.02008693817048, 120.02008693817048, 120.02008693817048, 120.02008693817048, 120.02008693817048, 120.02008693817048, 120.02008693817048, 120.02008693817048, 120.02008693817048, 120.02008693817048, 120.02008693817048, 120.02008693817048, 120.02008693817048], [88.43369384510495, 108.72788279847005, 114.08489992516411, 114.23397792592567, 119.871610893364, 119.87380984484757, 119.87380984484757, 119.87380984484757, 119.87380984484757, 119.87380984484757, 119.87380984484757, 119.87380984484757, 119.87380984484757, 119.87380984484757, 119.87786554581616, 120.02257995744802, 120.02257995744802, 120.02257995744802, 120.02257995744802, 120.02257995744802, 120.03609290064526, 120.03609290064526, 120.03609290064526, 120.03609290064526, 120.03609290064526, 120.03609290064526, 120.03609290064526, 120.03609290064526, 120.03609290064526, 120.08024882211852, 120.08024882211852, 120.08024882211852, 120.08024882211852, 120.08024882211852, 120.08024882211852, 120.08024882211852, 120.08024882211852, 120.08024882211852, 120.08024882211852, 120.08024882211852, 120.08024882211852, 120.08024882211852, 120.08024882211852, 120.08024882211852, 120.08024882211852, 120.08024882211852, 120.08024882211852, 120.08024882211852, 120.08024882211852, 120.08024882211852, 120.08024882211852], [88.43369384510495, 108.86343757124287, 115.65468539228311, 115.65468539228311, 115.84516772306462, 115.84516772306462, 115.84516772306462, 115.84516772306462, 119.887528327846, 119.887528327846, 119.887528327846, 119.90075740074452, 119.90075740074452, 119.90075740074452, 119.90075740074452, 119.90075740074452, 119.90075740074452, 119.90075740074452, 119.90075740074452, 119.90075740074452, 119.90075740074452, 119.90075740074452, 119.90075740074452, 119.90075740074452, 119.9129725865429, 119.9129725865429, 119.9129725865429, 119.9129725865429, 119.9129725865429, 119.9129725865429, 119.9129725865429, 119.9129725865429, 119.9129725865429, 119.9129725865429, 119.9129725865429, 119.9129725865429, 119.9129725865429, 119.9129725865429, 119.9129725865429, 119.9129725865429, 120.0, 120.0, 120.10734890950876, 120.10734890950876, 120.10734890950876, 120.10734890950876, 120.10734890950876, 120.10734890950876, 120.10734890950876, 120.10734890950876, 120.10734890950876], [88.43369384510495, 108.78684780762781, 114.70531271128758, 114.87386115418329, 114.87386115418329, 114.87386115418329, 114.87386115418329, 119.88058014069279, 119.88058014069279, 119.88058014069279, 119.88058014069279, 119.88058014069279, 119.88058014069279, 119.88058014069279, 119.88058014069279, 119.89175245844038, 119.89175245844038, 119.89175245844038, 119.89175245844038, 119.89175245844038, 119.89299930114599, 119.89299930114599, 119.89299930114599, 119.89299930114599, 119.89299930114599, 120.0, 120.12787745114237, 120.12787745114237, 120.12787745114237, 120.12787745114237, 120.12787745114237, 120.12787745114237, 120.12787745114237, 120.12787745114237, 120.12787745114237, 120.12787745114237, 120.12787745114237, 120.12787745114237, 120.12787745114237, 120.12787745114237, 120.12787745114237, 120.12787745114237, 120.12787745114237, 120.12787745114237, 120.12787745114237, 120.12787745114237, 120.12787745114237, 120.12787745114237, 120.12787745114237, 120.12787745114237, 120.12787745114237], [88.43369384510495, 108.6489423420198, 113.27721366406138, 113.27721366406138, 113.49329710420284, 113.49329710420284, 119.84772795613367, 119.8693722708335, 119.8693722708335, 119.8693722708335, 119.8693722708335, 119.8693722708335, 119.8693722708335, 119.8693722708335, 119.8693722708335, 119.8693722708335, 119.8693722708335, 120.0, 120.0, 120.0, 120.0, 120.0, 120.0, 120.0, 120.0, 120.0, 120.0, 120.0, 120.0, 120.0, 120.0, 120.0, 120.0, 120.0, 120.0, 120.0, 120.0, 120.08428004834622, 120.08428004834622, 120.08428004834622, 120.08428004834622, 120.08428004834622, 120.08428004834622, 120.08428004834622, 120.08428004834622, 120.08428004834622, 120.08428004834622, 120.08428004834622, 120.08428004834622, 120.08428004834622, 120.08428004834622], [88.43369384510495, 108.74241678759941, 115.3766401313532, 115.56030045132623, 115.56030045132623, 115.56030045132623, 115.56030045132623, 115.56030045132623, 119.87248261474775, 119.87248261474775, 119.87248261474775, 119.88081813279132, 119.88081813279132, 119.88081813279132, 119.88081813279132, 119.88081813279132, 120.01151953507973, 120.01960269083362, 120.01960269083362, 120.02085711932463, 120.02085711932463, 120.02085711932463, 120.02085711932463, 120.02085711932463, 120.02085711932463, 120.02085711932463, 120.02085711932463, 120.02085711932463, 120.02085711932463, 120.02085711932463, 120.02085711932463, 120.02085711932463, 120.02085711932463, 120.02085711932463, 120.02085711932463, 120.02085711932463, 120.02085711932463, 120.02085711932463, 120.02085711932463, 120.02085711932463, 120.02085711932463, 120.02085711932463, 120.02085711932463, 120.02085711932463, 120.02085711932463, 120.02085711932463, 120.02085711932463, 120.06503585920886, 120.06503585920886, 120.06503585920886, 120.06503585920886]]
Running qLogEHVI
File numerical_results/ZDT2/ZDT2_best_values_qLogEHVI.npy does not exist.
File numerical_results/ZDT2/ZDT2_best_values_qLogEHVI.npy does not exist.
Run 1
ZDT2 qLogEHVI 1
Run 2
ZDT2 qLogEHVI 2
Run 3
ZDT2 qLogEHVI 3
Run 4
ZDT2 qLogEHVI 4
Run 5
ZDT2 qLogEHVI 5
Run 6
ZDT2 qLogEHVI 6
Run 7
ZDT2 qLogEHVI 7
Run 8
ZDT2 qLogEHVI 8
Run 9
ZDT2 qLogEHVI 9
Run 10
ZDT2 qLogEHVI 10
[[88.43369384510495, 108.54680880930722, 116.60252713769435, 116.81294681232491, 116.81294681232491, 116.81294681232491, 116.83329144192759, 116.83329144192759, 116.83329144192759, 116.83329144192759, 116.83329144192759, 116.83329144192759, 116.83329144192759, 116.83329144192759, 116.83329144192759, 119.87180080091682, 119.87180080091682, 120.0, 120.0, 120.0, 120.0, 120.0, 120.11552683984874, 120.11552683984874, 120.11552683984874, 120.11552683984874, 120.11552683984874, 120.11552683984874, 120.11552683984874, 120.11552683984874, 120.11552683984874, 120.11552683984874, 120.11552683984874, 120.11552683984874, 120.11552683984874, 120.11552683984874, 120.11552683984874, 120.11552683984874, 120.11552683984874, 120.11552683984874, 120.11552683984874, 120.11552683984874, 120.11552683984874, 120.11552683984874, 120.11552683984874, 120.11552683984874, 120.11552683984874, 120.11552683984874, 120.11552683984874, 120.11552683984874, 120.11552683984874], [88.43369384510495, 108.63012002893417, 114.51698106975974, 114.51698106975974, 114.70611649528237, 114.74285570131127, 114.75465478346027, 119.86132793807695, 119.86132793807695, 119.87697825515654, 119.87697825515654, 119.87697825515654, 119.87697825515654, 119.87697825515654, 119.87697825515654, 119.87697825515654, 119.87697825515654, 120.0, 120.0, 120.0, 120.0, 120.0, 120.0, 120.0, 120.0, 120.0, 120.0, 120.0, 120.0, 120.0, 120.0, 120.0, 120.0, 120.0, 120.0, 120.0, 120.0, 120.0, 120.0, 120.0, 120.0, 120.0962074115748, 120.0962074115748, 120.0962074115748, 120.0962074115748, 120.0962074115748, 120.0962074115748, 120.0962074115748, 120.0962074115748, 120.0962074115748, 120.0962074115748], [88.43369384510495, 108.8496361365307, 114.05291692315944, 114.20248872561916, 114.20248872561916, 114.20248872561916, 114.20248872561916, 114.20248872561916, 114.20248872561916, 114.20248872561916, 114.2131825229254, 119.89501643611094, 119.89501643611094, 119.89501643611094, 119.89501643611094, 119.89501643611094, 119.8965613880275, 120.0, 120.0, 120.0, 120.0, 120.0, 120.0, 120.0, 120.0, 120.0, 120.0, 120.0, 120.0, 120.0, 120.0, 120.0, 120.0, 120.0, 120.0, 120.0, 120.0, 120.0, 120.0, 120.0, 120.0, 120.0, 120.0, 120.0, 120.0, 120.0, 120.0, 120.0, 120.0, 120.0, 120.0], [88.43369384510495, 108.6804818428909, 116.86480894808318, 117.1128491702002, 117.1128491702002, 117.12724979399282, 117.12724979399282, 117.12724979399282, 117.12724979399282, 117.12724979399282, 117.12724979399282, 117.12724979399282, 117.25050933200741, 120.0, 120.0, 120.0, 120.0, 120.0, 120.0, 120.0, 120.0, 120.0, 120.0, 120.0, 120.0, 120.0, 120.0, 120.0, 120.0, 120.10379943188012, 120.10379943188012, 120.10379943188012, 120.10379943188012, 120.10379943188012, 120.10379943188012, 120.10379943188012, 120.10379943188012, 120.10379943188012, 120.10379943188012, 120.10379943188012, 120.10379943188012, 120.10379943188012, 120.10379943188012, 120.10379943188012, 120.10379943188012, 120.10379943188012, 120.10379943188012, 120.10379943188012, 120.10379943188012, 120.10379943188012, 120.10379943188012], [88.43369384510495, 108.63776021702203, 114.53193184886527, 114.75536250725187, 114.75536250725187, 119.85548005958762, 119.85548005958762, 119.85548005958762, 119.85548005958762, 119.85548005958762, 119.85548005958762, 119.85548005958762, 120.0, 120.0, 120.0, 120.0, 120.0, 120.0, 120.0, 120.0, 120.0, 120.0, 120.0, 120.0, 120.0, 120.0, 120.00999914615325, 120.00999914615325, 120.00999914615325, 120.00999914615325, 120.00999914615325, 120.00999914615325, 120.00999914615325, 120.00999914615325, 120.00999914615325, 120.00999914615325, 120.00999914615325, 120.00999914615325, 120.00999914615325, 120.00999914615325, 120.00999914615325, 120.00999914615325, 120.00999914615325, 120.00999914615325, 120.00999914615325, 120.00999914615325, 120.00999914615325, 120.14352618802386, 120.14352618802386, 120.14352618802386, 120.14352618802386], [88.43369384510495, 108.57268024415721, 113.39229493650956, 113.39229493650956, 113.59491092533925, 119.85037397066333, 119.86378337112887, 119.86378337112887, 119.86378337112887, 119.86378337112887, 119.86378337112887, 119.86378337112887, 119.87559036789698, 119.87559036789698, 119.87559036789698, 119.87559036789698, 119.87559036789698, 119.87559036789698, 119.87559036789698, 120.0, 120.0, 120.0, 120.0, 120.0, 120.0, 120.0, 120.0, 120.0, 120.0, 120.0, 120.0, 120.0, 120.0, 120.0, 120.0, 120.0, 120.0, 120.0, 120.0, 120.12840694634215, 120.12840694634215, 120.12840694634215, 120.12840694634215, 120.12840694634215, 120.12840694634215, 120.12840694634215, 120.12840694634215, 120.12840694634215, 120.12840694634215, 120.12840694634215, 120.12840694634215], [88.43369384510495, 108.86109514039661, 115.83166354693043, 116.00304432505104, 119.8911344930831, 119.89366579896996, 119.89366579896996, 119.89366579896996, 119.89366579896996, 119.89366579896996, 119.89366579896996, 119.89366579896996, 119.89366579896996, 119.89366579896996, 120.0, 120.0, 120.0, 120.0, 120.0, 120.0, 120.0, 120.0, 120.0, 120.0, 120.0, 120.0, 120.0, 120.0, 120.0, 120.0, 120.0, 120.0, 120.0, 120.0, 120.0, 120.0, 120.0, 120.0, 120.0, 120.0, 120.0, 120.0, 120.02905065936042, 120.02905065936042, 120.02905065936042, 120.02905065936042, 120.02905065936042, 120.06605654123007, 120.06605654123007, 120.06605654123007, 120.06605654123007], [88.43369384510495, 108.6939999821904, 115.09613784105164, 115.28714648240741, 119.86986765474802, 119.86986765474802, 119.86986765474802, 119.86986765474802, 119.86986765474802, 119.86986765474802, 119.86986765474802, 119.86986765474802, 119.86986765474802, 119.86986765474802, 119.86986765474802, 119.86986765474802, 119.86986765474802, 119.86986765474802, 120.0, 120.0, 120.0, 120.0, 120.0, 120.0, 120.0, 120.0, 120.0, 120.0, 120.0, 120.11483230867388, 120.11483230867388, 120.11483230867388, 120.11483230867388, 120.11483230867388, 120.11483230867388, 120.11483230867388, 120.11483230867388, 120.11483230867388, 120.11483230867388, 120.11483230867388, 120.11483230867388, 120.11483230867388, 120.12657286894296, 120.12657286894296, 120.12657286894296, 120.12657286894296, 120.12657286894296, 120.12657286894296, 120.12657286894296, 120.12657286894296, 120.12657286894296], [88.43369384510495, 108.61833534044322, 113.24741601649586, 113.24741601649586, 113.40488207434291, 113.40488207434291, 113.42699579509464, 113.42699579509464, 119.86158922912196, 119.86158922912196, 119.86158922912196, 119.86158922912196, 120.0, 120.0, 120.0, 120.0, 120.0, 120.0, 120.0, 120.0, 120.0, 120.0, 120.0, 120.0, 120.0, 120.110601207735, 120.110601207735, 120.110601207735, 120.110601207735, 120.110601207735, 120.110601207735, 120.110601207735, 120.110601207735, 120.110601207735, 120.110601207735, 120.110601207735, 120.110601207735, 120.110601207735, 120.110601207735, 120.110601207735, 120.110601207735, 120.110601207735, 120.110601207735, 120.110601207735, 120.110601207735, 120.110601207735, 120.110601207735, 120.110601207735, 120.110601207735, 120.110601207735, 120.110601207735], [88.43369384510495, 108.70159869500351, 115.93625390349344, 116.11759917947506, 116.11759917947506, 116.11759917947506, 116.11759917947506, 116.11759917947506, 119.86981242298768, 119.86981242298768, 119.88705057041099, 119.88705057041099, 119.88705057041099, 119.88705057041099, 119.88705057041099, 119.89102186620804, 119.89102186620804, 119.89102186620804, 120.0, 120.0, 120.0, 120.0, 120.0, 120.0, 120.0, 120.0, 120.0, 120.0, 120.0, 120.0, 120.1251982512342, 120.1251982512342, 120.1251982512342, 120.1251982512342, 120.1251982512342, 120.1251982512342, 120.1251982512342, 120.1251982512342, 120.1251982512342, 120.1251982512342, 120.1251982512342, 120.1251982512342, 120.1251982512342, 120.1251982512342, 120.1251982512342, 120.1251982512342, 120.1251982512342, 120.1251982512342, 120.1251982512342, 120.1251982512342, 120.1251982512342]]
Running EHVI-Custom with beta=1
File numerical_results/ZDT2/ZDT2_best_values_ehvi_custom_beta=1.npy does not exist.
File numerical_results/ZDT2/ZDT2_best_values_ehvi_custom_beta=1.npy does not exist.
Run 1
ZDT2 EHVI-Custom 1
